RUN	ngage.keycloak.SetInfrastructure_101To200		setinfrastructure-101to200	1510081236479	 	2.0
USER	set_infrastructure_15	1	START	1510081237080	1510081237080
USER	set_infrastructure_11	2	START	1510081237120	1510081237120
USER	set_infrastructure_19	3	START	1510081237122	1510081237122
USER	set_infrastructure_16	4	START	1510081237123	1510081237123
USER	set_infrastructure_10	5	START	1510081237126	1510081237126
USER	set_infrastructure_13	6	START	1510081237128	1510081237128
USER	set_infrastructure_12	7	START	1510081237130	1510081237130
USER	set_infrastructure_17	8	START	1510081237131	1510081237131
USER	set_infrastructure_18	9	START	1510081237133	1510081237133
USER	set_infrastructure_14	10	START	1510081237134	1510081237134
REQUEST	set_infrastructure_15	1		get_admin_token	1510081237111	1510081237770	OK	 
REQUEST	set_infrastructure_16	4		get_admin_token	1510081237124	1510081237772	OK	 
REQUEST	set_infrastructure_17	8		get_admin_token	1510081237132	1510081237775	OK	 
REQUEST	set_infrastructure_12	7		get_admin_token	1510081237130	1510081237770	OK	 
REQUEST	set_infrastructure_14	10		get_admin_token	1510081237134	1510081237770	OK	 
REQUEST	set_infrastructure_11	2		get_admin_token	1510081237120	1510081237770	OK	 
REQUEST	set_infrastructure_13	6		get_admin_token	1510081237129	1510081237771	OK	 
REQUEST	set_infrastructure_19	3		get_admin_token	1510081237123	1510081237772	OK	 
REQUEST	set_infrastructure_18	9		get_admin_token	1510081237133	1510081237771	OK	 
REQUEST	set_infrastructure_10	5		get_admin_token	1510081237127	1510081237770	OK	 
REQUEST	set_infrastructure_16	4		create_realm_try_test_realm_161	1510081237888	1510081246834	KO	status.find.in(200,304,201,202,203,204,205,206,207,208,209), but actually found 409
REQUEST	set_infrastructure_17	8		create_realm_try_test_realm_171	1510081237888	1510081246826	KO	status.find.in(200,304,201,202,203,204,205,206,207,208,209), but actually found 409
REQUEST	set_infrastructure_10	5		create_realm_try_test_realm_101	1510081237888	1510081246826	KO	status.find.in(200,304,201,202,203,204,205,206,207,208,209), but actually found 409
REQUEST	set_infrastructure_13	6		create_realm_try_test_realm_131	1510081237888	1510081246840	KO	status.find.in(200,304,201,202,203,204,205,206,207,208,209), but actually found 409
REQUEST	set_infrastructure_12	7		create_realm_try_test_realm_121	1510081237888	1510081246825	KO	status.find.in(200,304,201,202,203,204,205,206,207,208,209), but actually found 409
REQUEST	set_infrastructure_14	10		create_realm_try_test_realm_141	1510081237888	1510081246837	KO	status.find.in(200,304,201,202,203,204,205,206,207,208,209), but actually found 409
REQUEST	set_infrastructure_11	2		create_realm_try_test_realm_111	1510081237888	1510081246830	KO	status.find.in(200,304,201,202,203,204,205,206,207,208,209), but actually found 409
REQUEST	set_infrastructure_15	1		create_realm_try_test_realm_151	1510081237888	1510081246837	KO	status.find.in(200,304,201,202,203,204,205,206,207,208,209), but actually found 409
REQUEST	set_infrastructure_18	9		create_realm_try_test_realm_181	1510081237892	1510081246843	KO	status.find.in(200,304,201,202,203,204,205,206,207,208,209), but actually found 409
REQUEST	set_infrastructure_19	3		create_realm_try_test_realm_191	1510081237888	1510081246860	KO	status.find.in(200,304,201,202,203,204,205,206,207,208,209), but actually found 409
REQUEST	set_infrastructure_14	10		client_try_test_realm_141_test_client_create	1510081246843	1510081252939	OK	 
REQUEST	set_infrastructure_19	3		client_try_test_realm_191_test_client_create	1510081246863	1510081252934	OK	 
REQUEST	set_infrastructure_12	7		client_try_test_realm_121_test_client_create	1510081246842	1510081252935	OK	 
REQUEST	set_infrastructure_18	9		client_try_test_realm_181_test_client_create	1510081246846	1510081252934	OK	 
REQUEST	set_infrastructure_15	1		client_try_test_realm_151_test_client_create	1510081246842	1510081252934	OK	 
REQUEST	set_infrastructure_10	5		client_try_test_realm_101_test_client_create	1510081246842	1510081252940	OK	 
REQUEST	set_infrastructure_17	8		client_try_test_realm_171_test_client_create	1510081246842	1510081252942	OK	 
REQUEST	set_infrastructure_11	2		client_try_test_realm_111_test_client_create	1510081246842	1510081252960	OK	 
REQUEST	set_infrastructure_16	4		client_try_test_realm_161_test_client_create	1510081246841	1510081252970	OK	 
REQUEST	set_infrastructure_13	6		client_try_test_realm_131_test_client_create	1510081246842	1510081252971	OK	 
REQUEST	set_infrastructure_14	10		client_try_test_realm_141_test_client_set	1510081252943	1510081258383	OK	 
REQUEST	set_infrastructure_11	2		client_try_test_realm_111_test_client_set	1510081252962	1510081258388	OK	 
REQUEST	set_infrastructure_17	8		client_try_test_realm_171_test_client_set	1510081252943	1510081258407	OK	 
REQUEST	set_infrastructure_10	5		client_try_test_realm_101_test_client_set	1510081252942	1510081258449	OK	 
REQUEST	set_infrastructure_16	4		client_try_test_realm_161_test_client_set	1510081252972	1510081258535	OK	 
REQUEST	set_infrastructure_13	6		client_try_test_realm_131_test_client_set	1510081252972	1510081258598	OK	 
REQUEST	set_infrastructure_18	9		client_try_test_realm_181_test_client_set	1510081252943	1510081258633	OK	 
REQUEST	set_infrastructure_15	1		client_try_test_realm_151_test_client_set	1510081252942	1510081258979	OK	 
REQUEST	set_infrastructure_18	9		user_try_test_realm_181_test_user_create	1510081258636	1510081264003	OK	 
REQUEST	set_infrastructure_13	6		user_try_test_realm_131_test_user_create	1510081258601	1510081264009	OK	 
REQUEST	set_infrastructure_17	8		user_try_test_realm_171_test_user_create	1510081258421	1510081264009	OK	 
REQUEST	set_infrastructure_19	3		client_try_test_realm_191_test_client_set	1510081252943	1510081264126	OK	 
REQUEST	set_infrastructure_11	2		user_try_test_realm_111_test_user_create	1510081258422	1510081264137	OK	 
REQUEST	set_infrastructure_14	10		user_try_test_realm_141_test_user_create	1510081258422	1510081264172	OK	 
REQUEST	set_infrastructure_10	5		user_try_test_realm_101_test_user_create	1510081258452	1510081264175	OK	 
REQUEST	set_infrastructure_15	1		user_try_test_realm_151_test_user_create	1510081258982	1510081264177	OK	 
REQUEST	set_infrastructure_16	4		user_try_test_realm_161_test_user_create	1510081258537	1510081264657	OK	 
REQUEST	set_infrastructure_19	3		user_try_test_realm_191_test_user_create	1510081264129	1510081266579	OK	 
REQUEST	set_infrastructure_17	8		user_try_test_realm_171_test_user_set	1510081264010	1510081268537	OK	 
REQUEST	set_infrastructure_11	2		user_try_test_realm_111_test_user_set	1510081264138	1510081268537	OK	 
REQUEST	set_infrastructure_15	1		user_try_test_realm_151_test_user_set	1510081264178	1510081268567	OK	 
REQUEST	set_infrastructure_14	10		user_try_test_realm_141_test_user_set	1510081264173	1510081268609	OK	 
REQUEST	set_infrastructure_12	7		client_try_test_realm_121_test_client_set	1510081252943	1510081268813	OK	 
REQUEST	set_infrastructure_19	3		user_try_test_realm_191_test_user_set	1510081266580	1510081269293	OK	 
REQUEST	set_infrastructure_16	4		user_try_test_realm_161_test_user_set	1510081264658	1510081269391	OK	 
REQUEST	set_infrastructure_15	1		update_password_try_test_realm_151_test_user	1510081268568	1510081274665	OK	 
REQUEST	set_infrastructure_17	8		update_password_try_test_realm_171_test_user	1510081268544	1510081274668	OK	 
REQUEST	set_infrastructure_14	10		update_password_try_test_realm_141_test_user	1510081268611	1510081274689	OK	 
REQUEST	set_infrastructure_11	2		update_password_try_test_realm_111_test_user	1510081268544	1510081274764	OK	 
REQUEST	set_infrastructure_19	3		update_password_try_test_realm_191_test_user	1510081269294	1510081274977	OK	 
REQUEST	set_infrastructure_12	7		user_try_test_realm_121_test_user_create	1510081268815	1510081275280	OK	 
REQUEST	set_infrastructure_16	4		update_password_try_test_realm_161_test_user	1510081269392	1510081275298	OK	 
REQUEST	set_infrastructure_16	4		create_realm_try_test_realm_162	1510081275299	1510081276001	KO	status.find.in(200,304,201,202,203,204,205,206,207,208,209), but actually found 409
REQUEST	set_infrastructure_17	8		create_realm_try_test_realm_172	1510081274669	1510081276005	KO	status.find.in(200,304,201,202,203,204,205,206,207,208,209), but actually found 409
REQUEST	set_infrastructure_19	3		create_realm_try_test_realm_192	1510081274978	1510081276007	KO	status.find.in(200,304,201,202,203,204,205,206,207,208,209), but actually found 409
REQUEST	set_infrastructure_15	1		create_realm_try_test_realm_152	1510081274666	1510081276016	KO	status.find.in(200,304,201,202,203,204,205,206,207,208,209), but actually found 409
REQUEST	set_infrastructure_11	2		create_realm_try_test_realm_112	1510081274765	1510081276020	KO	status.find.in(200,304,201,202,203,204,205,206,207,208,209), but actually found 409
REQUEST	set_infrastructure_14	10		create_realm_try_test_realm_142	1510081274690	1510081276021	KO	status.find.in(200,304,201,202,203,204,205,206,207,208,209), but actually found 409
REQUEST	set_infrastructure_10	5		user_try_test_realm_101_test_user_set	1510081264177	1510081276709	OK	 
REQUEST	set_infrastructure_18	9		user_try_test_realm_181_test_user_set	1510081264005	1510081276717	OK	 
REQUEST	set_infrastructure_17	8		client_try_test_realm_172_test_client_create	1510081276007	1510081278702	OK	 
REQUEST	set_infrastructure_14	10		client_try_test_realm_142_test_client_create	1510081276023	1510081278724	OK	 
REQUEST	set_infrastructure_15	1		client_try_test_realm_152_test_client_create	1510081276017	1510081278728	OK	 
REQUEST	set_infrastructure_11	2		client_try_test_realm_112_test_client_create	1510081276022	1510081278733	OK	 
REQUEST	set_infrastructure_16	4		client_try_test_realm_162_test_client_create	1510081276006	1510081278784	OK	 
REQUEST	set_infrastructure_19	3		client_try_test_realm_192_test_client_create	1510081276009	1510081278810	OK	 
REQUEST	set_infrastructure_10	5		update_password_try_test_realm_101_test_user	1510081276711	1510081278932	OK	 
REQUEST	set_infrastructure_18	9		update_password_try_test_realm_181_test_user	1510081276719	1510081278937	OK	 
REQUEST	set_infrastructure_12	7		user_try_test_realm_121_test_user_set	1510081275281	1510081279359	OK	 
REQUEST	set_infrastructure_16	4		client_try_test_realm_162_test_client_set	1510081278786	1510081279442	OK	 
REQUEST	set_infrastructure_15	1		client_try_test_realm_152_test_client_set	1510081278729	1510081279442	OK	 
REQUEST	set_infrastructure_14	10		client_try_test_realm_142_test_client_set	1510081278726	1510081279448	OK	 
REQUEST	set_infrastructure_17	8		client_try_test_realm_172_test_client_set	1510081278704	1510081279448	OK	 
REQUEST	set_infrastructure_11	2		client_try_test_realm_112_test_client_set	1510081278734	1510081279463	OK	 
REQUEST	set_infrastructure_19	3		client_try_test_realm_192_test_client_set	1510081278812	1510081279493	OK	 
REQUEST	set_infrastructure_10	5		create_realm_try_test_realm_102	1510081278933	1510081279658	KO	status.find.in(200,304,201,202,203,204,205,206,207,208,209), but actually found 409
REQUEST	set_infrastructure_18	9		create_realm_try_test_realm_182	1510081278938	1510081279704	KO	status.find.in(200,304,201,202,203,204,205,206,207,208,209), but actually found 409
REQUEST	set_infrastructure_13	6		user_try_test_realm_131_test_user_set	1510081264011	1510081279710	OK	 
REQUEST	set_infrastructure_10	5		client_try_test_realm_102_test_client_create	1510081279659	1510081286549	OK	 
REQUEST	set_infrastructure_18	9		client_try_test_realm_182_test_client_create	1510081279706	1510081286549	OK	 
REQUEST	set_infrastructure_13	6		update_password_try_test_realm_131_test_user	1510081279712	1510081286755	OK	 
REQUEST	set_infrastructure_12	7		update_password_try_test_realm_121_test_user	1510081279361	1510081286771	OK	 
REQUEST	set_infrastructure_14	10		user_try_test_realm_142_test_user_create	1510081279450	1510081287215	OK	 
REQUEST	set_infrastructure_15	1		user_try_test_realm_152_test_user_create	1510081279444	1510081287219	OK	 
REQUEST	set_infrastructure_11	2		user_try_test_realm_112_test_user_create	1510081279465	1510081287223	OK	 
REQUEST	set_infrastructure_17	8		user_try_test_realm_172_test_user_create	1510081279450	1510081287340	OK	 
REQUEST	set_infrastructure_16	4		user_try_test_realm_162_test_user_create	1510081279444	1510081287785	OK	 
REQUEST	set_infrastructure_19	3		user_try_test_realm_192_test_user_create	1510081279495	1510081288074	OK	 
REQUEST	set_infrastructure_13	6		create_realm_try_test_realm_132	1510081286756	1510081294084	KO	status.find.in(200,304,201,202,203,204,205,206,207,208,209), but actually found 409
REQUEST	set_infrastructure_12	7		create_realm_try_test_realm_122	1510081286772	1510081294161	KO	status.find.in(200,304,201,202,203,204,205,206,207,208,209), but actually found 409
REQUEST	set_infrastructure_10	5		client_try_test_realm_102_test_client_set	1510081286550	1510081294896	OK	 
REQUEST	set_infrastructure_15	1		user_try_test_realm_152_test_user_set	1510081287220	1510081294948	OK	 
REQUEST	set_infrastructure_19	3		user_try_test_realm_192_test_user_set	1510081288075	1510081295109	OK	 
REQUEST	set_infrastructure_12	7		client_try_test_realm_122_test_client_create	1510081294162	1510081296874	OK	 
REQUEST	set_infrastructure_13	6		client_try_test_realm_132_test_client_create	1510081294085	1510081296874	OK	 
REQUEST	set_infrastructure_10	5		user_try_test_realm_102_test_user_create	1510081294897	1510081297015	OK	 
REQUEST	set_infrastructure_15	1		update_password_try_test_realm_152_test_user	1510081294949	1510081297184	OK	 
REQUEST	set_infrastructure_19	3		update_password_try_test_realm_192_test_user	1510081295110	1510081297258	OK	 
REQUEST	set_infrastructure_11	2		user_try_test_realm_112_test_user_set	1510081287224	1510081297915	OK	 
REQUEST	set_infrastructure_16	4		user_try_test_realm_162_test_user_set	1510081287787	1510081298159	OK	 
REQUEST	set_infrastructure_14	10		user_try_test_realm_142_test_user_set	1510081287217	1510081298182	OK	 
REQUEST	set_infrastructure_17	8		user_try_test_realm_172_test_user_set	1510081287341	1510081298234	OK	 
REQUEST	set_infrastructure_15	1		create_realm_try_test_realm_153	1510081297185	1510081299229	KO	status.find.in(200,304,201,202,203,204,205,206,207,208,209), but actually found 409
REQUEST	set_infrastructure_19	3		create_realm_try_test_realm_193	1510081297259	1510081299229	KO	status.find.in(200,304,201,202,203,204,205,206,207,208,209), but actually found 409
REQUEST	set_infrastructure_17	8		update_password_try_test_realm_172_test_user	1510081298236	1510081299452	OK	 
REQUEST	set_infrastructure_14	10		update_password_try_test_realm_142_test_user	1510081298183	1510081299532	OK	 
REQUEST	set_infrastructure_11	2		update_password_try_test_realm_112_test_user	1510081297916	1510081299539	OK	 
REQUEST	set_infrastructure_16	4		update_password_try_test_realm_162_test_user	1510081298161	1510081299577	OK	 
REQUEST	set_infrastructure_17	8		create_realm_try_test_realm_173	1510081299453	1510081299791	KO	status.find.in(200,304,201,202,203,204,205,206,207,208,209), but actually found 409
REQUEST	set_infrastructure_14	10		create_realm_try_test_realm_143	1510081299533	1510081299795	KO	status.find.in(200,304,201,202,203,204,205,206,207,208,209), but actually found 409
REQUEST	set_infrastructure_16	4		create_realm_try_test_realm_163	1510081299578	1510081299806	KO	status.find.in(200,304,201,202,203,204,205,206,207,208,209), but actually found 409
REQUEST	set_infrastructure_11	2		create_realm_try_test_realm_113	1510081299540	1510081299834	KO	status.find.in(200,304,201,202,203,204,205,206,207,208,209), but actually found 409
REQUEST	set_infrastructure_12	7		client_try_test_realm_122_test_client_set	1510081296876	1510081299937	OK	 
REQUEST	set_infrastructure_18	9		client_try_test_realm_182_test_client_set	1510081286550	1510081300147	OK	 
REQUEST	set_infrastructure_13	6		client_try_test_realm_132_test_client_set	1510081296878	1510081300335	OK	 
REQUEST	set_infrastructure_15	1		client_try_test_realm_153_test_client_create	1510081299230	1510081300343	OK	 
REQUEST	set_infrastructure_10	5		user_try_test_realm_102_test_user_set	1510081297016	1510081300363	OK	 
REQUEST	set_infrastructure_17	8		client_try_test_realm_173_test_client_create	1510081299792	1510081303657	OK	 
REQUEST	set_infrastructure_16	4		client_try_test_realm_163_test_client_create	1510081299808	1510081303696	OK	 
REQUEST	set_infrastructure_11	2		client_try_test_realm_113_test_client_create	1510081299836	1510081303711	OK	 
REQUEST	set_infrastructure_14	10		client_try_test_realm_143_test_client_create	1510081299796	1510081303789	OK	 
REQUEST	set_infrastructure_10	5		update_password_try_test_realm_102_test_user	1510081300365	1510081304238	OK	 
REQUEST	set_infrastructure_19	3		client_try_test_realm_193_test_client_create	1510081299231	1510081304253	OK	 
REQUEST	set_infrastructure_18	9		user_try_test_realm_182_test_user_create	1510081300149	1510081304253	OK	 
REQUEST	set_infrastructure_13	6		user_try_test_realm_132_test_user_create	1510081300337	1510081304289	OK	 
REQUEST	set_infrastructure_12	7		user_try_test_realm_122_test_user_create	1510081299939	1510081304295	OK	 
REQUEST	set_infrastructure_10	5		create_realm_try_test_realm_103	1510081304239	1510081309000	KO	status.find.in(200,304,201,202,203,204,205,206,207,208,209), but actually found 409
REQUEST	set_infrastructure_16	4		client_try_test_realm_163_test_client_set	1510081303697	1510081309466	OK	 
REQUEST	set_infrastructure_19	3		client_try_test_realm_193_test_client_set	1510081304255	1510081309475	OK	 
REQUEST	set_infrastructure_11	2		client_try_test_realm_113_test_client_set	1510081303713	1510081309480	OK	 
REQUEST	set_infrastructure_18	9		user_try_test_realm_182_test_user_set	1510081304255	1510081309523	OK	 
REQUEST	set_infrastructure_14	10		client_try_test_realm_143_test_client_set	1510081303790	1510081309664	OK	 
REQUEST	set_infrastructure_15	1		client_try_test_realm_153_test_client_set	1510081300344	1510081309695	OK	 
REQUEST	set_infrastructure_12	7		user_try_test_realm_122_test_user_set	1510081304296	1510081309851	OK	 
REQUEST	set_infrastructure_10	5		client_try_test_realm_103_test_client_create	1510081309001	1510081314724	OK	 
REQUEST	set_infrastructure_18	9		update_password_try_test_realm_182_test_user	1510081309524	1510081314809	OK	 
REQUEST	set_infrastructure_12	7		update_password_try_test_realm_122_test_user	1510081309852	1510081314833	OK	 
REQUEST	set_infrastructure_15	1		user_try_test_realm_153_test_user_create	1510081309697	1510081314862	OK	 
REQUEST	set_infrastructure_14	10		user_try_test_realm_143_test_user_create	1510081309666	1510081314862	OK	 
REQUEST	set_infrastructure_16	4		user_try_test_realm_163_test_user_create	1510081309468	1510081315001	OK	 
REQUEST	set_infrastructure_19	3		user_try_test_realm_193_test_user_create	1510081309477	1510081315015	OK	 
REQUEST	set_infrastructure_13	6		user_try_test_realm_132_test_user_set	1510081304290	1510081315099	OK	 
REQUEST	set_infrastructure_11	2		user_try_test_realm_113_test_user_create	1510081309481	1510081315137	OK	 
REQUEST	set_infrastructure_12	7		create_realm_try_test_realm_123	1510081314833	1510081317016	KO	status.find.in(200,304,201,202,203,204,205,206,207,208,209), but actually found 409
REQUEST	set_infrastructure_18	9		create_realm_try_test_realm_183	1510081314810	1510081317039	KO	status.find.in(200,304,201,202,203,204,205,206,207,208,209), but actually found 409
REQUEST	set_infrastructure_13	6		update_password_try_test_realm_132_test_user	1510081315100	1510081317351	OK	 
REQUEST	set_infrastructure_13	6		create_realm_try_test_realm_133	1510081317352	1510081318261	KO	status.find.in(200,304,201,202,203,204,205,206,207,208,209), but actually found 409
REQUEST	set_infrastructure_12	7		client_try_test_realm_123_test_client_create	1510081317020	1510081318389	OK	 
REQUEST	set_infrastructure_18	9		client_try_test_realm_183_test_client_create	1510081317040	1510081318469	OK	 
REQUEST	set_infrastructure_17	8		client_try_test_realm_173_test_client_set	1510081303658	1510081318577	OK	 
REQUEST	set_infrastructure_14	10		user_try_test_realm_143_test_user_set	1510081314863	1510081318696	OK	 
REQUEST	set_infrastructure_16	4		user_try_test_realm_163_test_user_set	1510081315002	1510081318778	OK	 
REQUEST	set_infrastructure_10	5		client_try_test_realm_103_test_client_set	1510081314725	1510081318781	OK	 
REQUEST	set_infrastructure_19	3		user_try_test_realm_193_test_user_set	1510081315016	1510081318878	OK	 
REQUEST	set_infrastructure_11	2		user_try_test_realm_113_test_user_set	1510081315138	1510081318971	OK	 
REQUEST	set_infrastructure_13	6		client_try_test_realm_133_test_client_create	1510081318262	1510081324731	OK	 
REQUEST	set_infrastructure_14	10		update_password_try_test_realm_143_test_user	1510081318698	1510081324908	OK	 
REQUEST	set_infrastructure_19	3		update_password_try_test_realm_193_test_user	1510081318879	1510081324914	OK	 
REQUEST	set_infrastructure_11	2		update_password_try_test_realm_113_test_user	1510081318972	1510081324920	OK	 
REQUEST	set_infrastructure_10	5		user_try_test_realm_103_test_user_create	1510081318783	1510081325089	OK	 
REQUEST	set_infrastructure_17	8		user_try_test_realm_173_test_user_create	1510081318579	1510081325109	OK	 
REQUEST	set_infrastructure_16	4		update_password_try_test_realm_163_test_user	1510081318779	1510081325125	OK	 
REQUEST	set_infrastructure_15	1		user_try_test_realm_153_test_user_set	1510081314863	1510081325503	OK	 
REQUEST	set_infrastructure_11	2		create_realm_try_test_realm_114	1510081324921	1510081329494	KO	status.find.in(200,304,201,202,203,204,205,206,207,208,209), but actually found 409
REQUEST	set_infrastructure_14	10		create_realm_try_test_realm_144	1510081324909	1510081329509	KO	status.find.in(200,304,201,202,203,204,205,206,207,208,209), but actually found 409
REQUEST	set_infrastructure_19	3		create_realm_try_test_realm_194	1510081324915	1510081329517	KO	status.find.in(200,304,201,202,203,204,205,206,207,208,209), but actually found 409
REQUEST	set_infrastructure_16	4		create_realm_try_test_realm_164	1510081325126	1510081329524	KO	status.find.in(200,304,201,202,203,204,205,206,207,208,209), but actually found 409
REQUEST	set_infrastructure_15	1		update_password_try_test_realm_153_test_user	1510081325504	1510081329836	OK	 
REQUEST	set_infrastructure_13	6		client_try_test_realm_133_test_client_set	1510081324732	1510081330659	OK	 
REQUEST	set_infrastructure_15	1		create_realm_try_test_realm_154	1510081329837	1510081330893	KO	status.find.in(200,304,201,202,203,204,205,206,207,208,209), but actually found 409
REQUEST	set_infrastructure_18	9		client_try_test_realm_183_test_client_set	1510081318470	1510081330990	OK	 
REQUEST	set_infrastructure_13	6		user_try_test_realm_133_test_user_create	1510081330661	1510081330992	OK	 
REQUEST	set_infrastructure_19	3		client_try_test_realm_194_test_client_create	1510081329522	1510081331142	OK	 
REQUEST	set_infrastructure_16	4		client_try_test_realm_164_test_client_create	1510081329526	1510081331162	OK	 
REQUEST	set_infrastructure_11	2		client_try_test_realm_114_test_client_create	1510081329495	1510081331166	OK	 
REQUEST	set_infrastructure_14	10		client_try_test_realm_144_test_client_create	1510081329510	1510081331319	OK	 
REQUEST	set_infrastructure_12	7		client_try_test_realm_123_test_client_set	1510081318390	1510081331451	OK	 
REQUEST	set_infrastructure_10	5		user_try_test_realm_103_test_user_set	1510081325091	1510081332037	OK	 
REQUEST	set_infrastructure_19	3		client_try_test_realm_194_test_client_set	1510081331143	1510081332359	OK	 
REQUEST	set_infrastructure_15	1		client_try_test_realm_154_test_client_create	1510081330894	1510081332361	OK	 
REQUEST	set_infrastructure_11	2		client_try_test_realm_114_test_client_set	1510081331167	1510081332361	OK	 
REQUEST	set_infrastructure_16	4		client_try_test_realm_164_test_client_set	1510081331163	1510081332377	OK	 
REQUEST	set_infrastructure_14	10		client_try_test_realm_144_test_client_set	1510081331320	1510081332383	OK	 
REQUEST	set_infrastructure_18	9		user_try_test_realm_183_test_user_create	1510081330992	1510081332457	OK	 
REQUEST	set_infrastructure_13	6		user_try_test_realm_133_test_user_set	1510081330993	1510081332500	OK	 
REQUEST	set_infrastructure_12	7		user_try_test_realm_123_test_user_create	1510081331453	1510081332517	OK	 
REQUEST	set_infrastructure_17	8		user_try_test_realm_173_test_user_set	1510081325110	1510081333132	OK	 
REQUEST	set_infrastructure_13	6		update_password_try_test_realm_133_test_user	1510081332501	1510081339313	OK	 
REQUEST	set_infrastructure_17	8		update_password_try_test_realm_173_test_user	1510081333134	1510081339376	OK	 
REQUEST	set_infrastructure_10	5		update_password_try_test_realm_103_test_user	1510081332038	1510081339414	OK	 
REQUEST	set_infrastructure_14	10		user_try_test_realm_144_test_user_create	1510081332385	1510081339722	OK	 
REQUEST	set_infrastructure_19	3		user_try_test_realm_194_test_user_create	1510081332360	1510081339730	OK	 
REQUEST	set_infrastructure_11	2		user_try_test_realm_114_test_user_create	1510081332362	1510081339812	OK	 
REQUEST	set_infrastructure_16	4		user_try_test_realm_164_test_user_create	1510081332379	1510081339938	OK	 
REQUEST	set_infrastructure_10	5		create_realm_try_test_realm_104	1510081339415	1510081342482	KO	status.find.in(200,304,201,202,203,204,205,206,207,208,209), but actually found 409
REQUEST	set_infrastructure_13	6		create_realm_try_test_realm_134	1510081339314	1510081342484	KO	status.find.in(200,304,201,202,203,204,205,206,207,208,209), but actually found 409
REQUEST	set_infrastructure_17	8		create_realm_try_test_realm_174	1510081339377	1510081342629	KO	status.find.in(200,304,201,202,203,204,205,206,207,208,209), but actually found 409
REQUEST	set_infrastructure_15	1		client_try_test_realm_154_test_client_set	1510081332362	1510081343762	OK	 
REQUEST	set_infrastructure_18	9		user_try_test_realm_183_test_user_set	1510081332459	1510081343933	OK	 
REQUEST	set_infrastructure_12	7		user_try_test_realm_123_test_user_set	1510081332518	1510081344030	OK	 
REQUEST	set_infrastructure_10	5		client_try_test_realm_104_test_client_create	1510081342486	1510081347423	OK	 
REQUEST	set_infrastructure_17	8		client_try_test_realm_174_test_client_create	1510081342631	1510081347472	OK	 
REQUEST	set_infrastructure_13	6		client_try_test_realm_134_test_client_create	1510081342486	1510081347508	OK	 
REQUEST	set_infrastructure_15	1		user_try_test_realm_154_test_user_create	1510081343764	1510081347572	OK	 
REQUEST	set_infrastructure_12	7		update_password_try_test_realm_123_test_user	1510081344031	1510081347636	OK	 
REQUEST	set_infrastructure_18	9		update_password_try_test_realm_183_test_user	1510081343934	1510081347642	OK	 
REQUEST	set_infrastructure_11	2		user_try_test_realm_114_test_user_set	1510081339813	1510081348066	OK	 
REQUEST	set_infrastructure_14	10		user_try_test_realm_144_test_user_set	1510081339723	1510081348089	OK	 
REQUEST	set_infrastructure_19	3		user_try_test_realm_194_test_user_set	1510081339731	1510081348121	OK	 
REQUEST	set_infrastructure_12	7		create_realm_try_test_realm_124	1510081347637	1510081351679	KO	status.find.in(200,304,201,202,203,204,205,206,207,208,209), but actually found 409
REQUEST	set_infrastructure_18	9		create_realm_try_test_realm_184	1510081347643	1510081351735	KO	status.find.in(200,304,201,202,203,204,205,206,207,208,209), but actually found 409
REQUEST	set_infrastructure_16	4		user_try_test_realm_164_test_user_set	1510081339939	1510081351884	OK	 
REQUEST	set_infrastructure_11	2		update_password_try_test_realm_114_test_user	1510081348068	1510081351891	OK	 
REQUEST	set_infrastructure_19	3		update_password_try_test_realm_194_test_user	1510081348122	1510081351960	OK	 
REQUEST	set_infrastructure_14	10		update_password_try_test_realm_144_test_user	1510081348091	1510081351971	OK	 
REQUEST	set_infrastructure_17	8		client_try_test_realm_174_test_client_set	1510081347473	1510081352082	OK	 
REQUEST	set_infrastructure_10	5		client_try_test_realm_104_test_client_set	1510081347424	1510081352274	OK	 
REQUEST	set_infrastructure_15	1		user_try_test_realm_154_test_user_set	1510081347573	1510081352408	OK	 
REQUEST	set_infrastructure_14	10		create_realm_try_test_realm_145	1510081351972	1510081357629	KO	status.find.in(200,304,201,202,203,204,205,206,207,208,209), but actually found 409
REQUEST	set_infrastructure_11	2		create_realm_try_test_realm_115	1510081351892	1510081357729	KO	status.find.in(200,304,201,202,203,204,205,206,207,208,209), but actually found 409
REQUEST	set_infrastructure_19	3		create_realm_try_test_realm_195	1510081351961	1510081357759	KO	status.find.in(200,304,201,202,203,204,205,206,207,208,209), but actually found 409
REQUEST	set_infrastructure_12	7		client_try_test_realm_124_test_client_create	1510081351680	1510081357815	OK	 
REQUEST	set_infrastructure_18	9		client_try_test_realm_184_test_client_create	1510081351737	1510081357881	OK	 
REQUEST	set_infrastructure_15	1		update_password_try_test_realm_154_test_user	1510081352409	1510081357895	OK	 
REQUEST	set_infrastructure_16	4		update_password_try_test_realm_164_test_user	1510081351885	1510081358389	OK	 
REQUEST	set_infrastructure_10	5		user_try_test_realm_104_test_user_create	1510081352279	1510081358614	OK	 
REQUEST	set_infrastructure_17	8		user_try_test_realm_174_test_user_create	1510081352084	1510081359205	OK	 
REQUEST	set_infrastructure_15	1		create_realm_try_test_realm_155	1510081357896	1510081360494	KO	status.find.in(200,304,201,202,203,204,205,206,207,208,209), but actually found 409
REQUEST	set_infrastructure_16	4		create_realm_try_test_realm_165	1510081358390	1510081360495	KO	status.find.in(200,304,201,202,203,204,205,206,207,208,209), but actually found 409
REQUEST	set_infrastructure_14	10		client_try_test_realm_145_test_client_create	1510081357631	1510081360731	OK	 
REQUEST	set_infrastructure_11	2		client_try_test_realm_115_test_client_create	1510081357730	1510081360793	OK	 
REQUEST	set_infrastructure_19	3		client_try_test_realm_195_test_client_create	1510081357761	1510081360833	OK	 
REQUEST	set_infrastructure_19	3		client_try_test_realm_195_test_client_set	1510081360834	1510081361528	OK	 
REQUEST	set_infrastructure_11	2		client_try_test_realm_115_test_client_set	1510081360794	1510081361531	OK	 
REQUEST	set_infrastructure_14	10		client_try_test_realm_145_test_client_set	1510081360732	1510081361540	OK	 
REQUEST	set_infrastructure_16	4		client_try_test_realm_165_test_client_create	1510081360496	1510081361734	OK	 
REQUEST	set_infrastructure_12	7		client_try_test_realm_124_test_client_set	1510081357816	1510081361857	OK	 
REQUEST	set_infrastructure_13	6		client_try_test_realm_134_test_client_set	1510081347509	1510081361987	OK	 
REQUEST	set_infrastructure_18	9		client_try_test_realm_184_test_client_set	1510081357882	1510081362017	OK	 
REQUEST	set_infrastructure_10	5		user_try_test_realm_104_test_user_set	1510081358615	1510081362181	OK	 
REQUEST	set_infrastructure_15	1		client_try_test_realm_155_test_client_create	1510081360495	1510081364840	OK	 
REQUEST	set_infrastructure_10	5		update_password_try_test_realm_104_test_user	1510081362182	1510081364901	OK	 
REQUEST	set_infrastructure_12	7		user_try_test_realm_124_test_user_create	1510081361859	1510081364906	OK	 
REQUEST	set_infrastructure_11	2		user_try_test_realm_115_test_user_create	1510081361532	1510081364935	OK	 
REQUEST	set_infrastructure_14	10		user_try_test_realm_145_test_user_create	1510081361541	1510081364936	OK	 
REQUEST	set_infrastructure_19	3		user_try_test_realm_195_test_user_create	1510081361529	1510081364964	OK	 
REQUEST	set_infrastructure_13	6		user_try_test_realm_134_test_user_create	1510081361989	1510081365003	OK	 
REQUEST	set_infrastructure_18	9		user_try_test_realm_184_test_user_create	1510081362019	1510081365049	OK	 
REQUEST	set_infrastructure_17	8		user_try_test_realm_174_test_user_set	1510081359206	1510081366010	OK	 
REQUEST	set_infrastructure_10	5		create_realm_try_test_realm_105	1510081364901	1510081371838	KO	status.find.in(200,304,201,202,203,204,205,206,207,208,209), but actually found 409
REQUEST	set_infrastructure_16	4		client_try_test_realm_165_test_client_set	1510081361735	1510081372235	OK	 
REQUEST	set_infrastructure_17	8		update_password_try_test_realm_174_test_user	1510081366011	1510081372324	OK	 
REQUEST	set_infrastructure_18	9		user_try_test_realm_184_test_user_set	1510081365050	1510081372396	OK	 
REQUEST	set_infrastructure_19	3		user_try_test_realm_195_test_user_set	1510081364965	1510081372426	OK	 
REQUEST	set_infrastructure_14	10		user_try_test_realm_145_test_user_set	1510081364937	1510081372495	OK	 
REQUEST	set_infrastructure_12	7		user_try_test_realm_124_test_user_set	1510081364907	1510081372685	OK	 
REQUEST	set_infrastructure_17	8		create_realm_try_test_realm_175	1510081372325	1510081375756	KO	status.find.in(200,304,201,202,203,204,205,206,207,208,209), but actually found 409
REQUEST	set_infrastructure_10	5		client_try_test_realm_105_test_client_create	1510081371840	1510081375786	OK	 
REQUEST	set_infrastructure_12	7		update_password_try_test_realm_124_test_user	1510081372686	1510081375903	OK	 
REQUEST	set_infrastructure_14	10		update_password_try_test_realm_145_test_user	1510081372496	1510081375922	OK	 
REQUEST	set_infrastructure_18	9		update_password_try_test_realm_184_test_user	1510081372397	1510081375926	OK	 
REQUEST	set_infrastructure_16	4		user_try_test_realm_165_test_user_create	1510081372237	1510081376000	OK	 
REQUEST	set_infrastructure_19	3		update_password_try_test_realm_195_test_user	1510081372428	1510081376515	OK	 
REQUEST	set_infrastructure_13	6		user_try_test_realm_134_test_user_set	1510081365004	1510081376607	OK	 
REQUEST	set_infrastructure_11	2		user_try_test_realm_115_test_user_set	1510081364938	1510081377324	OK	 
REQUEST	set_infrastructure_14	10		create_realm_try_test_realm_146	1510081375923	1510081378103	KO	status.find.in(200,304,201,202,203,204,205,206,207,208,209), but actually found 409
REQUEST	set_infrastructure_19	3		create_realm_try_test_realm_196	1510081376515	1510081378118	KO	status.find.in(200,304,201,202,203,204,205,206,207,208,209), but actually found 409
REQUEST	set_infrastructure_18	9		create_realm_try_test_realm_185	1510081375927	1510081378123	KO	status.find.in(200,304,201,202,203,204,205,206,207,208,209), but actually found 409
REQUEST	set_infrastructure_12	7		create_realm_try_test_realm_125	1510081375904	1510081378161	KO	status.find.in(200,304,201,202,203,204,205,206,207,208,209), but actually found 409
REQUEST	set_infrastructure_17	8		client_try_test_realm_175_test_client_create	1510081375757	1510081378356	OK	 
REQUEST	set_infrastructure_13	6		update_password_try_test_realm_134_test_user	1510081376608	1510081378405	OK	 
REQUEST	set_infrastructure_11	2		update_password_try_test_realm_115_test_user	1510081377325	1510081378467	OK	 
REQUEST	set_infrastructure_10	5		client_try_test_realm_105_test_client_set	1510081375787	1510081379162	OK	 
REQUEST	set_infrastructure_10	5		user_try_test_realm_105_test_user_create	1510081379164	1510081379722	OK	 
REQUEST	set_infrastructure_13	6		create_realm_try_test_realm_135	1510081378405	1510081379730	KO	status.find.in(200,304,201,202,203,204,205,206,207,208,209), but actually found 409
REQUEST	set_infrastructure_11	2		create_realm_try_test_realm_116	1510081378468	1510081379790	KO	status.find.in(200,304,201,202,203,204,205,206,207,208,209), but actually found 409
REQUEST	set_infrastructure_19	3		client_try_test_realm_196_test_client_create	1510081378120	1510081379863	OK	 
REQUEST	set_infrastructure_18	9		client_try_test_realm_185_test_client_create	1510081378124	1510081379865	OK	 
REQUEST	set_infrastructure_12	7		client_try_test_realm_125_test_client_create	1510081378163	1510081379901	OK	 
REQUEST	set_infrastructure_14	10		client_try_test_realm_146_test_client_create	1510081378104	1510081380016	OK	 
REQUEST	set_infrastructure_12	7		client_try_test_realm_125_test_client_set	1510081379902	1510081380192	OK	 
REQUEST	set_infrastructure_19	3		client_try_test_realm_196_test_client_set	1510081379864	1510081380192	OK	 
REQUEST	set_infrastructure_18	9		client_try_test_realm_185_test_client_set	1510081379865	1510081380192	OK	 
REQUEST	set_infrastructure_11	2		client_try_test_realm_116_test_client_create	1510081379791	1510081380214	OK	 
REQUEST	set_infrastructure_16	4		user_try_test_realm_165_test_user_set	1510081376001	1510081381330	OK	 
REQUEST	set_infrastructure_15	1		client_try_test_realm_155_test_client_set	1510081364841	1510081381470	OK	 
REQUEST	set_infrastructure_15	1		user_try_test_realm_155_test_user_create	1510081381471	1510081383160	OK	 
REQUEST	set_infrastructure_19	3		user_try_test_realm_196_test_user_create	1510081380193	1510081383222	OK	 
REQUEST	set_infrastructure_12	7		user_try_test_realm_125_test_user_create	1510081380193	1510081383299	OK	 
REQUEST	set_infrastructure_18	9		user_try_test_realm_185_test_user_create	1510081380193	1510081383340	OK	 
REQUEST	set_infrastructure_16	4		update_password_try_test_realm_165_test_user	1510081381331	1510081383433	OK	 
REQUEST	set_infrastructure_13	6		client_try_test_realm_135_test_client_create	1510081379731	1510081383439	OK	 
REQUEST	set_infrastructure_16	4		create_realm_try_test_realm_166	1510081383433	1510081383539	KO	status.find.in(200,304,201,202,203,204,205,206,207,208,209), but actually found 409
REQUEST	set_infrastructure_19	3		user_try_test_realm_196_test_user_set	1510081383223	1510081383559	OK	 
REQUEST	set_infrastructure_12	7		user_try_test_realm_125_test_user_set	1510081383300	1510081383562	OK	 
REQUEST	set_infrastructure_18	9		user_try_test_realm_185_test_user_set	1510081383341	1510081383568	OK	 
REQUEST	set_infrastructure_15	1		user_try_test_realm_155_test_user_set	1510081383161	1510081383570	OK	 
REQUEST	set_infrastructure_17	8		client_try_test_realm_175_test_client_set	1510081378356	1510081383977	OK	 
REQUEST	set_infrastructure_11	2		client_try_test_realm_116_test_client_set	1510081380215	1510081384098	OK	 
REQUEST	set_infrastructure_10	5		user_try_test_realm_105_test_user_set	1510081379723	1510081384904	OK	 
REQUEST	set_infrastructure_16	4		client_try_test_realm_166_test_client_create	1510081383540	1510081389730	OK	 
REQUEST	set_infrastructure_10	5		update_password_try_test_realm_105_test_user	1510081384905	1510081389904	OK	 
REQUEST	set_infrastructure_12	7		update_password_try_test_realm_125_test_user	1510081383563	1510081389910	OK	 
REQUEST	set_infrastructure_15	1		update_password_try_test_realm_155_test_user	1510081383571	1510081389923	OK	 
REQUEST	set_infrastructure_19	3		update_password_try_test_realm_196_test_user	1510081383560	1510081389937	OK	 
REQUEST	set_infrastructure_18	9		update_password_try_test_realm_185_test_user	1510081383569	1510081390143	OK	 
REQUEST	set_infrastructure_11	2		user_try_test_realm_116_test_user_create	1510081384099	1510081390173	OK	 
REQUEST	set_infrastructure_17	8		user_try_test_realm_175_test_user_create	1510081383978	1510081391177	OK	 
REQUEST	set_infrastructure_12	7		create_realm_try_test_realm_126	1510081389911	1510081392380	KO	status.find.in(200,304,201,202,203,204,205,206,207,208,209), but actually found 409
REQUEST	set_infrastructure_15	1		create_realm_try_test_realm_156	1510081389923	1510081392404	KO	status.find.in(200,304,201,202,203,204,205,206,207,208,209), but actually found 409
REQUEST	set_infrastructure_10	5		create_realm_try_test_realm_106	1510081389905	1510081392419	KO	status.find.in(200,304,201,202,203,204,205,206,207,208,209), but actually found 409
REQUEST	set_infrastructure_18	9		create_realm_try_test_realm_186	1510081390144	1510081392434	KO	status.find.in(200,304,201,202,203,204,205,206,207,208,209), but actually found 409
REQUEST	set_infrastructure_19	3		create_realm_try_test_realm_197	1510081389938	1510081392566	KO	status.find.in(200,304,201,202,203,204,205,206,207,208,209), but actually found 409
REQUEST	set_infrastructure_12	7		client_try_test_realm_126_test_client_create	1510081392381	1510081394179	OK	 
REQUEST	set_infrastructure_10	5		client_try_test_realm_106_test_client_create	1510081392420	1510081394267	OK	 
REQUEST	set_infrastructure_18	9		client_try_test_realm_186_test_client_create	1510081392435	1510081394324	OK	 
REQUEST	set_infrastructure_16	4		client_try_test_realm_166_test_client_set	1510081389731	1510081394414	OK	 
REQUEST	set_infrastructure_14	10		client_try_test_realm_146_test_client_set	1510081380017	1510081394499	OK	 
REQUEST	set_infrastructure_13	6		client_try_test_realm_135_test_client_set	1510081383440	1510081394552	OK	 
REQUEST	set_infrastructure_11	2		user_try_test_realm_116_test_user_set	1510081390174	1510081394702	OK	 
REQUEST	set_infrastructure_13	6		user_try_test_realm_135_test_user_create	1510081394553	1510081397126	OK	 
REQUEST	set_infrastructure_14	10		user_try_test_realm_146_test_user_create	1510081394500	1510081397188	OK	 
REQUEST	set_infrastructure_15	1		client_try_test_realm_156_test_client_create	1510081392405	1510081397196	OK	 
REQUEST	set_infrastructure_11	2		update_password_try_test_realm_116_test_user	1510081394703	1510081397210	OK	 
REQUEST	set_infrastructure_16	4		user_try_test_realm_166_test_user_create	1510081394415	1510081397217	OK	 
REQUEST	set_infrastructure_19	3		client_try_test_realm_197_test_client_create	1510081392567	1510081397348	OK	 
REQUEST	set_infrastructure_17	8		user_try_test_realm_175_test_user_set	1510081391178	1510081398255	OK	 
REQUEST	set_infrastructure_11	2		create_realm_try_test_realm_117	1510081397211	1510081403153	KO	status.find.in(200,304,201,202,203,204,205,206,207,208,209), but actually found 409
REQUEST	set_infrastructure_17	8		update_password_try_test_realm_175_test_user	1510081398256	1510081403346	OK	 
REQUEST	set_infrastructure_18	9		client_try_test_realm_186_test_client_set	1510081394325	1510081404044	OK	 
REQUEST	set_infrastructure_10	5		client_try_test_realm_106_test_client_set	1510081394268	1510081404321	OK	 
REQUEST	set_infrastructure_11	2		client_try_test_realm_117_test_client_create	1510081403154	1510081405671	OK	 
REQUEST	set_infrastructure_17	8		create_realm_try_test_realm_176	1510081403347	1510081405692	KO	status.find.in(200,304,201,202,203,204,205,206,207,208,209), but actually found 409
REQUEST	set_infrastructure_10	5		user_try_test_realm_106_test_user_create	1510081404323	1510081405728	OK	 
REQUEST	set_infrastructure_18	9		user_try_test_realm_186_test_user_create	1510081404045	1510081405800	OK	 
REQUEST	set_infrastructure_15	1		client_try_test_realm_156_test_client_set	1510081397197	1510081406676	OK	 
REQUEST	set_infrastructure_14	10		user_try_test_realm_146_test_user_set	1510081397189	1510081406817	OK	 
REQUEST	set_infrastructure_13	6		user_try_test_realm_135_test_user_set	1510081397127	1510081407240	OK	 
REQUEST	set_infrastructure_16	4		user_try_test_realm_166_test_user_set	1510081397218	1510081407685	OK	 
REQUEST	set_infrastructure_17	8		client_try_test_realm_176_test_client_create	1510081405693	1510081407693	OK	 
REQUEST	set_infrastructure_10	5		user_try_test_realm_106_test_user_set	1510081405729	1510081407702	OK	 
REQUEST	set_infrastructure_18	9		user_try_test_realm_186_test_user_set	1510081405801	1510081407749	OK	 
REQUEST	set_infrastructure_15	1		user_try_test_realm_156_test_user_create	1510081406677	1510081407753	OK	 
REQUEST	set_infrastructure_14	10		update_password_try_test_realm_146_test_user	1510081406819	1510081407907	OK	 
REQUEST	set_infrastructure_19	3		client_try_test_realm_197_test_client_set	1510081397349	1510081408168	OK	 
REQUEST	set_infrastructure_12	7		client_try_test_realm_126_test_client_set	1510081394179	1510081408465	OK	 
REQUEST	set_infrastructure_11	2		client_try_test_realm_117_test_client_set	1510081405672	1510081408618	OK	 
REQUEST	set_infrastructure_14	10		create_realm_try_test_realm_147	1510081407908	1510081414034	KO	status.find.in(200,304,201,202,203,204,205,206,207,208,209), but actually found 409
REQUEST	set_infrastructure_13	6		update_password_try_test_realm_135_test_user	1510081407241	1510081414052	OK	 
REQUEST	set_infrastructure_19	3		user_try_test_realm_197_test_user_create	1510081408169	1510081414064	OK	 
REQUEST	set_infrastructure_16	4		update_password_try_test_realm_166_test_user	1510081407686	1510081414128	OK	 
REQUEST	set_infrastructure_18	9		update_password_try_test_realm_186_test_user	1510081407751	1510081414136	OK	 
REQUEST	set_infrastructure_12	7		user_try_test_realm_126_test_user_create	1510081408467	1510081414138	OK	 
REQUEST	set_infrastructure_10	5		update_password_try_test_realm_106_test_user	1510081407703	1510081414200	OK	 
REQUEST	set_infrastructure_11	2		user_try_test_realm_117_test_user_create	1510081408620	1510081414251	OK	 
REQUEST	set_infrastructure_10	5		create_realm_try_test_realm_107	1510081414200	1510081418773	KO	status.find.in(200,304,201,202,203,204,205,206,207,208,209), but actually found 409
REQUEST	set_infrastructure_13	6		create_realm_try_test_realm_136	1510081414053	1510081418779	KO	status.find.in(200,304,201,202,203,204,205,206,207,208,209), but actually found 409
REQUEST	set_infrastructure_18	9		create_realm_try_test_realm_187	1510081414137	1510081418781	KO	status.find.in(200,304,201,202,203,204,205,206,207,208,209), but actually found 409
REQUEST	set_infrastructure_16	4		create_realm_try_test_realm_167	1510081414128	1510081418802	KO	status.find.in(200,304,201,202,203,204,205,206,207,208,209), but actually found 409
REQUEST	set_infrastructure_14	10		client_try_test_realm_147_test_client_create	1510081414035	1510081418943	OK	 
REQUEST	set_infrastructure_15	1		user_try_test_realm_156_test_user_set	1510081407754	1510081420132	OK	 
REQUEST	set_infrastructure_15	1		update_password_try_test_realm_156_test_user	1510081420133	1510081421173	OK	 
REQUEST	set_infrastructure_16	4		client_try_test_realm_167_test_client_create	1510081418803	1510081421184	OK	 
REQUEST	set_infrastructure_13	6		client_try_test_realm_136_test_client_create	1510081418780	1510081421198	OK	 
REQUEST	set_infrastructure_10	5		client_try_test_realm_107_test_client_create	1510081418774	1510081421203	OK	 
REQUEST	set_infrastructure_18	9		client_try_test_realm_187_test_client_create	1510081418782	1510081421251	OK	 
REQUEST	set_infrastructure_12	7		user_try_test_realm_126_test_user_set	1510081414138	1510081421522	OK	 
REQUEST	set_infrastructure_15	1		create_realm_try_test_realm_157	1510081421174	1510081422383	KO	status.find.in(200,304,201,202,203,204,205,206,207,208,209), but actually found 409
REQUEST	set_infrastructure_12	7		update_password_try_test_realm_126_test_user	1510081421523	1510081422429	OK	 
REQUEST	set_infrastructure_14	10		client_try_test_realm_147_test_client_set	1510081418944	1510081422629	OK	 
REQUEST	set_infrastructure_17	8		client_try_test_realm_176_test_client_set	1510081407694	1510081422710	OK	 
REQUEST	set_infrastructure_11	2		user_try_test_realm_117_test_user_set	1510081414252	1510081423088	OK	 
REQUEST	set_infrastructure_15	1		client_try_test_realm_157_test_client_create	1510081422384	1510081425442	OK	 
REQUEST	set_infrastructure_12	7		create_realm_try_test_realm_127	1510081422429	1510081425456	KO	status.find.in(200,304,201,202,203,204,205,206,207,208,209), but actually found 409
REQUEST	set_infrastructure_17	8		user_try_test_realm_176_test_user_create	1510081422711	1510081425637	OK	 
REQUEST	set_infrastructure_11	2		update_password_try_test_realm_117_test_user	1510081423089	1510081425675	OK	 
REQUEST	set_infrastructure_14	10		user_try_test_realm_147_test_user_create	1510081422631	1510081425717	OK	 
REQUEST	set_infrastructure_16	4		client_try_test_realm_167_test_client_set	1510081421185	1510081425949	OK	 
REQUEST	set_infrastructure_18	9		client_try_test_realm_187_test_client_set	1510081421253	1510081426002	OK	 
REQUEST	set_infrastructure_10	5		client_try_test_realm_107_test_client_set	1510081421204	1510081426123	OK	 
REQUEST	set_infrastructure_11	2		create_realm_try_test_realm_118	1510081425676	1510081428041	KO	status.find.in(200,304,201,202,203,204,205,206,207,208,209), but actually found 409
REQUEST	set_infrastructure_10	5		user_try_test_realm_107_test_user_create	1510081426129	1510081428137	OK	 
REQUEST	set_infrastructure_16	4		user_try_test_realm_167_test_user_create	1510081425951	1510081428204	OK	 
REQUEST	set_infrastructure_12	7		client_try_test_realm_127_test_client_create	1510081425458	1510081428264	OK	 
REQUEST	set_infrastructure_18	9		user_try_test_realm_187_test_user_create	1510081426003	1510081428318	OK	 
REQUEST	set_infrastructure_19	3		user_try_test_realm_197_test_user_set	1510081414065	1510081428401	OK	 
REQUEST	set_infrastructure_13	6		client_try_test_realm_136_test_client_set	1510081421199	1510081428528	OK	 
REQUEST	set_infrastructure_11	2		client_try_test_realm_118_test_client_create	1510081428043	1510081434897	OK	 
REQUEST	set_infrastructure_19	3		update_password_try_test_realm_197_test_user	1510081428402	1510081435047	OK	 
REQUEST	set_infrastructure_14	10		user_try_test_realm_147_test_user_set	1510081425718	1510081435875	OK	 
REQUEST	set_infrastructure_10	5		user_try_test_realm_107_test_user_set	1510081428138	1510081435936	OK	 
REQUEST	set_infrastructure_13	6		user_try_test_realm_136_test_user_create	1510081428529	1510081436000	OK	 
REQUEST	set_infrastructure_17	8		user_try_test_realm_176_test_user_set	1510081425639	1510081436011	OK	 
REQUEST	set_infrastructure_18	9		user_try_test_realm_187_test_user_set	1510081428319	1510081436294	OK	 
REQUEST	set_infrastructure_19	3		create_realm_try_test_realm_198	1510081435048	1510081437250	KO	status.find.in(200,304,201,202,203,204,205,206,207,208,209), but actually found 409
REQUEST	set_infrastructure_14	10		update_password_try_test_realm_147_test_user	1510081435876	1510081437474	OK	 
REQUEST	set_infrastructure_18	9		update_password_try_test_realm_187_test_user	1510081436295	1510081437559	OK	 
REQUEST	set_infrastructure_17	8		update_password_try_test_realm_176_test_user	1510081436012	1510081437572	OK	 
REQUEST	set_infrastructure_10	5		update_password_try_test_realm_107_test_user	1510081435937	1510081437616	OK	 
REQUEST	set_infrastructure_17	8		create_realm_try_test_realm_177	1510081437572	1510081437792	KO	status.find.in(200,304,201,202,203,204,205,206,207,208,209), but actually found 409
REQUEST	set_infrastructure_10	5		create_realm_try_test_realm_108	1510081437616	1510081437840	KO	status.find.in(200,304,201,202,203,204,205,206,207,208,209), but actually found 409
REQUEST	set_infrastructure_14	10		create_realm_try_test_realm_148	1510081437474	1510081437854	KO	status.find.in(200,304,201,202,203,204,205,206,207,208,209), but actually found 409
REQUEST	set_infrastructure_18	9		create_realm_try_test_realm_188	1510081437559	1510081437935	KO	status.find.in(200,304,201,202,203,204,205,206,207,208,209), but actually found 409
REQUEST	set_infrastructure_16	4		user_try_test_realm_167_test_user_set	1510081428204	1510081438484	OK	 
REQUEST	set_infrastructure_18	9		client_try_test_realm_188_test_client_create	1510081437937	1510081438712	OK	 
REQUEST	set_infrastructure_11	2		client_try_test_realm_118_test_client_set	1510081434898	1510081438734	OK	 
REQUEST	set_infrastructure_12	7		client_try_test_realm_127_test_client_set	1510081428265	1510081438756	OK	 
REQUEST	set_infrastructure_16	4		update_password_try_test_realm_167_test_user	1510081438485	1510081438896	OK	 
REQUEST	set_infrastructure_15	1		client_try_test_realm_157_test_client_set	1510081425443	1510081439130	OK	 
REQUEST	set_infrastructure_19	3		client_try_test_realm_198_test_client_create	1510081437251	1510081439315	OK	 
REQUEST	set_infrastructure_13	6		user_try_test_realm_136_test_user_set	1510081436001	1510081439322	OK	 
REQUEST	set_infrastructure_16	4		create_realm_try_test_realm_168	1510081438897	1510081445192	KO	status.find.in(200,304,201,202,203,204,205,206,207,208,209), but actually found 409
REQUEST	set_infrastructure_10	5		client_try_test_realm_108_test_client_create	1510081437841	1510081445404	OK	 
REQUEST	set_infrastructure_14	10		client_try_test_realm_148_test_client_create	1510081437855	1510081445873	OK	 
REQUEST	set_infrastructure_17	8		client_try_test_realm_177_test_client_create	1510081437793	1510081445977	OK	 
REQUEST	set_infrastructure_13	6		update_password_try_test_realm_136_test_user	1510081439323	1510081446062	OK	 
REQUEST	set_infrastructure_15	1		user_try_test_realm_157_test_user_create	1510081439132	1510081446254	OK	 
REQUEST	set_infrastructure_12	7		user_try_test_realm_127_test_user_create	1510081438757	1510081446360	OK	 
REQUEST	set_infrastructure_13	6		create_realm_try_test_realm_137	1510081446063	1510081446407	KO	status.find.in(200,304,201,202,203,204,205,206,207,208,209), but actually found 409
REQUEST	set_infrastructure_15	1		user_try_test_realm_157_test_user_set	1510081446254	1510081446421	OK	 
REQUEST	set_infrastructure_17	8		client_try_test_realm_177_test_client_set	1510081445978	1510081446458	OK	 
REQUEST	set_infrastructure_14	10		client_try_test_realm_148_test_client_set	1510081445874	1510081446467	OK	 
REQUEST	set_infrastructure_11	2		user_try_test_realm_118_test_user_create	1510081438735	1510081446590	OK	 
REQUEST	set_infrastructure_19	3		client_try_test_realm_198_test_client_set	1510081439316	1510081446905	OK	 
REQUEST	set_infrastructure_18	9		client_try_test_realm_188_test_client_set	1510081438713	1510081446929	OK	 
REQUEST	set_infrastructure_16	4		client_try_test_realm_168_test_client_create	1510081445193	1510081446961	OK	 
REQUEST	set_infrastructure_13	6		client_try_test_realm_137_test_client_create	1510081446410	1510081453494	OK	 
REQUEST	set_infrastructure_15	1		update_password_try_test_realm_157_test_user	1510081446422	1510081453599	OK	 
REQUEST	set_infrastructure_18	9		user_try_test_realm_188_test_user_create	1510081446931	1510081453870	OK	 
REQUEST	set_infrastructure_17	8		user_try_test_realm_177_test_user_create	1510081446460	1510081453874	OK	 
REQUEST	set_infrastructure_14	10		user_try_test_realm_148_test_user_create	1510081446468	1510081454201	OK	 
REQUEST	set_infrastructure_19	3		user_try_test_realm_198_test_user_create	1510081446907	1510081454784	OK	 
REQUEST	set_infrastructure_15	1		create_realm_try_test_realm_158	1510081453600	1510081456430	KO	status.find.in(200,304,201,202,203,204,205,206,207,208,209), but actually found 409
REQUEST	set_infrastructure_16	4		client_try_test_realm_168_test_client_set	1510081446961	1510081457785	OK	 
REQUEST	set_infrastructure_11	2		user_try_test_realm_118_test_user_set	1510081446591	1510081457954	OK	 
REQUEST	set_infrastructure_12	7		user_try_test_realm_127_test_user_set	1510081446361	1510081458128	OK	 
REQUEST	set_infrastructure_16	4		user_try_test_realm_168_test_user_create	1510081457786	1510081458386	OK	 
REQUEST	set_infrastructure_11	2		update_password_try_test_realm_118_test_user	1510081457955	1510081458568	OK	 
REQUEST	set_infrastructure_15	1		client_try_test_realm_158_test_client_create	1510081456431	1510081458581	OK	 
REQUEST	set_infrastructure_10	5		client_try_test_realm_108_test_client_set	1510081445414	1510081458664	OK	 
REQUEST	set_infrastructure_18	9		user_try_test_realm_188_test_user_set	1510081453871	1510081458928	OK	 
REQUEST	set_infrastructure_14	10		user_try_test_realm_148_test_user_set	1510081454202	1510081459067	OK	 
REQUEST	set_infrastructure_13	6		client_try_test_realm_137_test_client_set	1510081453495	1510081459075	OK	 
REQUEST	set_infrastructure_17	8		user_try_test_realm_177_test_user_set	1510081453875	1510081459155	OK	 
REQUEST	set_infrastructure_19	3		user_try_test_realm_198_test_user_set	1510081454785	1510081459373	OK	 
REQUEST	set_infrastructure_11	2		create_realm_try_test_realm_119	1510081458569	1510081465694	KO	status.find.in(200,304,201,202,203,204,205,206,207,208,209), but actually found 409
REQUEST	set_infrastructure_18	9		update_password_try_test_realm_188_test_user	1510081458929	1510081465934	OK	 
REQUEST	set_infrastructure_14	10		update_password_try_test_realm_148_test_user	1510081459068	1510081465934	OK	 
REQUEST	set_infrastructure_17	8		update_password_try_test_realm_177_test_user	1510081459155	1510081466016	OK	 
REQUEST	set_infrastructure_12	7		update_password_try_test_realm_127_test_user	1510081458129	1510081466034	OK	 
REQUEST	set_infrastructure_19	3		update_password_try_test_realm_198_test_user	1510081459374	1510081466135	OK	 
REQUEST	set_infrastructure_13	6		user_try_test_realm_137_test_user_create	1510081459076	1510081466497	OK	 
REQUEST	set_infrastructure_10	5		user_try_test_realm_108_test_user_create	1510081458666	1510081466527	OK	 
REQUEST	set_infrastructure_19	3		create_realm_try_test_realm_199	1510081466135	1510081468963	KO	status.find.in(200,304,201,202,203,204,205,206,207,208,209), but actually found 409
REQUEST	set_infrastructure_12	7		create_realm_try_test_realm_128	1510081466034	1510081468982	KO	status.find.in(200,304,201,202,203,204,205,206,207,208,209), but actually found 409
REQUEST	set_infrastructure_17	8		create_realm_try_test_realm_178	1510081466016	1510081468984	KO	status.find.in(200,304,201,202,203,204,205,206,207,208,209), but actually found 409
REQUEST	set_infrastructure_14	10		create_realm_try_test_realm_149	1510081465934	1510081468992	KO	status.find.in(200,304,201,202,203,204,205,206,207,208,209), but actually found 409
REQUEST	set_infrastructure_18	9		create_realm_try_test_realm_189	1510081465934	1510081469028	KO	status.find.in(200,304,201,202,203,204,205,206,207,208,209), but actually found 409
REQUEST	set_infrastructure_11	2		client_try_test_realm_119_test_client_create	1510081465695	1510081469694	OK	 
REQUEST	set_infrastructure_16	4		user_try_test_realm_168_test_user_set	1510081458387	1510081470340	OK	 
REQUEST	set_infrastructure_16	4		update_password_try_test_realm_168_test_user	1510081470341	1510081472058	OK	 
REQUEST	set_infrastructure_19	3		client_try_test_realm_199_test_client_create	1510081468964	1510081472071	OK	 
REQUEST	set_infrastructure_14	10		client_try_test_realm_149_test_client_create	1510081468993	1510081472128	OK	 
REQUEST	set_infrastructure_17	8		client_try_test_realm_178_test_client_create	1510081468986	1510081472166	OK	 
REQUEST	set_infrastructure_12	7		client_try_test_realm_128_test_client_create	1510081468983	1510081472237	OK	 
REQUEST	set_infrastructure_18	9		client_try_test_realm_189_test_client_create	1510081469029	1510081472263	OK	 
REQUEST	set_infrastructure_10	5		user_try_test_realm_108_test_user_set	1510081466528	1510081472534	OK	 
REQUEST	set_infrastructure_13	6		user_try_test_realm_137_test_user_set	1510081466498	1510081472762	OK	 
REQUEST	set_infrastructure_14	10		client_try_test_realm_149_test_client_set	1510081472129	1510081472804	OK	 
REQUEST	set_infrastructure_12	7		client_try_test_realm_128_test_client_set	1510081472238	1510081472837	OK	 
REQUEST	set_infrastructure_18	9		client_try_test_realm_189_test_client_set	1510081472264	1510081472841	OK	 
REQUEST	set_infrastructure_17	8		client_try_test_realm_178_test_client_set	1510081472167	1510081472853	OK	 
REQUEST	set_infrastructure_19	3		client_try_test_realm_199_test_client_set	1510081472072	1510081472854	OK	 
REQUEST	set_infrastructure_16	4		create_realm_try_test_realm_169	1510081472058	1510081472877	KO	status.find.in(200,304,201,202,203,204,205,206,207,208,209), but actually found 409
REQUEST	set_infrastructure_15	1		client_try_test_realm_158_test_client_set	1510081458582	1510081473598	OK	 
REQUEST	set_infrastructure_10	5		update_password_try_test_realm_108_test_user	1510081472535	1510081473796	OK	 
REQUEST	set_infrastructure_11	2		client_try_test_realm_119_test_client_set	1510081469695	1510081474402	OK	 
REQUEST	set_infrastructure_10	5		create_realm_try_test_realm_109	1510081473796	1510081479335	KO	status.find.in(200,304,201,202,203,204,205,206,207,208,209), but actually found 409
REQUEST	set_infrastructure_16	4		client_try_test_realm_169_test_client_create	1510081472878	1510081479477	OK	 
REQUEST	set_infrastructure_13	6		update_password_try_test_realm_137_test_user	1510081472763	1510081479504	OK	 
REQUEST	set_infrastructure_11	2		user_try_test_realm_119_test_user_create	1510081474403	1510081479657	OK	 
REQUEST	set_infrastructure_15	1		user_try_test_realm_158_test_user_create	1510081473599	1510081479739	OK	 
REQUEST	set_infrastructure_17	8		user_try_test_realm_178_test_user_create	1510081472854	1510081479820	OK	 
REQUEST	set_infrastructure_18	9		user_try_test_realm_189_test_user_create	1510081472843	1510081479907	OK	 
REQUEST	set_infrastructure_12	7		user_try_test_realm_128_test_user_create	1510081472838	1510081479934	OK	 
REQUEST	set_infrastructure_14	10		user_try_test_realm_149_test_user_create	1510081472806	1510081480084	OK	 
REQUEST	set_infrastructure_19	3		user_try_test_realm_199_test_user_create	1510081472855	1510081480473	OK	 
REQUEST	set_infrastructure_13	6		create_realm_try_test_realm_138	1510081479504	1510081487094	KO	status.find.in(200,304,201,202,203,204,205,206,207,208,209), but actually found 409
REQUEST	set_infrastructure_10	5		client_try_test_realm_109_test_client_create	1510081479336	1510081487181	OK	 
REQUEST	set_infrastructure_16	4		client_try_test_realm_169_test_client_set	1510081479478	1510081487683	OK	 
REQUEST	set_infrastructure_13	6		client_try_test_realm_138_test_client_create	1510081487096	1510081487951	OK	 
REQUEST	set_infrastructure_19	3		user_try_test_realm_199_test_user_set	1510081480473	1510081488879	OK	 
REQUEST	set_infrastructure_17	8		user_try_test_realm_178_test_user_set	1510081479820	1510081488935	OK	 
REQUEST	set_infrastructure_15	1		user_try_test_realm_158_test_user_set	1510081479739	1510081489033	OK	 
REQUEST	set_infrastructure_11	2		user_try_test_realm_119_test_user_set	1510081479658	1510081489046	OK	 
REQUEST	set_infrastructure_18	9		user_try_test_realm_189_test_user_set	1510081479908	1510081489088	OK	 
REQUEST	set_infrastructure_12	7		user_try_test_realm_128_test_user_set	1510081479935	1510081489216	OK	 
REQUEST	set_infrastructure_14	10		user_try_test_realm_149_test_user_set	1510081480085	1510081489337	OK	 
REQUEST	set_infrastructure_12	7		update_password_try_test_realm_128_test_user	1510081489217	1510081495342	OK	 
REQUEST	set_infrastructure_19	3		update_password_try_test_realm_199_test_user	1510081488880	1510081495417	OK	 
REQUEST	set_infrastructure_11	2		update_password_try_test_realm_119_test_user	1510081489047	1510081495498	OK	 
REQUEST	set_infrastructure_17	8		update_password_try_test_realm_178_test_user	1510081488936	1510081495535	OK	 
REQUEST	set_infrastructure_18	9		update_password_try_test_realm_189_test_user	1510081489090	1510081495543	OK	 
REQUEST	set_infrastructure_15	1		update_password_try_test_realm_158_test_user	1510081489034	1510081495623	OK	 
REQUEST	set_infrastructure_14	10		update_password_try_test_realm_149_test_user	1510081489338	1510081495635	OK	 
REQUEST	set_infrastructure_16	4		user_try_test_realm_169_test_user_create	1510081487684	1510081496179	OK	 
REQUEST	set_infrastructure_19	3		create_realm_try_test_realm_200	1510081495417	1510081497968	KO	status.find.in(200,304,201,202,203,204,205,206,207,208,209), but actually found 409
REQUEST	set_infrastructure_17	8		create_realm_try_test_realm_179	1510081495535	1510081497968	KO	status.find.in(200,304,201,202,203,204,205,206,207,208,209), but actually found 409
REQUEST	set_infrastructure_11	2		create_realm_try_test_realm_120	1510081495499	1510081497985	KO	status.find.in(200,304,201,202,203,204,205,206,207,208,209), but actually found 409
REQUEST	set_infrastructure_14	10		create_realm_try_test_realm_150	1510081495635	1510081498371	KO	status.find.in(200,304,201,202,203,204,205,206,207,208,209), but actually found 409
REQUEST	set_infrastructure_18	9		create_realm_try_test_realm_190	1510081495544	1510081498443	KO	status.find.in(200,304,201,202,203,204,205,206,207,208,209), but actually found 409
REQUEST	set_infrastructure_15	1		create_realm_try_test_realm_159	1510081495624	1510081498446	KO	status.find.in(200,304,201,202,203,204,205,206,207,208,209), but actually found 409
REQUEST	set_infrastructure_12	7		create_realm_try_test_realm_129	1510081495343	1510081498603	KO	status.find.in(200,304,201,202,203,204,205,206,207,208,209), but actually found 409
REQUEST	set_infrastructure_13	6		client_try_test_realm_138_test_client_set	1510081487951	1510081498891	OK	 
REQUEST	set_infrastructure_12	7		client_try_test_realm_129_test_client_create	1510081498603	1510081499701	OK	 
REQUEST	set_infrastructure_15	1		client_try_test_realm_159_test_client_create	1510081498448	1510081499773	OK	 
REQUEST	set_infrastructure_18	9		client_try_test_realm_190_test_client_create	1510081498444	1510081499784	OK	 
REQUEST	set_infrastructure_13	6		user_try_test_realm_138_test_user_create	1510081498892	1510081499833	OK	 
REQUEST	set_infrastructure_11	2		client_try_test_realm_120_test_client_create	1510081497986	1510081499926	OK	 
REQUEST	set_infrastructure_19	3		client_try_test_realm_200_test_client_create	1510081497973	1510081500035	OK	 
REQUEST	set_infrastructure_17	8		client_try_test_realm_179_test_client_create	1510081497973	1510081500041	OK	 
REQUEST	set_infrastructure_14	10		client_try_test_realm_150_test_client_create	1510081498372	1510081500043	OK	 
REQUEST	set_infrastructure_11	2		client_try_test_realm_120_test_client_set	1510081499927	1510081500724	OK	 
REQUEST	set_infrastructure_14	10		client_try_test_realm_150_test_client_set	1510081500044	1510081500725	OK	 
REQUEST	set_infrastructure_19	3		client_try_test_realm_200_test_client_set	1510081500036	1510081500726	OK	 
REQUEST	set_infrastructure_17	8		client_try_test_realm_179_test_client_set	1510081500042	1510081500739	OK	 
REQUEST	set_infrastructure_13	6		user_try_test_realm_138_test_user_set	1510081499834	1510081500749	OK	 
REQUEST	set_infrastructure_10	5		client_try_test_realm_109_test_client_set	1510081487182	1510081501051	OK	 
REQUEST	set_infrastructure_15	1		client_try_test_realm_159_test_client_set	1510081499773	1510081501199	OK	 
REQUEST	set_infrastructure_12	7		client_try_test_realm_129_test_client_set	1510081499702	1510081501350	OK	 
REQUEST	set_infrastructure_18	9		client_try_test_realm_190_test_client_set	1510081499785	1510081502004	OK	 
REQUEST	set_infrastructure_18	9		user_try_test_realm_190_test_user_create	1510081502005	1510081506719	OK	 
REQUEST	set_infrastructure_12	7		user_try_test_realm_129_test_user_create	1510081501351	1510081506782	OK	 
REQUEST	set_infrastructure_19	3		user_try_test_realm_200_test_user_create	1510081500726	1510081506826	OK	 
REQUEST	set_infrastructure_15	1		user_try_test_realm_159_test_user_create	1510081501200	1510081506889	OK	 
REQUEST	set_infrastructure_14	10		user_try_test_realm_150_test_user_create	1510081500726	1510081506893	OK	 
REQUEST	set_infrastructure_13	6		update_password_try_test_realm_138_test_user	1510081500750	1510081506911	OK	 
REQUEST	set_infrastructure_11	2		user_try_test_realm_120_test_user_create	1510081500725	1510081506999	OK	 
REQUEST	set_infrastructure_10	5		user_try_test_realm_109_test_user_create	1510081501052	1510081507065	OK	 
REQUEST	set_infrastructure_17	8		user_try_test_realm_179_test_user_create	1510081500740	1510081507563	OK	 
REQUEST	set_infrastructure_13	6		create_realm_try_test_realm_139	1510081506911	1510081508382	KO	status.find.in(200,304,201,202,203,204,205,206,207,208,209), but actually found 409
REQUEST	set_infrastructure_13	6		client_try_test_realm_139_test_client_create	1510081508383	1510081509985	OK	 
REQUEST	set_infrastructure_11	2		user_try_test_realm_120_test_user_set	1510081507000	1510081510346	OK	 
REQUEST	set_infrastructure_17	8		user_try_test_realm_179_test_user_set	1510081507563	1510081510371	OK	 
REQUEST	set_infrastructure_18	9		user_try_test_realm_190_test_user_set	1510081506720	1510081510533	OK	 
REQUEST	set_infrastructure_14	10		user_try_test_realm_150_test_user_set	1510081506894	1510081510558	OK	 
REQUEST	set_infrastructure_10	5		user_try_test_realm_109_test_user_set	1510081507066	1510081510703	OK	 
REQUEST	set_infrastructure_19	3		user_try_test_realm_200_test_user_set	1510081506827	1510081510781	OK	 
REQUEST	set_infrastructure_13	6		client_try_test_realm_139_test_client_set	1510081509986	1510081511188	OK	 
REQUEST	set_infrastructure_16	4		user_try_test_realm_169_test_user_set	1510081496180	1510081511223	OK	 
REQUEST	set_infrastructure_15	1		user_try_test_realm_159_test_user_set	1510081506890	1510081511242	OK	 
REQUEST	set_infrastructure_12	7		user_try_test_realm_129_test_user_set	1510081506783	1510081511426	OK	 
REQUEST	set_infrastructure_17	8		update_password_try_test_realm_179_test_user	1510081510372	1510081517451	OK	 
REQUEST	set_infrastructure_19	3		update_password_try_test_realm_200_test_user	1510081510782	1510081517458	OK	 
USER	set_infrastructure_19	3	END	1510081237122	1510081517460
REQUEST	set_infrastructure_18	9		update_password_try_test_realm_190_test_user	1510081510534	1510081517476	OK	 
USER	set_infrastructure_18	9	END	1510081237133	1510081517476
REQUEST	set_infrastructure_16	4		update_password_try_test_realm_169_test_user	1510081511224	1510081517486	OK	 
REQUEST	set_infrastructure_12	7		update_password_try_test_realm_129_test_user	1510081511427	1510081517557	OK	 
REQUEST	set_infrastructure_14	10		update_password_try_test_realm_150_test_user	1510081510559	1510081517567	OK	 
USER	set_infrastructure_14	10	END	1510081237134	1510081517567
REQUEST	set_infrastructure_10	5		update_password_try_test_realm_109_test_user	1510081510704	1510081517585	OK	 
REQUEST	set_infrastructure_11	2		update_password_try_test_realm_120_test_user	1510081510347	1510081517601	OK	 
USER	set_infrastructure_11	2	END	1510081237120	1510081517602
REQUEST	set_infrastructure_15	1		update_password_try_test_realm_159_test_user	1510081511242	1510081517608	OK	 
REQUEST	set_infrastructure_13	6		user_try_test_realm_139_test_user_create	1510081511189	1510081517864	OK	 
REQUEST	set_infrastructure_10	5		create_realm_try_test_realm_110	1510081517585	1510081524631	KO	status.find.in(200,304,201,202,203,204,205,206,207,208,209), but actually found 409
REQUEST	set_infrastructure_12	7		create_realm_try_test_realm_130	1510081517557	1510081524632	KO	status.find.in(200,304,201,202,203,204,205,206,207,208,209), but actually found 409
REQUEST	set_infrastructure_16	4		create_realm_try_test_realm_170	1510081517486	1510081524633	KO	status.find.in(200,304,201,202,203,204,205,206,207,208,209), but actually found 409
REQUEST	set_infrastructure_15	1		create_realm_try_test_realm_160	1510081517608	1510081524636	KO	status.find.in(200,304,201,202,203,204,205,206,207,208,209), but actually found 409
REQUEST	set_infrastructure_17	8		create_realm_try_test_realm_180	1510081517452	1510081524638	KO	status.find.in(200,304,201,202,203,204,205,206,207,208,209), but actually found 409
REQUEST	set_infrastructure_15	1		client_try_test_realm_160_test_client_create	1510081524637	1510081526895	OK	 
REQUEST	set_infrastructure_16	4		client_try_test_realm_170_test_client_create	1510081524634	1510081526901	OK	 
REQUEST	set_infrastructure_10	5		client_try_test_realm_110_test_client_create	1510081524632	1510081526910	OK	 
REQUEST	set_infrastructure_12	7		client_try_test_realm_130_test_client_create	1510081524633	1510081526912	OK	 
REQUEST	set_infrastructure_17	8		client_try_test_realm_180_test_client_create	1510081524638	1510081526931	OK	 
REQUEST	set_infrastructure_13	6		user_try_test_realm_139_test_user_set	1510081517864	1510081527663	OK	 
REQUEST	set_infrastructure_13	6		update_password_try_test_realm_139_test_user	1510081527664	1510081534460	OK	 
REQUEST	set_infrastructure_10	5		client_try_test_realm_110_test_client_set	1510081526910	1510081534617	OK	 
REQUEST	set_infrastructure_15	1		client_try_test_realm_160_test_client_set	1510081526897	1510081534621	OK	 
REQUEST	set_infrastructure_17	8		client_try_test_realm_180_test_client_set	1510081526932	1510081534674	OK	 
REQUEST	set_infrastructure_13	6		create_realm_try_test_realm_140	1510081534461	1510081534712	KO	status.find.in(200,304,201,202,203,204,205,206,207,208,209), but actually found 409
REQUEST	set_infrastructure_12	7		client_try_test_realm_130_test_client_set	1510081526912	1510081534999	OK	 
REQUEST	set_infrastructure_16	4		client_try_test_realm_170_test_client_set	1510081526901	1510081535015	OK	 
REQUEST	set_infrastructure_13	6		client_try_test_realm_140_test_client_create	1510081534713	1510081543369	OK	 
REQUEST	set_infrastructure_12	7		user_try_test_realm_130_test_user_create	1510081535000	1510081543982	OK	 
REQUEST	set_infrastructure_16	4		user_try_test_realm_170_test_user_create	1510081535016	1510081543994	OK	 
REQUEST	set_infrastructure_15	1		user_try_test_realm_160_test_user_create	1510081534623	1510081543999	OK	 
REQUEST	set_infrastructure_10	5		user_try_test_realm_110_test_user_create	1510081534618	1510081544003	OK	 
REQUEST	set_infrastructure_17	8		user_try_test_realm_180_test_user_create	1510081534675	1510081544016	OK	 
REQUEST	set_infrastructure_12	7		user_try_test_realm_130_test_user_set	1510081543982	1510081551568	OK	 
REQUEST	set_infrastructure_15	1		user_try_test_realm_160_test_user_set	1510081544000	1510081551576	OK	 
REQUEST	set_infrastructure_13	6		client_try_test_realm_140_test_client_set	1510081543370	1510081551894	OK	 
REQUEST	set_infrastructure_16	4		user_try_test_realm_170_test_user_set	1510081543995	1510081551904	OK	 
REQUEST	set_infrastructure_10	5		user_try_test_realm_110_test_user_set	1510081544004	1510081551914	OK	 
REQUEST	set_infrastructure_17	8		user_try_test_realm_180_test_user_set	1510081544017	1510081551922	OK	 
REQUEST	set_infrastructure_16	4		update_password_try_test_realm_170_test_user	1510081551905	1510081560942	OK	 
REQUEST	set_infrastructure_17	8		update_password_try_test_realm_180_test_user	1510081551923	1510081560942	OK	 
REQUEST	set_infrastructure_10	5		update_password_try_test_realm_110_test_user	1510081551915	1510081560942	OK	 
REQUEST	set_infrastructure_12	7		update_password_try_test_realm_130_test_user	1510081551569	1510081560942	OK	 
USER	set_infrastructure_16	4	END	1510081237123	1510081560942
USER	set_infrastructure_10	5	END	1510081237126	1510081560942
USER	set_infrastructure_17	8	END	1510081237131	1510081560942
USER	set_infrastructure_12	7	END	1510081237130	1510081560942
REQUEST	set_infrastructure_15	1		update_password_try_test_realm_160_test_user	1510081551576	1510081560943	OK	 
USER	set_infrastructure_15	1	END	1510081237080	1510081560943
REQUEST	set_infrastructure_13	6		user_try_test_realm_140_test_user_create	1510081551895	1510081561287	OK	 
REQUEST	set_infrastructure_13	6		user_try_test_realm_140_test_user_set	1510081561288	1510081567899	OK	 
REQUEST	set_infrastructure_13	6		update_password_try_test_realm_140_test_user	1510081567900	1510081573285	OK	 
USER	set_infrastructure_13	6	END	1510081237128	1510081573286
