RUN	ngage.keycloak.SetInfrastructure_401To500		setinfrastructure-401to500	1510084514224	 	2.0
USER	set_infrastructure_0047  	1	START	1510084514812	1510084514812
USER	set_infrastructure_0044  	2	START	1510084514849	1510084514849
USER	set_infrastructure_0045  	3	START	1510084514851	1510084514851
USER	set_infrastructure_0049  	4	START	1510084514852	1510084514852
USER	set_infrastructure_0046  	5	START	1510084514854	1510084514854
USER	set_infrastructure_0043  	6	START	1510084514857	1510084514857
USER	set_infrastructure_0040  	7	START	1510084514860	1510084514860
USER	set_infrastructure_0041  	8	START	1510084514866	1510084514866
USER	set_infrastructure_0048  	9	START	1510084514901	1510084514901
USER	set_infrastructure_0042  	10	START	1510084514902	1510084514902
REQUEST	set_infrastructure_0049  	4		get_admin_token	1510084514853	1510084515476	OK	 
REQUEST	set_infrastructure_0042  	10		get_admin_token	1510084514903	1510084515352	OK	 
REQUEST	set_infrastructure_0045  	3		get_admin_token	1510084514851	1510084515510	OK	 
REQUEST	set_infrastructure_0041  	8		get_admin_token	1510084514899	1510084515360	OK	 
REQUEST	set_infrastructure_0044  	2		get_admin_token	1510084514850	1510084515602	OK	 
REQUEST	set_infrastructure_0043  	6		get_admin_token	1510084514858	1510084515658	OK	 
REQUEST	set_infrastructure_0047  	1		get_admin_token	1510084514841	1510084515796	OK	 
REQUEST	set_infrastructure_0040  	7		get_admin_token	1510084514862	1510084515838	OK	 
REQUEST	set_infrastructure_0046  	5		get_admin_token	1510084514855	1510084515861	OK	 
REQUEST	set_infrastructure_0048  	9		get_admin_token	1510084514902	1510084515862	OK	 
REQUEST	set_infrastructure_0040  	7		create_realm_try_test_realm_401	1510084515840	1510084526363	KO	status.find.in(200,304,201,202,203,204,205,206,207,208,209), but actually found 409
REQUEST	set_infrastructure_0048  	9		create_realm_try_test_realm_481	1510084515863	1510084526365	KO	status.find.in(200,304,201,202,203,204,205,206,207,208,209), but actually found 409
REQUEST	set_infrastructure_0045  	3		create_realm_try_test_realm_451	1510084515573	1510084526350	KO	status.find.in(200,304,201,202,203,204,205,206,207,208,209), but actually found 409
REQUEST	set_infrastructure_0044  	2		create_realm_try_test_realm_441	1510084515605	1510084526354	KO	status.find.in(200,304,201,202,203,204,205,206,207,208,209), but actually found 409
REQUEST	set_infrastructure_0042  	10		create_realm_try_test_realm_421	1510084515558	1510084526353	KO	status.find.in(200,304,201,202,203,204,205,206,207,208,209), but actually found 409
REQUEST	set_infrastructure_0041  	8		create_realm_try_test_realm_411	1510084515567	1510084526362	KO	status.find.in(200,304,201,202,203,204,205,206,207,208,209), but actually found 409
REQUEST	set_infrastructure_0046  	5		create_realm_try_test_realm_461	1510084515863	1510084526379	KO	status.find.in(200,304,201,202,203,204,205,206,207,208,209), but actually found 409
REQUEST	set_infrastructure_0049  	4		create_realm_try_test_realm_491	1510084515528	1510084526385	KO	status.find.in(200,304,201,202,203,204,205,206,207,208,209), but actually found 409
REQUEST	set_infrastructure_0043  	6		create_realm_try_test_realm_431	1510084515660	1510084526395	KO	status.find.in(200,304,201,202,203,204,205,206,207,208,209), but actually found 409
REQUEST	set_infrastructure_0047  	1		create_realm_try_test_realm_471	1510084515798	1510084526399	KO	status.find.in(200,304,201,202,203,204,205,206,207,208,209), but actually found 409
REQUEST	set_infrastructure_0047  	1		client_try_test_realm_471_test_client_create	1510084526402	1510084536439	OK	 
REQUEST	set_infrastructure_0040  	7		client_try_test_realm_401_test_client_create	1510084526366	1510084536448	OK	 
REQUEST	set_infrastructure_0045  	3		client_try_test_realm_451_test_client_create	1510084526366	1510084536439	OK	 
REQUEST	set_infrastructure_0044  	2		client_try_test_realm_441_test_client_create	1510084526366	1510084536466	OK	 
REQUEST	set_infrastructure_0048  	9		client_try_test_realm_481_test_client_create	1510084526367	1510084536509	OK	 
REQUEST	set_infrastructure_0049  	4		client_try_test_realm_491_test_client_create	1510084526387	1510084536509	OK	 
REQUEST	set_infrastructure_0046  	5		client_try_test_realm_461_test_client_create	1510084526381	1510084536513	OK	 
REQUEST	set_infrastructure_0042  	10		client_try_test_realm_421_test_client_create	1510084526367	1510084536536	OK	 
REQUEST	set_infrastructure_0043  	6		client_try_test_realm_431_test_client_create	1510084526397	1510084536584	OK	 
REQUEST	set_infrastructure_0041  	8		client_try_test_realm_411_test_client_create	1510084526367	1510084536679	OK	 
REQUEST	set_infrastructure_0046  	5		client_try_test_realm_461_test_client_set	1510084536514	1510084546217	OK	 
REQUEST	set_infrastructure_0048  	9		client_try_test_realm_481_test_client_set	1510084536511	1510084546180	OK	 
REQUEST	set_infrastructure_0049  	4		client_try_test_realm_491_test_client_set	1510084536511	1510084546250	OK	 
REQUEST	set_infrastructure_0043  	6		client_try_test_realm_431_test_client_set	1510084536585	1510084546287	OK	 
REQUEST	set_infrastructure_0047  	1		client_try_test_realm_471_test_client_set	1510084536447	1510084546488	OK	 
REQUEST	set_infrastructure_0045  	3		client_try_test_realm_451_test_client_set	1510084536451	1510084546495	OK	 
REQUEST	set_infrastructure_0042  	10		client_try_test_realm_421_test_client_set	1510084536538	1510084546505	OK	 
REQUEST	set_infrastructure_0048  	9		user_try_test_realm_481_test_user_create	1510084546223	1510084546548	OK	 
REQUEST	set_infrastructure_0049  	4		user_try_test_realm_491_test_user_create	1510084546252	1510084546549	OK	 
REQUEST	set_infrastructure_0043  	6		user_try_test_realm_431_test_user_create	1510084546290	1510084546549	OK	 
REQUEST	set_infrastructure_0046  	5		user_try_test_realm_461_test_user_create	1510084546223	1510084546575	OK	 
REQUEST	set_infrastructure_0044  	2		client_try_test_realm_441_test_client_set	1510084536467	1510084547909	OK	 
REQUEST	set_infrastructure_0040  	7		client_try_test_realm_401_test_client_set	1510084536450	1510084548135	OK	 
REQUEST	set_infrastructure_0041  	8		client_try_test_realm_411_test_client_set	1510084536680	1510084549180	OK	 
REQUEST	set_infrastructure_0044  	2		user_try_test_realm_441_test_user_create	1510084547911	1510084557871	OK	 
REQUEST	set_infrastructure_0041  	8		user_try_test_realm_411_test_user_create	1510084549182	1510084557903	OK	 
REQUEST	set_infrastructure_0040  	7		user_try_test_realm_401_test_user_create	1510084548137	1510084557970	OK	 
REQUEST	set_infrastructure_0042  	10		user_try_test_realm_421_test_user_create	1510084546507	1510084558160	OK	 
REQUEST	set_infrastructure_0045  	3		user_try_test_realm_451_test_user_create	1510084546497	1510084558389	OK	 
REQUEST	set_infrastructure_0047  	1		user_try_test_realm_471_test_user_create	1510084546491	1510084558391	OK	 
REQUEST	set_infrastructure_0043  	6		user_try_test_realm_431_test_user_set	1510084546550	1510084559088	OK	 
REQUEST	set_infrastructure_0048  	9		user_try_test_realm_481_test_user_set	1510084546550	1510084559286	OK	 
REQUEST	set_infrastructure_0049  	4		user_try_test_realm_491_test_user_set	1510084546550	1510084559286	OK	 
REQUEST	set_infrastructure_0046  	5		user_try_test_realm_461_test_user_set	1510084546576	1510084559330	OK	 
REQUEST	set_infrastructure_0043  	6		update_password_try_test_realm_431_test_user	1510084559092	1510084567294	OK	 
REQUEST	set_infrastructure_0048  	9		update_password_try_test_realm_481_test_user	1510084559287	1510084567312	OK	 
REQUEST	set_infrastructure_0046  	5		update_password_try_test_realm_461_test_user	1510084559354	1510084567333	OK	 
REQUEST	set_infrastructure_0049  	4		update_password_try_test_realm_491_test_user	1510084559288	1510084567527	OK	 
REQUEST	set_infrastructure_0043  	6		create_realm_try_test_realm_432	1510084567295	1510084567796	KO	status.find.in(200,304,201,202,203,204,205,206,207,208,209), but actually found 409
REQUEST	set_infrastructure_0049  	4		create_realm_try_test_realm_492	1510084567528	1510084567797	KO	status.find.in(200,304,201,202,203,204,205,206,207,208,209), but actually found 409
REQUEST	set_infrastructure_0046  	5		create_realm_try_test_realm_462	1510084567334	1510084567799	KO	status.find.in(200,304,201,202,203,204,205,206,207,208,209), but actually found 409
REQUEST	set_infrastructure_0048  	9		create_realm_try_test_realm_482	1510084567313	1510084567811	KO	status.find.in(200,304,201,202,203,204,205,206,207,208,209), but actually found 409
REQUEST	set_infrastructure_0040  	7		user_try_test_realm_401_test_user_set	1510084557972	1510084568755	OK	 
REQUEST	set_infrastructure_0042  	10		user_try_test_realm_421_test_user_set	1510084558161	1510084568998	OK	 
REQUEST	set_infrastructure_0047  	1		user_try_test_realm_471_test_user_set	1510084558392	1510084569015	OK	 
REQUEST	set_infrastructure_0045  	3		user_try_test_realm_451_test_user_set	1510084558390	1510084569223	OK	 
REQUEST	set_infrastructure_0044  	2		user_try_test_realm_441_test_user_set	1510084557872	1510084569580	OK	 
REQUEST	set_infrastructure_0043  	6		client_try_test_realm_432_test_client_create	1510084567798	1510084569610	OK	 
REQUEST	set_infrastructure_0041  	8		user_try_test_realm_411_test_user_set	1510084557904	1510084569645	OK	 
REQUEST	set_infrastructure_0046  	5		client_try_test_realm_462_test_client_create	1510084567812	1510084569646	OK	 
REQUEST	set_infrastructure_0042  	10		update_password_try_test_realm_421_test_user	1510084568999	1510084569659	OK	 
REQUEST	set_infrastructure_0049  	4		client_try_test_realm_492_test_client_create	1510084567798	1510084569711	OK	 
REQUEST	set_infrastructure_0048  	9		client_try_test_realm_482_test_client_create	1510084567813	1510084569727	OK	 
REQUEST	set_infrastructure_0047  	1		update_password_try_test_realm_471_test_user	1510084569017	1510084569963	OK	 
REQUEST	set_infrastructure_0040  	7		update_password_try_test_realm_401_test_user	1510084568756	1510084570204	OK	 
REQUEST	set_infrastructure_0042  	10		create_realm_try_test_realm_422	1510084569660	1510084579983	KO	status.find.in(200,304,201,202,203,204,205,206,207,208,209), but actually found 409
REQUEST	set_infrastructure_0047  	1		create_realm_try_test_realm_472	1510084569964	1510084579997	KO	status.find.in(200,304,201,202,203,204,205,206,207,208,209), but actually found 409
REQUEST	set_infrastructure_0040  	7		create_realm_try_test_realm_402	1510084570227	1510084580003	KO	status.find.in(200,304,201,202,203,204,205,206,207,208,209), but actually found 409
REQUEST	set_infrastructure_0044  	2		update_password_try_test_realm_441_test_user	1510084569582	1510084580425	OK	 
REQUEST	set_infrastructure_0041  	8		update_password_try_test_realm_411_test_user	1510084569646	1510084580530	OK	 
REQUEST	set_infrastructure_0045  	3		update_password_try_test_realm_451_test_user	1510084569224	1510084580571	OK	 
REQUEST	set_infrastructure_0041  	8		create_realm_try_test_realm_412	1510084580531	1510084581345	KO	status.find.in(200,304,201,202,203,204,205,206,207,208,209), but actually found 409
REQUEST	set_infrastructure_0044  	2		create_realm_try_test_realm_442	1510084580426	1510084581345	KO	status.find.in(200,304,201,202,203,204,205,206,207,208,209), but actually found 409
REQUEST	set_infrastructure_0045  	3		create_realm_try_test_realm_452	1510084580572	1510084581923	KO	status.find.in(200,304,201,202,203,204,205,206,207,208,209), but actually found 409
REQUEST	set_infrastructure_0047  	1		client_try_test_realm_472_test_client_create	1510084579999	1510084582029	OK	 
REQUEST	set_infrastructure_0042  	10		client_try_test_realm_422_test_client_create	1510084579985	1510084582041	OK	 
REQUEST	set_infrastructure_0040  	7		client_try_test_realm_402_test_client_create	1510084580005	1510084582087	OK	 
REQUEST	set_infrastructure_0043  	6		client_try_test_realm_432_test_client_set	1510084569612	1510084582379	OK	 
REQUEST	set_infrastructure_0046  	5		client_try_test_realm_462_test_client_set	1510084569647	1510084582411	OK	 
REQUEST	set_infrastructure_0048  	9		client_try_test_realm_482_test_client_set	1510084569728	1510084582579	OK	 
REQUEST	set_infrastructure_0045  	3		client_try_test_realm_452_test_client_create	1510084581924	1510084583317	OK	 
REQUEST	set_infrastructure_0048  	9		user_try_test_realm_482_test_user_create	1510084582581	1510084583400	OK	 
REQUEST	set_infrastructure_0043  	6		user_try_test_realm_432_test_user_create	1510084582381	1510084583402	OK	 
REQUEST	set_infrastructure_0046  	5		user_try_test_realm_462_test_user_create	1510084582413	1510084583495	OK	 
REQUEST	set_infrastructure_0041  	8		client_try_test_realm_412_test_client_create	1510084581346	1510084584017	OK	 
REQUEST	set_infrastructure_0044  	2		client_try_test_realm_442_test_client_create	1510084581347	1510084584043	OK	 
REQUEST	set_infrastructure_0047  	1		client_try_test_realm_472_test_client_set	1510084582031	1510084585441	OK	 
REQUEST	set_infrastructure_0043  	6		user_try_test_realm_432_test_user_set	1510084583404	1510084585512	OK	 
REQUEST	set_infrastructure_0042  	10		client_try_test_realm_422_test_client_set	1510084582042	1510084585955	OK	 
REQUEST	set_infrastructure_0049  	4		client_try_test_realm_492_test_client_set	1510084569712	1510084586280	OK	 
REQUEST	set_infrastructure_0045  	3		client_try_test_realm_452_test_client_set	1510084583318	1510084588040	OK	 
REQUEST	set_infrastructure_0046  	5		user_try_test_realm_462_test_user_set	1510084583496	1510084588345	OK	 
REQUEST	set_infrastructure_0043  	6		update_password_try_test_realm_432_test_user	1510084585513	1510084593276	OK	 
REQUEST	set_infrastructure_0046  	5		update_password_try_test_realm_462_test_user	1510084588347	1510084593392	OK	 
REQUEST	set_infrastructure_0040  	7		client_try_test_realm_402_test_client_set	1510084582088	1510084593492	OK	 
REQUEST	set_infrastructure_0045  	3		user_try_test_realm_452_test_user_create	1510084588042	1510084593591	OK	 
REQUEST	set_infrastructure_0049  	4		user_try_test_realm_492_test_user_create	1510084586282	1510084593770	OK	 
REQUEST	set_infrastructure_0048  	9		user_try_test_realm_482_test_user_set	1510084583401	1510084593794	OK	 
REQUEST	set_infrastructure_0047  	1		user_try_test_realm_472_test_user_create	1510084585443	1510084593882	OK	 
REQUEST	set_infrastructure_0042  	10		user_try_test_realm_422_test_user_create	1510084585957	1510084593981	OK	 
REQUEST	set_infrastructure_0046  	5		create_realm_try_test_realm_463	1510084593393	1510084594530	KO	status.find.in(200,304,201,202,203,204,205,206,207,208,209), but actually found 409
REQUEST	set_infrastructure_0043  	6		create_realm_try_test_realm_433	1510084593276	1510084594532	KO	status.find.in(200,304,201,202,203,204,205,206,207,208,209), but actually found 409
REQUEST	set_infrastructure_0040  	7		user_try_test_realm_402_test_user_create	1510084593495	1510084594640	OK	 
REQUEST	set_infrastructure_0048  	9		update_password_try_test_realm_482_test_user	1510084593796	1510084595124	OK	 
REQUEST	set_infrastructure_0044  	2		client_try_test_realm_442_test_client_set	1510084584044	1510084595813	OK	 
REQUEST	set_infrastructure_0048  	9		create_realm_try_test_realm_483	1510084595124	1510084595819	KO	status.find.in(200,304,201,202,203,204,205,206,207,208,209), but actually found 409
REQUEST	set_infrastructure_0046  	5		client_try_test_realm_463_test_client_create	1510084594531	1510084596099	OK	 
REQUEST	set_infrastructure_0043  	6		client_try_test_realm_433_test_client_create	1510084594533	1510084596235	OK	 
REQUEST	set_infrastructure_0041  	8		client_try_test_realm_412_test_client_set	1510084584018	1510084596398	OK	 
REQUEST	set_infrastructure_0042  	10		user_try_test_realm_422_test_user_set	1510084593983	1510084596519	OK	 
REQUEST	set_infrastructure_0049  	4		user_try_test_realm_492_test_user_set	1510084593772	1510084596569	OK	 
REQUEST	set_infrastructure_0047  	1		user_try_test_realm_472_test_user_set	1510084593883	1510084596736	OK	 
REQUEST	set_infrastructure_0040  	7		user_try_test_realm_402_test_user_set	1510084594641	1510084596909	OK	 
REQUEST	set_infrastructure_0045  	3		user_try_test_realm_452_test_user_set	1510084593592	1510084597290	OK	 
REQUEST	set_infrastructure_0048  	9		client_try_test_realm_483_test_client_create	1510084595820	1510084607289	OK	 
REQUEST	set_infrastructure_0045  	3		update_password_try_test_realm_452_test_user	1510084597291	1510084607333	OK	 
REQUEST	set_infrastructure_0047  	1		update_password_try_test_realm_472_test_user	1510084596737	1510084607401	OK	 
REQUEST	set_infrastructure_0049  	4		update_password_try_test_realm_492_test_user	1510084596570	1510084607433	OK	 
REQUEST	set_infrastructure_0042  	10		update_password_try_test_realm_422_test_user	1510084596521	1510084607483	OK	 
REQUEST	set_infrastructure_0040  	7		update_password_try_test_realm_402_test_user	1510084596910	1510084607506	OK	 
REQUEST	set_infrastructure_0041  	8		user_try_test_realm_412_test_user_create	1510084596400	1510084608838	OK	 
REQUEST	set_infrastructure_0044  	2		user_try_test_realm_442_test_user_create	1510084595815	1510084609087	OK	 
REQUEST	set_infrastructure_0047  	1		create_realm_try_test_realm_473	1510084607402	1510084609182	KO	status.find.in(200,304,201,202,203,204,205,206,207,208,209), but actually found 409
REQUEST	set_infrastructure_0045  	3		create_realm_try_test_realm_453	1510084607334	1510084609211	KO	status.find.in(200,304,201,202,203,204,205,206,207,208,209), but actually found 409
REQUEST	set_infrastructure_0042  	10		create_realm_try_test_realm_423	1510084607483	1510084609232	KO	status.find.in(200,304,201,202,203,204,205,206,207,208,209), but actually found 409
REQUEST	set_infrastructure_0049  	4		create_realm_try_test_realm_493	1510084607434	1510084609304	KO	status.find.in(200,304,201,202,203,204,205,206,207,208,209), but actually found 409
REQUEST	set_infrastructure_0040  	7		create_realm_try_test_realm_403	1510084607507	1510084609455	KO	status.find.in(200,304,201,202,203,204,205,206,207,208,209), but actually found 409
REQUEST	set_infrastructure_0043  	6		client_try_test_realm_433_test_client_set	1510084596236	1510084610549	OK	 
REQUEST	set_infrastructure_0046  	5		client_try_test_realm_463_test_client_set	1510084596100	1510084610844	OK	 
REQUEST	set_infrastructure_0045  	3		client_try_test_realm_453_test_client_create	1510084609213	1510084617751	OK	 
REQUEST	set_infrastructure_0042  	10		client_try_test_realm_423_test_client_create	1510084609233	1510084617772	OK	 
REQUEST	set_infrastructure_0047  	1		client_try_test_realm_473_test_client_create	1510084609185	1510084617779	OK	 
REQUEST	set_infrastructure_0049  	4		client_try_test_realm_493_test_client_create	1510084609306	1510084617791	OK	 
REQUEST	set_infrastructure_0040  	7		client_try_test_realm_403_test_client_create	1510084609456	1510084617840	OK	 
REQUEST	set_infrastructure_0046  	5		user_try_test_realm_463_test_user_create	1510084610846	1510084618156	OK	 
REQUEST	set_infrastructure_0043  	6		user_try_test_realm_433_test_user_create	1510084610551	1510084618209	OK	 
REQUEST	set_infrastructure_0041  	8		user_try_test_realm_412_test_user_set	1510084608839	1510084618291	OK	 
REQUEST	set_infrastructure_0048  	9		client_try_test_realm_483_test_client_set	1510084607290	1510084618402	OK	 
REQUEST	set_infrastructure_0048  	9		user_try_test_realm_483_test_user_create	1510084618404	1510084621368	OK	 
REQUEST	set_infrastructure_0041  	8		update_password_try_test_realm_412_test_user	1510084618292	1510084621463	OK	 
REQUEST	set_infrastructure_0044  	2		user_try_test_realm_442_test_user_set	1510084609088	1510084623422	OK	 
REQUEST	set_infrastructure_0041  	8		create_realm_try_test_realm_413	1510084621463	1510084627968	KO	status.find.in(200,304,201,202,203,204,205,206,207,208,209), but actually found 409
REQUEST	set_infrastructure_0044  	2		update_password_try_test_realm_442_test_user	1510084623423	1510084628281	OK	 
REQUEST	set_infrastructure_0047  	1		client_try_test_realm_473_test_client_set	1510084617780	1510084628418	OK	 
REQUEST	set_infrastructure_0040  	7		client_try_test_realm_403_test_client_set	1510084617841	1510084628490	OK	 
REQUEST	set_infrastructure_0042  	10		client_try_test_realm_423_test_client_set	1510084617773	1510084628507	OK	 
REQUEST	set_infrastructure_0049  	4		client_try_test_realm_493_test_client_set	1510084617792	1510084628578	OK	 
REQUEST	set_infrastructure_0043  	6		user_try_test_realm_433_test_user_set	1510084618210	1510084628756	OK	 
REQUEST	set_infrastructure_0046  	5		user_try_test_realm_463_test_user_set	1510084618157	1510084628884	OK	 
REQUEST	set_infrastructure_0044  	2		create_realm_try_test_realm_443	1510084628282	1510084629782	KO	status.find.in(200,304,201,202,203,204,205,206,207,208,209), but actually found 409
REQUEST	set_infrastructure_0049  	4		user_try_test_realm_493_test_user_create	1510084628580	1510084629833	OK	 
REQUEST	set_infrastructure_0042  	10		user_try_test_realm_423_test_user_create	1510084628508	1510084629839	OK	 
REQUEST	set_infrastructure_0040  	7		user_try_test_realm_403_test_user_create	1510084628492	1510084629842	OK	 
REQUEST	set_infrastructure_0047  	1		user_try_test_realm_473_test_user_create	1510084628419	1510084629877	OK	 
REQUEST	set_infrastructure_0041  	8		client_try_test_realm_413_test_client_create	1510084627969	1510084629966	OK	 
REQUEST	set_infrastructure_0046  	5		update_password_try_test_realm_463_test_user	1510084628886	1510084630017	OK	 
REQUEST	set_infrastructure_0043  	6		update_password_try_test_realm_433_test_user	1510084628758	1510084630115	OK	 
REQUEST	set_infrastructure_0041  	8		client_try_test_realm_413_test_client_set	1510084629971	1510084631314	OK	 
REQUEST	set_infrastructure_0043  	6		create_realm_try_test_realm_434	1510084630116	1510084631366	KO	status.find.in(200,304,201,202,203,204,205,206,207,208,209), but actually found 409
REQUEST	set_infrastructure_0046  	5		create_realm_try_test_realm_464	1510084630017	1510084631541	KO	status.find.in(200,304,201,202,203,204,205,206,207,208,209), but actually found 409
REQUEST	set_infrastructure_0045  	3		client_try_test_realm_453_test_client_set	1510084617752	1510084631720	OK	 
REQUEST	set_infrastructure_0044  	2		client_try_test_realm_443_test_client_create	1510084629783	1510084631737	OK	 
REQUEST	set_infrastructure_0040  	7		user_try_test_realm_403_test_user_set	1510084629843	1510084631807	OK	 
REQUEST	set_infrastructure_0049  	4		user_try_test_realm_493_test_user_set	1510084629834	1510084631895	OK	 
REQUEST	set_infrastructure_0047  	1		user_try_test_realm_473_test_user_set	1510084629878	1510084632193	OK	 
REQUEST	set_infrastructure_0042  	10		user_try_test_realm_423_test_user_set	1510084629841	1510084632375	OK	 
REQUEST	set_infrastructure_0046  	5		client_try_test_realm_464_test_client_create	1510084631542	1510084634020	OK	 
REQUEST	set_infrastructure_0043  	6		client_try_test_realm_434_test_client_create	1510084631368	1510084634034	OK	 
REQUEST	set_infrastructure_0045  	3		user_try_test_realm_453_test_user_create	1510084631722	1510084634191	OK	 
REQUEST	set_infrastructure_0041  	8		user_try_test_realm_413_test_user_create	1510084631316	1510084634213	OK	 
REQUEST	set_infrastructure_0040  	7		update_password_try_test_realm_403_test_user	1510084631808	1510084634281	OK	 
REQUEST	set_infrastructure_0049  	4		update_password_try_test_realm_493_test_user	1510084631897	1510084634296	OK	 
REQUEST	set_infrastructure_0042  	10		update_password_try_test_realm_423_test_user	1510084632376	1510084634351	OK	 
REQUEST	set_infrastructure_0047  	1		update_password_try_test_realm_473_test_user	1510084632194	1510084634354	OK	 
REQUEST	set_infrastructure_0040  	7		create_realm_try_test_realm_404	1510084634281	1510084634971	KO	status.find.in(200,304,201,202,203,204,205,206,207,208,209), but actually found 409
REQUEST	set_infrastructure_0042  	10		create_realm_try_test_realm_424	1510084634352	1510084635007	KO	status.find.in(200,304,201,202,203,204,205,206,207,208,209), but actually found 409
REQUEST	set_infrastructure_0049  	4		create_realm_try_test_realm_494	1510084634296	1510084635014	KO	status.find.in(200,304,201,202,203,204,205,206,207,208,209), but actually found 409
REQUEST	set_infrastructure_0047  	1		create_realm_try_test_realm_474	1510084634354	1510084635227	KO	status.find.in(200,304,201,202,203,204,205,206,207,208,209), but actually found 409
REQUEST	set_infrastructure_0048  	9		user_try_test_realm_483_test_user_set	1510084621369	1510084635308	OK	 
REQUEST	set_infrastructure_0043  	6		client_try_test_realm_434_test_client_set	1510084634035	1510084635569	OK	 
REQUEST	set_infrastructure_0045  	3		user_try_test_realm_453_test_user_set	1510084634192	1510084636018	OK	 
REQUEST	set_infrastructure_0046  	5		client_try_test_realm_464_test_client_set	1510084634021	1510084636161	OK	 
REQUEST	set_infrastructure_0047  	1		client_try_test_realm_474_test_client_create	1510084635228	1510084643364	OK	 
REQUEST	set_infrastructure_0040  	7		client_try_test_realm_404_test_client_create	1510084634972	1510084643394	OK	 
REQUEST	set_infrastructure_0042  	10		client_try_test_realm_424_test_client_create	1510084635008	1510084643577	OK	 
REQUEST	set_infrastructure_0049  	4		client_try_test_realm_494_test_client_create	1510084635015	1510084643583	OK	 
REQUEST	set_infrastructure_0045  	3		update_password_try_test_realm_453_test_user	1510084636019	1510084643598	OK	 
REQUEST	set_infrastructure_0048  	9		update_password_try_test_realm_483_test_user	1510084635309	1510084643637	OK	 
REQUEST	set_infrastructure_0046  	5		user_try_test_realm_464_test_user_create	1510084636163	1510084643761	OK	 
REQUEST	set_infrastructure_0043  	6		user_try_test_realm_434_test_user_create	1510084635571	1510084644134	OK	 
REQUEST	set_infrastructure_0041  	8		user_try_test_realm_413_test_user_set	1510084634214	1510084644485	OK	 
REQUEST	set_infrastructure_0042  	10		client_try_test_realm_424_test_client_set	1510084643578	1510084644502	OK	 
REQUEST	set_infrastructure_0049  	4		client_try_test_realm_494_test_client_set	1510084643584	1510084644503	OK	 
REQUEST	set_infrastructure_0047  	1		client_try_test_realm_474_test_client_set	1510084643365	1510084644516	OK	 
REQUEST	set_infrastructure_0040  	7		client_try_test_realm_404_test_client_set	1510084643395	1510084644517	OK	 
REQUEST	set_infrastructure_0046  	5		user_try_test_realm_464_test_user_set	1510084643762	1510084644540	OK	 
REQUEST	set_infrastructure_0045  	3		create_realm_try_test_realm_454	1510084643599	1510084644699	KO	status.find.in(200,304,201,202,203,204,205,206,207,208,209), but actually found 409
REQUEST	set_infrastructure_0048  	9		create_realm_try_test_realm_484	1510084643638	1510084644869	KO	status.find.in(200,304,201,202,203,204,205,206,207,208,209), but actually found 409
REQUEST	set_infrastructure_0044  	2		client_try_test_realm_443_test_client_set	1510084631738	1510084646778	OK	 
REQUEST	set_infrastructure_0048  	9		client_try_test_realm_484_test_client_create	1510084644870	1510084655934	OK	 
REQUEST	set_infrastructure_0045  	3		client_try_test_realm_454_test_client_create	1510084644701	1510084655965	OK	 
REQUEST	set_infrastructure_0046  	5		update_password_try_test_realm_464_test_user	1510084644541	1510084656125	OK	 
REQUEST	set_infrastructure_0041  	8		update_password_try_test_realm_413_test_user	1510084644486	1510084656132	OK	 
REQUEST	set_infrastructure_0044  	2		user_try_test_realm_443_test_user_create	1510084646779	1510084657161	OK	 
REQUEST	set_infrastructure_0042  	10		user_try_test_realm_424_test_user_create	1510084644504	1510084657351	OK	 
REQUEST	set_infrastructure_0047  	1		user_try_test_realm_474_test_user_create	1510084644518	1510084657443	OK	 
REQUEST	set_infrastructure_0049  	4		user_try_test_realm_494_test_user_create	1510084644505	1510084658103	OK	 
REQUEST	set_infrastructure_0040  	7		user_try_test_realm_404_test_user_create	1510084644519	1510084658108	OK	 
REQUEST	set_infrastructure_0041  	8		create_realm_try_test_realm_414	1510084656132	1510084658138	KO	status.find.in(200,304,201,202,203,204,205,206,207,208,209), but actually found 409
REQUEST	set_infrastructure_0046  	5		create_realm_try_test_realm_465	1510084656125	1510084658758	KO	status.find.in(200,304,201,202,203,204,205,206,207,208,209), but actually found 409
REQUEST	set_infrastructure_0043  	6		user_try_test_realm_434_test_user_set	1510084644146	1510084659601	OK	 
REQUEST	set_infrastructure_0046  	5		client_try_test_realm_465_test_client_create	1510084658759	1510084665926	OK	 
REQUEST	set_infrastructure_0041  	8		client_try_test_realm_414_test_client_create	1510084658139	1510084666034	OK	 
REQUEST	set_infrastructure_0043  	6		update_password_try_test_realm_434_test_user	1510084659602	1510084666073	OK	 
REQUEST	set_infrastructure_0042  	10		user_try_test_realm_424_test_user_set	1510084657352	1510084666486	OK	 
REQUEST	set_infrastructure_0041  	8		client_try_test_realm_414_test_client_set	1510084666035	1510084667035	OK	 
REQUEST	set_infrastructure_0044  	2		user_try_test_realm_443_test_user_set	1510084657162	1510084667037	OK	 
REQUEST	set_infrastructure_0043  	6		create_realm_try_test_realm_435	1510084666073	1510084667039	KO	status.find.in(200,304,201,202,203,204,205,206,207,208,209), but actually found 409
REQUEST	set_infrastructure_0046  	5		client_try_test_realm_465_test_client_set	1510084665927	1510084667046	OK	 
REQUEST	set_infrastructure_0047  	1		user_try_test_realm_474_test_user_set	1510084657444	1510084667049	OK	 
REQUEST	set_infrastructure_0049  	4		user_try_test_realm_494_test_user_set	1510084658104	1510084667433	OK	 
REQUEST	set_infrastructure_0040  	7		user_try_test_realm_404_test_user_set	1510084658109	1510084667519	OK	 
REQUEST	set_infrastructure_0048  	9		client_try_test_realm_484_test_client_set	1510084655935	1510084667926	OK	 
REQUEST	set_infrastructure_0045  	3		client_try_test_realm_454_test_client_set	1510084655966	1510084668304	OK	 
REQUEST	set_infrastructure_0043  	6		client_try_test_realm_435_test_client_create	1510084667041	1510084677563	OK	 
REQUEST	set_infrastructure_0044  	2		update_password_try_test_realm_443_test_user	1510084667038	1510084677626	OK	 
REQUEST	set_infrastructure_0049  	4		update_password_try_test_realm_494_test_user	1510084667435	1510084677669	OK	 
REQUEST	set_infrastructure_0040  	7		update_password_try_test_realm_404_test_user	1510084667521	1510084677832	OK	 
REQUEST	set_infrastructure_0042  	10		update_password_try_test_realm_424_test_user	1510084666488	1510084677863	OK	 
REQUEST	set_infrastructure_0047  	1		update_password_try_test_realm_474_test_user	1510084667050	1510084677872	OK	 
REQUEST	set_infrastructure_0045  	3		user_try_test_realm_454_test_user_create	1510084668305	1510084678667	OK	 
REQUEST	set_infrastructure_0041  	8		user_try_test_realm_414_test_user_create	1510084667037	1510084678993	OK	 
REQUEST	set_infrastructure_0048  	9		user_try_test_realm_484_test_user_create	1510084667928	1510084679132	OK	 
REQUEST	set_infrastructure_0046  	5		user_try_test_realm_465_test_user_create	1510084667048	1510084680431	OK	 
REQUEST	set_infrastructure_0047  	1		create_realm_try_test_realm_475	1510084677873	1510084687147	KO	status.find.in(200,304,201,202,203,204,205,206,207,208,209), but actually found 409
REQUEST	set_infrastructure_0049  	4		create_realm_try_test_realm_495	1510084677669	1510084687161	KO	status.find.in(200,304,201,202,203,204,205,206,207,208,209), but actually found 409
REQUEST	set_infrastructure_0040  	7		create_realm_try_test_realm_405	1510084677833	1510084687169	KO	status.find.in(200,304,201,202,203,204,205,206,207,208,209), but actually found 409
REQUEST	set_infrastructure_0044  	2		create_realm_try_test_realm_444	1510084677627	1510084687178	KO	status.find.in(200,304,201,202,203,204,205,206,207,208,209), but actually found 409
REQUEST	set_infrastructure_0042  	10		create_realm_try_test_realm_425	1510084677864	1510084687812	KO	status.find.in(200,304,201,202,203,204,205,206,207,208,209), but actually found 409
REQUEST	set_infrastructure_0045  	3		user_try_test_realm_454_test_user_set	1510084678668	1510084688224	OK	 
REQUEST	set_infrastructure_0048  	9		user_try_test_realm_484_test_user_set	1510084679133	1510084688284	OK	 
REQUEST	set_infrastructure_0041  	8		user_try_test_realm_414_test_user_set	1510084678994	1510084688564	OK	 
REQUEST	set_infrastructure_0044  	2		client_try_test_realm_444_test_client_create	1510084687179	1510084689013	OK	 
REQUEST	set_infrastructure_0042  	10		client_try_test_realm_425_test_client_create	1510084687813	1510084689013	OK	 
REQUEST	set_infrastructure_0047  	1		client_try_test_realm_475_test_client_create	1510084687148	1510084689213	OK	 
REQUEST	set_infrastructure_0040  	7		client_try_test_realm_405_test_client_create	1510084687171	1510084689216	OK	 
REQUEST	set_infrastructure_0041  	8		update_password_try_test_realm_414_test_user	1510084688565	1510084689238	OK	 
REQUEST	set_infrastructure_0049  	4		client_try_test_realm_495_test_client_create	1510084687162	1510084689288	OK	 
REQUEST	set_infrastructure_0045  	3		update_password_try_test_realm_454_test_user	1510084688225	1510084689290	OK	 
REQUEST	set_infrastructure_0048  	9		update_password_try_test_realm_484_test_user	1510084688286	1510084689333	OK	 
REQUEST	set_infrastructure_0048  	9		create_realm_try_test_realm_485	1510084689333	1510084689603	KO	status.find.in(200,304,201,202,203,204,205,206,207,208,209), but actually found 409
REQUEST	set_infrastructure_0045  	3		create_realm_try_test_realm_455	1510084689290	1510084689608	KO	status.find.in(200,304,201,202,203,204,205,206,207,208,209), but actually found 409
REQUEST	set_infrastructure_0041  	8		create_realm_try_test_realm_415	1510084689238	1510084689617	KO	status.find.in(200,304,201,202,203,204,205,206,207,208,209), but actually found 409
REQUEST	set_infrastructure_0043  	6		client_try_test_realm_435_test_client_set	1510084677564	1510084690705	OK	 
REQUEST	set_infrastructure_0042  	10		client_try_test_realm_425_test_client_set	1510084689014	1510084693499	OK	 
REQUEST	set_infrastructure_0046  	5		user_try_test_realm_465_test_user_set	1510084680432	1510084693661	OK	 
REQUEST	set_infrastructure_0041  	8		client_try_test_realm_415_test_client_create	1510084689618	1510084693677	OK	 
REQUEST	set_infrastructure_0043  	6		user_try_test_realm_435_test_user_create	1510084690706	1510084693711	OK	 
REQUEST	set_infrastructure_0048  	9		client_try_test_realm_485_test_client_create	1510084689604	1510084693713	OK	 
REQUEST	set_infrastructure_0040  	7		client_try_test_realm_405_test_client_set	1510084689217	1510084693807	OK	 
REQUEST	set_infrastructure_0045  	3		client_try_test_realm_455_test_client_create	1510084689609	1510084693813	OK	 
REQUEST	set_infrastructure_0047  	1		client_try_test_realm_475_test_client_set	1510084689214	1510084693968	OK	 
REQUEST	set_infrastructure_0049  	4		client_try_test_realm_495_test_client_set	1510084689289	1510084694276	OK	 
REQUEST	set_infrastructure_0044  	2		client_try_test_realm_444_test_client_set	1510084689014	1510084694392	OK	 
REQUEST	set_infrastructure_0046  	5		update_password_try_test_realm_465_test_user	1510084693662	1510084704440	OK	 
REQUEST	set_infrastructure_0049  	4		user_try_test_realm_495_test_user_create	1510084694277	1510084705006	OK	 
REQUEST	set_infrastructure_0044  	2		user_try_test_realm_444_test_user_create	1510084694394	1510084705034	OK	 
REQUEST	set_infrastructure_0040  	7		user_try_test_realm_405_test_user_create	1510084693809	1510084705074	OK	 
REQUEST	set_infrastructure_0046  	5		create_realm_try_test_realm_466	1510084704440	1510084705090	KO	status.find.in(200,304,201,202,203,204,205,206,207,208,209), but actually found 409
REQUEST	set_infrastructure_0042  	10		user_try_test_realm_425_test_user_create	1510084693501	1510084705311	OK	 
REQUEST	set_infrastructure_0047  	1		user_try_test_realm_475_test_user_create	1510084693970	1510084705396	OK	 
REQUEST	set_infrastructure_0048  	9		client_try_test_realm_485_test_client_set	1510084693714	1510084706032	OK	 
REQUEST	set_infrastructure_0045  	3		client_try_test_realm_455_test_client_set	1510084693813	1510084706561	OK	 
REQUEST	set_infrastructure_0047  	1		user_try_test_realm_475_test_user_set	1510084705397	1510084706612	OK	 
REQUEST	set_infrastructure_0042  	10		user_try_test_realm_425_test_user_set	1510084705312	1510084706627	OK	 
REQUEST	set_infrastructure_0048  	9		user_try_test_realm_485_test_user_create	1510084706034	1510084706662	OK	 
REQUEST	set_infrastructure_0043  	6		user_try_test_realm_435_test_user_set	1510084693712	1510084706679	OK	 
REQUEST	set_infrastructure_0046  	5		client_try_test_realm_466_test_client_create	1510084705091	1510084706872	OK	 
REQUEST	set_infrastructure_0041  	8		client_try_test_realm_415_test_client_set	1510084693678	1510084707347	OK	 
REQUEST	set_infrastructure_0044  	2		user_try_test_realm_444_test_user_set	1510084705035	1510084707656	OK	 
REQUEST	set_infrastructure_0040  	7		user_try_test_realm_405_test_user_set	1510084705075	1510084707741	OK	 
REQUEST	set_infrastructure_0049  	4		user_try_test_realm_495_test_user_set	1510084705007	1510084707749	OK	 
REQUEST	set_infrastructure_0047  	1		update_password_try_test_realm_475_test_user	1510084706614	1510084718249	OK	 
REQUEST	set_infrastructure_0043  	6		update_password_try_test_realm_435_test_user	1510084706680	1510084718289	OK	 
REQUEST	set_infrastructure_0040  	7		update_password_try_test_realm_405_test_user	1510084707743	1510084718312	OK	 
REQUEST	set_infrastructure_0044  	2		update_password_try_test_realm_444_test_user	1510084707657	1510084718328	OK	 
REQUEST	set_infrastructure_0049  	4		update_password_try_test_realm_495_test_user	1510084707751	1510084718446	OK	 
REQUEST	set_infrastructure_0042  	10		update_password_try_test_realm_425_test_user	1510084706628	1510084718670	OK	 
REQUEST	set_infrastructure_0043  	6		create_realm_try_test_realm_436	1510084718290	1510084719228	KO	status.find.in(200,304,201,202,203,204,205,206,207,208,209), but actually found 409
REQUEST	set_infrastructure_0042  	10		create_realm_try_test_realm_426	1510084718671	1510084719228	KO	status.find.in(200,304,201,202,203,204,205,206,207,208,209), but actually found 409
REQUEST	set_infrastructure_0041  	8		user_try_test_realm_415_test_user_create	1510084707349	1510084719229	OK	 
REQUEST	set_infrastructure_0049  	4		create_realm_try_test_realm_496	1510084718446	1510084719230	KO	status.find.in(200,304,201,202,203,204,205,206,207,208,209), but actually found 409
REQUEST	set_infrastructure_0047  	1		create_realm_try_test_realm_476	1510084718250	1510084719233	KO	status.find.in(200,304,201,202,203,204,205,206,207,208,209), but actually found 409
REQUEST	set_infrastructure_0040  	7		create_realm_try_test_realm_406	1510084718312	1510084719245	KO	status.find.in(200,304,201,202,203,204,205,206,207,208,209), but actually found 409
REQUEST	set_infrastructure_0044  	2		create_realm_try_test_realm_445	1510084718328	1510084719248	KO	status.find.in(200,304,201,202,203,204,205,206,207,208,209), but actually found 409
REQUEST	set_infrastructure_0045  	3		user_try_test_realm_455_test_user_create	1510084706563	1510084719298	OK	 
REQUEST	set_infrastructure_0048  	9		user_try_test_realm_485_test_user_set	1510084706663	1510084720647	OK	 
REQUEST	set_infrastructure_0040  	7		client_try_test_realm_406_test_client_create	1510084719246	1510084721316	OK	 
REQUEST	set_infrastructure_0043  	6		client_try_test_realm_436_test_client_create	1510084719229	1510084721343	OK	 
REQUEST	set_infrastructure_0042  	10		client_try_test_realm_426_test_client_create	1510084719229	1510084721352	OK	 
REQUEST	set_infrastructure_0044  	2		client_try_test_realm_445_test_client_create	1510084719249	1510084721355	OK	 
REQUEST	set_infrastructure_0047  	1		client_try_test_realm_476_test_client_create	1510084719234	1510084721358	OK	 
REQUEST	set_infrastructure_0049  	4		client_try_test_realm_496_test_client_create	1510084719231	1510084721358	OK	 
REQUEST	set_infrastructure_0046  	5		client_try_test_realm_466_test_client_set	1510084706873	1510084721669	OK	 
REQUEST	set_infrastructure_0041  	8		user_try_test_realm_415_test_user_set	1510084719230	1510084721760	OK	 
REQUEST	set_infrastructure_0045  	3		user_try_test_realm_455_test_user_set	1510084719299	1510084721927	OK	 
REQUEST	set_infrastructure_0045  	3		update_password_try_test_realm_455_test_user	1510084721928	1510084732938	OK	 
REQUEST	set_infrastructure_0048  	9		update_password_try_test_realm_485_test_user	1510084720648	1510084732960	OK	 
REQUEST	set_infrastructure_0041  	8		update_password_try_test_realm_415_test_user	1510084721762	1510084733102	OK	 
REQUEST	set_infrastructure_0045  	3		create_realm_try_test_realm_456	1510084732939	1510084733418	KO	status.find.in(200,304,201,202,203,204,205,206,207,208,209), but actually found 409
REQUEST	set_infrastructure_0048  	9		create_realm_try_test_realm_486	1510084732961	1510084733420	KO	status.find.in(200,304,201,202,203,204,205,206,207,208,209), but actually found 409
REQUEST	set_infrastructure_0041  	8		create_realm_try_test_realm_416	1510084733102	1510084733492	KO	status.find.in(200,304,201,202,203,204,205,206,207,208,209), but actually found 409
REQUEST	set_infrastructure_0046  	5		user_try_test_realm_466_test_user_create	1510084721670	1510084733964	OK	 
REQUEST	set_infrastructure_0040  	7		client_try_test_realm_406_test_client_set	1510084721317	1510084734007	OK	 
REQUEST	set_infrastructure_0043  	6		client_try_test_realm_436_test_client_set	1510084721344	1510084734051	OK	 
REQUEST	set_infrastructure_0044  	2		client_try_test_realm_445_test_client_set	1510084721356	1510084734546	OK	 
REQUEST	set_infrastructure_0049  	4		client_try_test_realm_496_test_client_set	1510084721422	1510084734574	OK	 
REQUEST	set_infrastructure_0042  	10		client_try_test_realm_426_test_client_set	1510084721353	1510084734722	OK	 
REQUEST	set_infrastructure_0042  	10		user_try_test_realm_426_test_user_create	1510084734723	1510084735722	OK	 
REQUEST	set_infrastructure_0044  	2		user_try_test_realm_445_test_user_create	1510084734547	1510084735746	OK	 
REQUEST	set_infrastructure_0040  	7		user_try_test_realm_406_test_user_create	1510084734009	1510084735839	OK	 
REQUEST	set_infrastructure_0049  	4		user_try_test_realm_496_test_user_create	1510084734576	1510084735843	OK	 
REQUEST	set_infrastructure_0043  	6		user_try_test_realm_436_test_user_create	1510084734053	1510084735846	OK	 
REQUEST	set_infrastructure_0045  	3		client_try_test_realm_456_test_client_create	1510084733420	1510084735911	OK	 
REQUEST	set_infrastructure_0041  	8		client_try_test_realm_416_test_client_create	1510084733493	1510084735918	OK	 
REQUEST	set_infrastructure_0048  	9		client_try_test_realm_486_test_client_create	1510084733473	1510084735996	OK	 
REQUEST	set_infrastructure_0048  	9		client_try_test_realm_486_test_client_set	1510084735997	1510084736233	OK	 
REQUEST	set_infrastructure_0041  	8		client_try_test_realm_416_test_client_set	1510084735919	1510084736234	OK	 
REQUEST	set_infrastructure_0045  	3		client_try_test_realm_456_test_client_set	1510084735911	1510084736235	OK	 
REQUEST	set_infrastructure_0049  	4		user_try_test_realm_496_test_user_set	1510084735844	1510084736245	OK	 
REQUEST	set_infrastructure_0040  	7		user_try_test_realm_406_test_user_set	1510084735839	1510084736244	OK	 
REQUEST	set_infrastructure_0043  	6		user_try_test_realm_436_test_user_set	1510084735847	1510084736246	OK	 
REQUEST	set_infrastructure_0047  	1		client_try_test_realm_476_test_client_set	1510084721435	1510084737960	OK	 
REQUEST	set_infrastructure_0049  	4		update_password_try_test_realm_496_test_user	1510084736246	1510084744880	OK	 
REQUEST	set_infrastructure_0043  	6		update_password_try_test_realm_436_test_user	1510084736246	1510084744976	OK	 
REQUEST	set_infrastructure_0040  	7		update_password_try_test_realm_406_test_user	1510084736246	1510084744980	OK	 
REQUEST	set_infrastructure_0046  	5		user_try_test_realm_466_test_user_set	1510084733965	1510084745146	OK	 
REQUEST	set_infrastructure_0045  	3		user_try_test_realm_456_test_user_create	1510084736236	1510084745193	OK	 
REQUEST	set_infrastructure_0048  	9		user_try_test_realm_486_test_user_create	1510084736235	1510084745311	OK	 
REQUEST	set_infrastructure_0041  	8		user_try_test_realm_416_test_user_create	1510084736235	1510084745332	OK	 
REQUEST	set_infrastructure_0047  	1		user_try_test_realm_476_test_user_create	1510084737962	1510084745361	OK	 
REQUEST	set_infrastructure_0044  	2		user_try_test_realm_445_test_user_set	1510084735747	1510084745638	OK	 
REQUEST	set_infrastructure_0049  	4		create_realm_try_test_realm_497	1510084744881	1510084746331	KO	status.find.in(200,304,201,202,203,204,205,206,207,208,209), but actually found 409
REQUEST	set_infrastructure_0043  	6		create_realm_try_test_realm_437	1510084744977	1510084746360	KO	status.find.in(200,304,201,202,203,204,205,206,207,208,209), but actually found 409
REQUEST	set_infrastructure_0040  	7		create_realm_try_test_realm_407	1510084744981	1510084746445	KO	status.find.in(200,304,201,202,203,204,205,206,207,208,209), but actually found 409
REQUEST	set_infrastructure_0044  	2		update_password_try_test_realm_445_test_user	1510084745639	1510084746553	OK	 
REQUEST	set_infrastructure_0046  	5		update_password_try_test_realm_466_test_user	1510084745147	1510084746607	OK	 
REQUEST	set_infrastructure_0042  	10		user_try_test_realm_426_test_user_set	1510084735723	1510084748546	OK	 
REQUEST	set_infrastructure_0046  	5		create_realm_try_test_realm_467	1510084746608	1510084755371	KO	status.find.in(200,304,201,202,203,204,205,206,207,208,209), but actually found 409
REQUEST	set_infrastructure_0049  	4		client_try_test_realm_497_test_client_create	1510084746332	1510084755372	OK	 
REQUEST	set_infrastructure_0043  	6		client_try_test_realm_437_test_client_create	1510084746360	1510084755372	OK	 
REQUEST	set_infrastructure_0040  	7		client_try_test_realm_407_test_client_create	1510084746446	1510084755382	OK	 
REQUEST	set_infrastructure_0044  	2		create_realm_try_test_realm_446	1510084746553	1510084755441	KO	status.find.in(200,304,201,202,203,204,205,206,207,208,209), but actually found 409
REQUEST	set_infrastructure_0042  	10		update_password_try_test_realm_426_test_user	1510084748547	1510084755514	OK	 
REQUEST	set_infrastructure_0047  	1		user_try_test_realm_476_test_user_set	1510084745362	1510084755973	OK	 
REQUEST	set_infrastructure_0048  	9		user_try_test_realm_486_test_user_set	1510084745311	1510084756524	OK	 
REQUEST	set_infrastructure_0041  	8		user_try_test_realm_416_test_user_set	1510084745333	1510084756575	OK	 
REQUEST	set_infrastructure_0045  	3		user_try_test_realm_456_test_user_set	1510084745194	1510084756685	OK	 
REQUEST	set_infrastructure_0044  	2		client_try_test_realm_446_test_client_create	1510084755442	1510084764686	OK	 
REQUEST	set_infrastructure_0042  	10		create_realm_try_test_realm_427	1510084755515	1510084764700	KO	status.find.in(200,304,201,202,203,204,205,206,207,208,209), but actually found 409
REQUEST	set_infrastructure_0045  	3		update_password_try_test_realm_456_test_user	1510084756687	1510084764791	OK	 
REQUEST	set_infrastructure_0041  	8		update_password_try_test_realm_416_test_user	1510084756576	1510084764801	OK	 
REQUEST	set_infrastructure_0046  	5		client_try_test_realm_467_test_client_create	1510084755372	1510084764837	OK	 
REQUEST	set_infrastructure_0048  	9		update_password_try_test_realm_486_test_user	1510084756525	1510084764880	OK	 
REQUEST	set_infrastructure_0043  	6		client_try_test_realm_437_test_client_set	1510084755372	1510084765134	OK	 
REQUEST	set_infrastructure_0040  	7		client_try_test_realm_407_test_client_set	1510084755382	1510084765153	OK	 
REQUEST	set_infrastructure_0047  	1		update_password_try_test_realm_476_test_user	1510084755974	1510084765286	OK	 
REQUEST	set_infrastructure_0045  	3		create_realm_try_test_realm_457	1510084764791	1510084766548	KO	status.find.in(200,304,201,202,203,204,205,206,207,208,209), but actually found 409
REQUEST	set_infrastructure_0041  	8		create_realm_try_test_realm_417	1510084764802	1510084766552	KO	status.find.in(200,304,201,202,203,204,205,206,207,208,209), but actually found 409
REQUEST	set_infrastructure_0048  	9		create_realm_try_test_realm_487	1510084764880	1510084766555	KO	status.find.in(200,304,201,202,203,204,205,206,207,208,209), but actually found 409
REQUEST	set_infrastructure_0042  	10		client_try_test_realm_427_test_client_create	1510084764702	1510084766558	OK	 
REQUEST	set_infrastructure_0043  	6		user_try_test_realm_437_test_user_create	1510084765135	1510084766738	OK	 
REQUEST	set_infrastructure_0047  	1		create_realm_try_test_realm_477	1510084765287	1510084766738	KO	status.find.in(200,304,201,202,203,204,205,206,207,208,209), but actually found 409
REQUEST	set_infrastructure_0040  	7		user_try_test_realm_407_test_user_create	1510084765154	1510084766742	OK	 
REQUEST	set_infrastructure_0047  	1		client_try_test_realm_477_test_client_create	1510084766739	1510084767557	OK	 
REQUEST	set_infrastructure_0041  	8		client_try_test_realm_417_test_client_create	1510084766553	1510084767769	OK	 
REQUEST	set_infrastructure_0045  	3		client_try_test_realm_457_test_client_create	1510084766549	1510084767951	OK	 
REQUEST	set_infrastructure_0048  	9		client_try_test_realm_487_test_client_create	1510084766557	1510084767975	OK	 
REQUEST	set_infrastructure_0044  	2		client_try_test_realm_446_test_client_set	1510084764687	1510084767977	OK	 
REQUEST	set_infrastructure_0046  	5		client_try_test_realm_467_test_client_set	1510084764838	1510084768090	OK	 
REQUEST	set_infrastructure_0049  	4		client_try_test_realm_497_test_client_set	1510084755372	1510084768281	OK	 
REQUEST	set_infrastructure_0042  	10		client_try_test_realm_427_test_client_set	1510084766559	1510084768692	OK	 
REQUEST	set_infrastructure_0044  	2		user_try_test_realm_446_test_user_create	1510084767978	1510084777967	OK	 
REQUEST	set_infrastructure_0042  	10		user_try_test_realm_427_test_user_create	1510084768693	1510084777990	OK	 
REQUEST	set_infrastructure_0046  	5		user_try_test_realm_467_test_user_create	1510084768092	1510084778286	OK	 
REQUEST	set_infrastructure_0040  	7		user_try_test_realm_407_test_user_set	1510084766743	1510084778933	OK	 
REQUEST	set_infrastructure_0049  	4		user_try_test_realm_497_test_user_create	1510084768282	1510084778996	OK	 
REQUEST	set_infrastructure_0047  	1		client_try_test_realm_477_test_client_set	1510084767557	1510084779172	OK	 
REQUEST	set_infrastructure_0043  	6		user_try_test_realm_437_test_user_set	1510084766739	1510084779360	OK	 
REQUEST	set_infrastructure_0048  	9		client_try_test_realm_487_test_client_set	1510084767976	1510084779387	OK	 
REQUEST	set_infrastructure_0041  	8		client_try_test_realm_417_test_client_set	1510084767770	1510084779679	OK	 
REQUEST	set_infrastructure_0048  	9		user_try_test_realm_487_test_user_create	1510084779388	1510084782386	OK	 
REQUEST	set_infrastructure_0041  	8		user_try_test_realm_417_test_user_create	1510084779681	1510084782395	OK	 
REQUEST	set_infrastructure_0043  	6		update_password_try_test_realm_437_test_user	1510084779361	1510084782418	OK	 
REQUEST	set_infrastructure_0047  	1		user_try_test_realm_477_test_user_create	1510084779174	1510084782952	OK	 
REQUEST	set_infrastructure_0040  	7		update_password_try_test_realm_407_test_user	1510084778934	1510084782968	OK	 
REQUEST	set_infrastructure_0045  	3		client_try_test_realm_457_test_client_set	1510084767952	1510084783173	OK	 
REQUEST	set_infrastructure_0044  	2		user_try_test_realm_446_test_user_set	1510084777968	1510084783518	OK	 
REQUEST	set_infrastructure_0040  	7		create_realm_try_test_realm_408	1510084782969	1510084789977	KO	status.find.in(200,304,201,202,203,204,205,206,207,208,209), but actually found 409
REQUEST	set_infrastructure_0043  	6		create_realm_try_test_realm_438	1510084782418	1510084790062	KO	status.find.in(200,304,201,202,203,204,205,206,207,208,209), but actually found 409
REQUEST	set_infrastructure_0044  	2		update_password_try_test_realm_446_test_user	1510084783519	1510084790181	OK	 
REQUEST	set_infrastructure_0045  	3		user_try_test_realm_457_test_user_create	1510084783174	1510084790870	OK	 
REQUEST	set_infrastructure_0049  	4		user_try_test_realm_497_test_user_set	1510084778997	1510084790958	OK	 
REQUEST	set_infrastructure_0046  	5		user_try_test_realm_467_test_user_set	1510084778286	1510084791181	OK	 
REQUEST	set_infrastructure_0042  	10		user_try_test_realm_427_test_user_set	1510084777991	1510084791371	OK	 
REQUEST	set_infrastructure_0042  	10		update_password_try_test_realm_427_test_user	1510084791372	1510084794883	OK	 
REQUEST	set_infrastructure_0040  	7		client_try_test_realm_408_test_client_create	1510084789978	1510084794899	OK	 
REQUEST	set_infrastructure_0043  	6		client_try_test_realm_438_test_client_create	1510084790063	1510084794920	OK	 
REQUEST	set_infrastructure_0044  	2		create_realm_try_test_realm_447	1510084790181	1510084794919	KO	status.find.in(200,304,201,202,203,204,205,206,207,208,209), but actually found 409
REQUEST	set_infrastructure_0046  	5		update_password_try_test_realm_467_test_user	1510084791182	1510084795083	OK	 
REQUEST	set_infrastructure_0049  	4		update_password_try_test_realm_497_test_user	1510084790959	1510084795101	OK	 
REQUEST	set_infrastructure_0047  	1		user_try_test_realm_477_test_user_set	1510084782953	1510084795774	OK	 
REQUEST	set_infrastructure_0048  	9		user_try_test_realm_487_test_user_set	1510084782387	1510084795869	OK	 
REQUEST	set_infrastructure_0041  	8		user_try_test_realm_417_test_user_set	1510084782396	1510084795950	OK	 
REQUEST	set_infrastructure_0046  	5		create_realm_try_test_realm_468	1510084795084	1510084802385	KO	status.find.in(200,304,201,202,203,204,205,206,207,208,209), but actually found 409
REQUEST	set_infrastructure_0049  	4		create_realm_try_test_realm_498	1510084795102	1510084802403	KO	status.find.in(200,304,201,202,203,204,205,206,207,208,209), but actually found 409
REQUEST	set_infrastructure_0044  	2		client_try_test_realm_447_test_client_create	1510084794926	1510084802416	OK	 
REQUEST	set_infrastructure_0042  	10		create_realm_try_test_realm_428	1510084794884	1510084802431	KO	status.find.in(200,304,201,202,203,204,205,206,207,208,209), but actually found 409
REQUEST	set_infrastructure_0041  	8		update_password_try_test_realm_417_test_user	1510084795951	1510084802453	OK	 
REQUEST	set_infrastructure_0048  	9		update_password_try_test_realm_487_test_user	1510084795870	1510084802713	OK	 
REQUEST	set_infrastructure_0047  	1		update_password_try_test_realm_477_test_user	1510084795775	1510084802748	OK	 
REQUEST	set_infrastructure_0045  	3		user_try_test_realm_457_test_user_set	1510084790871	1510084803165	OK	 
REQUEST	set_infrastructure_0047  	1		create_realm_try_test_realm_478	1510084802749	1510084805214	KO	status.find.in(200,304,201,202,203,204,205,206,207,208,209), but actually found 409
REQUEST	set_infrastructure_0041  	8		create_realm_try_test_realm_418	1510084802454	1510084805219	KO	status.find.in(200,304,201,202,203,204,205,206,207,208,209), but actually found 409
REQUEST	set_infrastructure_0048  	9		create_realm_try_test_realm_488	1510084802714	1510084805243	KO	status.find.in(200,304,201,202,203,204,205,206,207,208,209), but actually found 409
REQUEST	set_infrastructure_0046  	5		client_try_test_realm_468_test_client_create	1510084802386	1510084805571	OK	 
REQUEST	set_infrastructure_0049  	4		client_try_test_realm_498_test_client_create	1510084802404	1510084805593	OK	 
REQUEST	set_infrastructure_0042  	10		client_try_test_realm_428_test_client_create	1510084802432	1510084805593	OK	 
REQUEST	set_infrastructure_0045  	3		update_password_try_test_realm_457_test_user	1510084803166	1510084805854	OK	 
REQUEST	set_infrastructure_0040  	7		client_try_test_realm_408_test_client_set	1510084794900	1510084806108	OK	 
REQUEST	set_infrastructure_0045  	3		create_realm_try_test_realm_458	1510084805854	1510084807044	KO	status.find.in(200,304,201,202,203,204,205,206,207,208,209), but actually found 409
REQUEST	set_infrastructure_0040  	7		user_try_test_realm_408_test_user_create	1510084806109	1510084807123	OK	 
REQUEST	set_infrastructure_0047  	1		client_try_test_realm_478_test_client_create	1510084805215	1510084807682	OK	 
REQUEST	set_infrastructure_0041  	8		client_try_test_realm_418_test_client_create	1510084805220	1510084807712	OK	 
REQUEST	set_infrastructure_0048  	9		client_try_test_realm_488_test_client_create	1510084805244	1510084807729	OK	 
REQUEST	set_infrastructure_0043  	6		client_try_test_realm_438_test_client_set	1510084794921	1510084807935	OK	 
REQUEST	set_infrastructure_0049  	4		client_try_test_realm_498_test_client_set	1510084805594	1510084808128	OK	 
REQUEST	set_infrastructure_0046  	5		client_try_test_realm_468_test_client_set	1510084805572	1510084808435	OK	 
REQUEST	set_infrastructure_0045  	3		client_try_test_realm_458_test_client_create	1510084807045	1510084814604	OK	 
REQUEST	set_infrastructure_0044  	2		client_try_test_realm_447_test_client_set	1510084802416	1510084814797	OK	 
REQUEST	set_infrastructure_0049  	4		user_try_test_realm_498_test_user_create	1510084808129	1510084814839	OK	 
REQUEST	set_infrastructure_0046  	5		user_try_test_realm_468_test_user_create	1510084808436	1510084814954	OK	 
REQUEST	set_infrastructure_0043  	6		user_try_test_realm_438_test_user_create	1510084807936	1510084815020	OK	 
REQUEST	set_infrastructure_0040  	7		user_try_test_realm_408_test_user_set	1510084807124	1510084815720	OK	 
REQUEST	set_infrastructure_0040  	7		update_password_try_test_realm_408_test_user	1510084815721	1510084817234	OK	 
REQUEST	set_infrastructure_0044  	2		user_try_test_realm_447_test_user_create	1510084814798	1510084817350	OK	 
REQUEST	set_infrastructure_0048  	9		client_try_test_realm_488_test_client_set	1510084807730	1510084818119	OK	 
REQUEST	set_infrastructure_0047  	1		client_try_test_realm_478_test_client_set	1510084807683	1510084818136	OK	 
REQUEST	set_infrastructure_0041  	8		client_try_test_realm_418_test_client_set	1510084807713	1510084818254	OK	 
REQUEST	set_infrastructure_0040  	7		create_realm_try_test_realm_409	1510084817235	1510084819356	KO	status.find.in(200,304,201,202,203,204,205,206,207,208,209), but actually found 409
REQUEST	set_infrastructure_0047  	1		user_try_test_realm_478_test_user_create	1510084818137	1510084819420	OK	 
REQUEST	set_infrastructure_0048  	9		user_try_test_realm_488_test_user_create	1510084818120	1510084819491	OK	 
REQUEST	set_infrastructure_0041  	8		user_try_test_realm_418_test_user_create	1510084818255	1510084819569	OK	 
REQUEST	set_infrastructure_0045  	3		client_try_test_realm_458_test_client_set	1510084814605	1510084819984	OK	 
REQUEST	set_infrastructure_0041  	8		user_try_test_realm_418_test_user_set	1510084819570	1510084820054	OK	 
REQUEST	set_infrastructure_0046  	5		user_try_test_realm_468_test_user_set	1510084814955	1510084820067	OK	 
REQUEST	set_infrastructure_0048  	9		user_try_test_realm_488_test_user_set	1510084819491	1510084820071	OK	 
REQUEST	set_infrastructure_0040  	7		client_try_test_realm_409_test_client_create	1510084819357	1510084820246	OK	 
REQUEST	set_infrastructure_0043  	6		user_try_test_realm_438_test_user_set	1510084815020	1510084820322	OK	 
REQUEST	set_infrastructure_0049  	4		user_try_test_realm_498_test_user_set	1510084814840	1510084820504	OK	 
REQUEST	set_infrastructure_0042  	10		client_try_test_realm_428_test_client_set	1510084805594	1510084820635	OK	 
REQUEST	set_infrastructure_0047  	1		user_try_test_realm_478_test_user_set	1510084819421	1510084820743	OK	 
REQUEST	set_infrastructure_0044  	2		user_try_test_realm_447_test_user_set	1510084817351	1510084822699	OK	 
REQUEST	set_infrastructure_0046  	5		update_password_try_test_realm_468_test_user	1510084820068	1510084830825	OK	 
REQUEST	set_infrastructure_0044  	2		update_password_try_test_realm_447_test_user	1510084822701	1510084830832	OK	 
REQUEST	set_infrastructure_0049  	4		update_password_try_test_realm_498_test_user	1510084820505	1510084830847	OK	 
REQUEST	set_infrastructure_0048  	9		update_password_try_test_realm_488_test_user	1510084820072	1510084830991	OK	 
REQUEST	set_infrastructure_0043  	6		update_password_try_test_realm_438_test_user	1510084820323	1510084831092	OK	 
REQUEST	set_infrastructure_0047  	1		update_password_try_test_realm_478_test_user	1510084820744	1510084831113	OK	 
REQUEST	set_infrastructure_0041  	8		update_password_try_test_realm_418_test_user	1510084820055	1510084831113	OK	 
REQUEST	set_infrastructure_0042  	10		user_try_test_realm_428_test_user_create	1510084820637	1510084832169	OK	 
REQUEST	set_infrastructure_0043  	6		create_realm_try_test_realm_439	1510084831093	1510084832352	KO	status.find.in(200,304,201,202,203,204,205,206,207,208,209), but actually found 409
REQUEST	set_infrastructure_0041  	8		create_realm_try_test_realm_419	1510084831114	1510084832355	KO	status.find.in(200,304,201,202,203,204,205,206,207,208,209), but actually found 409
REQUEST	set_infrastructure_0048  	9		create_realm_try_test_realm_489	1510084830992	1510084832365	KO	status.find.in(200,304,201,202,203,204,205,206,207,208,209), but actually found 409
REQUEST	set_infrastructure_0049  	4		create_realm_try_test_realm_499	1510084830848	1510084832368	KO	status.find.in(200,304,201,202,203,204,205,206,207,208,209), but actually found 409
REQUEST	set_infrastructure_0047  	1		create_realm_try_test_realm_479	1510084831113	1510084832374	KO	status.find.in(200,304,201,202,203,204,205,206,207,208,209), but actually found 409
REQUEST	set_infrastructure_0046  	5		create_realm_try_test_realm_469	1510084830825	1510084832389	KO	status.find.in(200,304,201,202,203,204,205,206,207,208,209), but actually found 409
REQUEST	set_infrastructure_0044  	2		create_realm_try_test_realm_448	1510084830833	1510084832392	KO	status.find.in(200,304,201,202,203,204,205,206,207,208,209), but actually found 409
REQUEST	set_infrastructure_0045  	3		user_try_test_realm_458_test_user_create	1510084819985	1510084832527	OK	 
REQUEST	set_infrastructure_0046  	5		client_try_test_realm_469_test_client_create	1510084832390	1510084833450	OK	 
REQUEST	set_infrastructure_0047  	1		client_try_test_realm_479_test_client_create	1510084832375	1510084833995	OK	 
REQUEST	set_infrastructure_0041  	8		client_try_test_realm_419_test_client_create	1510084832356	1510084834037	OK	 
REQUEST	set_infrastructure_0044  	2		client_try_test_realm_448_test_client_create	1510084832393	1510084834094	OK	 
REQUEST	set_infrastructure_0048  	9		client_try_test_realm_489_test_client_create	1510084832366	1510084834265	OK	 
REQUEST	set_infrastructure_0040  	7		client_try_test_realm_409_test_client_set	1510084820247	1510084834406	OK	 
REQUEST	set_infrastructure_0049  	4		client_try_test_realm_499_test_client_create	1510084832369	1510084838442	OK	 
REQUEST	set_infrastructure_0043  	6		client_try_test_realm_439_test_client_create	1510084832353	1510084838448	OK	 
REQUEST	set_infrastructure_0040  	7		user_try_test_realm_409_test_user_create	1510084834407	1510084838608	OK	 
REQUEST	set_infrastructure_0042  	10		user_try_test_realm_428_test_user_set	1510084832170	1510084840581	OK	 
REQUEST	set_infrastructure_0042  	10		update_password_try_test_realm_428_test_user	1510084840582	1510084843744	OK	 
REQUEST	set_infrastructure_0047  	1		client_try_test_realm_479_test_client_set	1510084833996	1510084843906	OK	 
REQUEST	set_infrastructure_0041  	8		client_try_test_realm_419_test_client_set	1510084834038	1510084843910	OK	 
REQUEST	set_infrastructure_0048  	9		client_try_test_realm_489_test_client_set	1510084834266	1510084844064	OK	 
REQUEST	set_infrastructure_0045  	3		user_try_test_realm_458_test_user_set	1510084832527	1510084844318	OK	 
REQUEST	set_infrastructure_0048  	9		user_try_test_realm_489_test_user_create	1510084844065	1510084845489	OK	 
REQUEST	set_infrastructure_0047  	1		user_try_test_realm_479_test_user_create	1510084843908	1510084845502	OK	 
REQUEST	set_infrastructure_0041  	8		user_try_test_realm_419_test_user_create	1510084843911	1510084845502	OK	 
REQUEST	set_infrastructure_0042  	10		create_realm_try_test_realm_429	1510084843744	1510084845541	KO	status.find.in(200,304,201,202,203,204,205,206,207,208,209), but actually found 409
REQUEST	set_infrastructure_0045  	3		update_password_try_test_realm_458_test_user	1510084844319	1510084845658	OK	 
REQUEST	set_infrastructure_0049  	4		client_try_test_realm_499_test_client_set	1510084838443	1510084845922	OK	 
REQUEST	set_infrastructure_0046  	5		client_try_test_realm_469_test_client_set	1510084833451	1510084846260	OK	 
REQUEST	set_infrastructure_0043  	6		client_try_test_realm_439_test_client_set	1510084838449	1510084846461	OK	 
REQUEST	set_infrastructure_0040  	7		user_try_test_realm_409_test_user_set	1510084838608	1510084846539	OK	 
REQUEST	set_infrastructure_0045  	3		create_realm_try_test_realm_459	1510084845658	1510084846688	KO	status.find.in(200,304,201,202,203,204,205,206,207,208,209), but actually found 409
REQUEST	set_infrastructure_0042  	10		client_try_test_realm_429_test_client_create	1510084845542	1510084846732	OK	 
REQUEST	set_infrastructure_0046  	5		user_try_test_realm_469_test_user_create	1510084846261	1510084846759	OK	 
REQUEST	set_infrastructure_0049  	4		user_try_test_realm_499_test_user_create	1510084845923	1510084846774	OK	 
REQUEST	set_infrastructure_0043  	6		user_try_test_realm_439_test_user_create	1510084846463	1510084848015	OK	 
REQUEST	set_infrastructure_0045  	3		client_try_test_realm_459_test_client_create	1510084846695	1510084848047	OK	 
REQUEST	set_infrastructure_0040  	7		update_password_try_test_realm_409_test_user	1510084846541	1510084848230	OK	 
REQUEST	set_infrastructure_0048  	9		user_try_test_realm_489_test_user_set	1510084845490	1510084849022	OK	 
REQUEST	set_infrastructure_0047  	1		user_try_test_realm_479_test_user_set	1510084845503	1510084849052	OK	 
REQUEST	set_infrastructure_0041  	8		user_try_test_realm_419_test_user_set	1510084845503	1510084849105	OK	 
REQUEST	set_infrastructure_0040  	7		create_realm_try_test_realm_410	1510084848230	1510084849162	KO	status.find.in(200,304,201,202,203,204,205,206,207,208,209), but actually found 409
REQUEST	set_infrastructure_0044  	2		client_try_test_realm_448_test_client_set	1510084834095	1510084849212	OK	 
REQUEST	set_infrastructure_0042  	10		client_try_test_realm_429_test_client_set	1510084846732	1510084849422	OK	 
REQUEST	set_infrastructure_0049  	4		user_try_test_realm_499_test_user_set	1510084846775	1510084850204	OK	 
REQUEST	set_infrastructure_0046  	5		user_try_test_realm_469_test_user_set	1510084846760	1510084851343	OK	 
REQUEST	set_infrastructure_0040  	7		client_try_test_realm_410_test_client_create	1510084849162	1510084857407	OK	 
REQUEST	set_infrastructure_0049  	4		update_password_try_test_realm_499_test_user	1510084850204	1510084857550	OK	 
REQUEST	set_infrastructure_0041  	8		update_password_try_test_realm_419_test_user	1510084849106	1510084857556	OK	 
REQUEST	set_infrastructure_0048  	9		update_password_try_test_realm_489_test_user	1510084849023	1510084857571	OK	 
REQUEST	set_infrastructure_0046  	5		update_password_try_test_realm_469_test_user	1510084851344	1510084857581	OK	 
REQUEST	set_infrastructure_0047  	1		update_password_try_test_realm_479_test_user	1510084849053	1510084857587	OK	 
REQUEST	set_infrastructure_0042  	10		user_try_test_realm_429_test_user_create	1510084849423	1510084858282	OK	 
REQUEST	set_infrastructure_0044  	2		user_try_test_realm_448_test_user_create	1510084849213	1510084858475	OK	 
REQUEST	set_infrastructure_0043  	6		user_try_test_realm_439_test_user_set	1510084848016	1510084858656	OK	 
REQUEST	set_infrastructure_0046  	5		create_realm_try_test_realm_470	1510084857582	1510084859981	KO	status.find.in(200,304,201,202,203,204,205,206,207,208,209), but actually found 409
REQUEST	set_infrastructure_0041  	8		create_realm_try_test_realm_420	1510084857557	1510084859985	KO	status.find.in(200,304,201,202,203,204,205,206,207,208,209), but actually found 409
REQUEST	set_infrastructure_0049  	4		create_realm_try_test_realm_500	1510084857551	1510084860047	KO	status.find.in(200,304,201,202,203,204,205,206,207,208,209), but actually found 409
REQUEST	set_infrastructure_0047  	1		create_realm_try_test_realm_480	1510084857587	1510084860242	KO	status.find.in(200,304,201,202,203,204,205,206,207,208,209), but actually found 409
REQUEST	set_infrastructure_0043  	6		update_password_try_test_realm_439_test_user	1510084858657	1510084860266	OK	 
REQUEST	set_infrastructure_0048  	9		create_realm_try_test_realm_490	1510084857571	1510084860372	KO	status.find.in(200,304,201,202,203,204,205,206,207,208,209), but actually found 409
REQUEST	set_infrastructure_0047  	1		client_try_test_realm_480_test_client_create	1510084860242	1510084860720	OK	 
REQUEST	set_infrastructure_0048  	9		client_try_test_realm_490_test_client_create	1510084860373	1510084860734	OK	 
REQUEST	set_infrastructure_0041  	8		client_try_test_realm_420_test_client_create	1510084859986	1510084860958	OK	 
REQUEST	set_infrastructure_0046  	5		client_try_test_realm_470_test_client_create	1510084859981	1510084860961	OK	 
REQUEST	set_infrastructure_0043  	6		create_realm_try_test_realm_440	1510084860266	1510084861141	KO	status.find.in(200,304,201,202,203,204,205,206,207,208,209), but actually found 409
REQUEST	set_infrastructure_0042  	10		user_try_test_realm_429_test_user_set	1510084858283	1510084861385	OK	 
REQUEST	set_infrastructure_0044  	2		user_try_test_realm_448_test_user_set	1510084858476	1510084861466	OK	 
REQUEST	set_infrastructure_0045  	3		client_try_test_realm_459_test_client_set	1510084848047	1510084861491	OK	 
REQUEST	set_infrastructure_0040  	7		client_try_test_realm_410_test_client_set	1510084857408	1510084861559	OK	 
REQUEST	set_infrastructure_0043  	6		client_try_test_realm_440_test_client_create	1510084861142	1510084870028	OK	 
REQUEST	set_infrastructure_0049  	4		client_try_test_realm_500_test_client_create	1510084860048	1510084870154	OK	 
REQUEST	set_infrastructure_0044  	2		update_password_try_test_realm_448_test_user	1510084861467	1510084870278	OK	 
REQUEST	set_infrastructure_0042  	10		update_password_try_test_realm_429_test_user	1510084861386	1510084870299	OK	 
REQUEST	set_infrastructure_0040  	7		user_try_test_realm_410_test_user_create	1510084861560	1510084870936	OK	 
REQUEST	set_infrastructure_0045  	3		user_try_test_realm_459_test_user_create	1510084861492	1510084871018	OK	 
REQUEST	set_infrastructure_0044  	2		create_realm_try_test_realm_449	1510084870279	1510084871738	KO	status.find.in(200,304,201,202,203,204,205,206,207,208,209), but actually found 409
REQUEST	set_infrastructure_0042  	10		create_realm_try_test_realm_430	1510084870299	1510084871787	KO	status.find.in(200,304,201,202,203,204,205,206,207,208,209), but actually found 409
REQUEST	set_infrastructure_0043  	6		client_try_test_realm_440_test_client_set	1510084870029	1510084872500	OK	 
REQUEST	set_infrastructure_0041  	8		client_try_test_realm_420_test_client_set	1510084860959	1510084872736	OK	 
REQUEST	set_infrastructure_0044  	2		client_try_test_realm_449_test_client_create	1510084871739	1510084872934	OK	 
REQUEST	set_infrastructure_0042  	10		client_try_test_realm_430_test_client_create	1510084871788	1510084872941	OK	 
REQUEST	set_infrastructure_0043  	6		user_try_test_realm_440_test_user_create	1510084872501	1510084872977	OK	 
REQUEST	set_infrastructure_0049  	4		client_try_test_realm_500_test_client_set	1510084870155	1510084873264	OK	 
REQUEST	set_infrastructure_0047  	1		client_try_test_realm_480_test_client_set	1510084860721	1510084873292	OK	 
REQUEST	set_infrastructure_0048  	9		client_try_test_realm_490_test_client_set	1510084860734	1510084873365	OK	 
REQUEST	set_infrastructure_0046  	5		client_try_test_realm_470_test_client_set	1510084860962	1510084873380	OK	 
REQUEST	set_infrastructure_0040  	7		user_try_test_realm_410_test_user_set	1510084870936	1510084873801	OK	 
REQUEST	set_infrastructure_0045  	3		user_try_test_realm_459_test_user_set	1510084871019	1510084873869	OK	 
REQUEST	set_infrastructure_0045  	3		update_password_try_test_realm_459_test_user	1510084873870	1510084883978	OK	 
REQUEST	set_infrastructure_0040  	7		update_password_try_test_realm_410_test_user	1510084873802	1510084884089	OK	 
USER	set_infrastructure_0040  	7	END	1510084514860	1510084884091
REQUEST	set_infrastructure_0045  	3		create_realm_try_test_realm_460	1510084883978	1510084884564	KO	status.find.in(200,304,201,202,203,204,205,206,207,208,209), but actually found 409
REQUEST	set_infrastructure_0041  	8		user_try_test_realm_420_test_user_create	1510084872737	1510084884689	OK	 
REQUEST	set_infrastructure_0046  	5		user_try_test_realm_470_test_user_create	1510084873382	1510084884744	OK	 
REQUEST	set_infrastructure_0048  	9		user_try_test_realm_490_test_user_create	1510084873366	1510084884780	OK	 
REQUEST	set_infrastructure_0047  	1		user_try_test_realm_480_test_user_create	1510084873294	1510084884894	OK	 
REQUEST	set_infrastructure_0049  	4		user_try_test_realm_500_test_user_create	1510084873265	1510084884947	OK	 
REQUEST	set_infrastructure_0045  	3		client_try_test_realm_460_test_client_create	1510084884565	1510084885693	OK	 
REQUEST	set_infrastructure_0044  	2		client_try_test_realm_449_test_client_set	1510084872935	1510084885782	OK	 
REQUEST	set_infrastructure_0042  	10		client_try_test_realm_430_test_client_set	1510084872942	1510084885982	OK	 
REQUEST	set_infrastructure_0042  	10		user_try_test_realm_430_test_user_create	1510084885983	1510084887256	OK	 
REQUEST	set_infrastructure_0044  	2		user_try_test_realm_449_test_user_create	1510084885784	1510084887262	OK	 
REQUEST	set_infrastructure_0046  	5		user_try_test_realm_470_test_user_set	1510084884745	1510084888232	OK	 
REQUEST	set_infrastructure_0041  	8		user_try_test_realm_420_test_user_set	1510084884689	1510084888247	OK	 
REQUEST	set_infrastructure_0043  	6		user_try_test_realm_440_test_user_set	1510084872977	1510084888255	OK	 
REQUEST	set_infrastructure_0048  	9		user_try_test_realm_490_test_user_set	1510084884780	1510084888264	OK	 
REQUEST	set_infrastructure_0047  	1		user_try_test_realm_480_test_user_set	1510084884894	1510084888420	OK	 
REQUEST	set_infrastructure_0049  	4		user_try_test_realm_500_test_user_set	1510084884948	1510084888861	OK	 
REQUEST	set_infrastructure_0047  	1		update_password_try_test_realm_480_test_user	1510084888421	1510084896291	OK	 
REQUEST	set_infrastructure_0049  	4		update_password_try_test_realm_500_test_user	1510084888862	1510084896291	OK	 
USER	set_infrastructure_0049  	4	END	1510084514852	1510084896292
USER	set_infrastructure_0047  	1	END	1510084514812	1510084896292
REQUEST	set_infrastructure_0046  	5		update_password_try_test_realm_470_test_user	1510084888233	1510084896295	OK	 
USER	set_infrastructure_0046  	5	END	1510084514854	1510084896296
REQUEST	set_infrastructure_0041  	8		update_password_try_test_realm_420_test_user	1510084888248	1510084896300	OK	 
USER	set_infrastructure_0041  	8	END	1510084514866	1510084896301
REQUEST	set_infrastructure_0048  	9		update_password_try_test_realm_490_test_user	1510084888265	1510084896341	OK	 
USER	set_infrastructure_0048  	9	END	1510084514901	1510084896341
REQUEST	set_infrastructure_0043  	6		update_password_try_test_realm_440_test_user	1510084888256	1510084896346	OK	 
USER	set_infrastructure_0043  	6	END	1510084514857	1510084896347
REQUEST	set_infrastructure_0045  	3		client_try_test_realm_460_test_client_set	1510084885694	1510084896719	OK	 
REQUEST	set_infrastructure_0045  	3		user_try_test_realm_460_test_user_create	1510084896720	1510084897261	OK	 
REQUEST	set_infrastructure_0042  	10		user_try_test_realm_430_test_user_set	1510084887257	1510084897580	OK	 
REQUEST	set_infrastructure_0044  	2		user_try_test_realm_449_test_user_set	1510084887263	1510084897580	OK	 
REQUEST	set_infrastructure_0042  	10		update_password_try_test_realm_430_test_user	1510084897581	1510084901159	OK	 
REQUEST	set_infrastructure_0044  	2		update_password_try_test_realm_449_test_user	1510084897581	1510084901159	OK	 
USER	set_infrastructure_0042  	10	END	1510084514902	1510084901160
REQUEST	set_infrastructure_0044  	2		create_realm_try_test_realm_450	1510084901160	1510084902662	KO	status.find.in(200,304,201,202,203,204,205,206,207,208,209), but actually found 409
REQUEST	set_infrastructure_0045  	3		user_try_test_realm_460_test_user_set	1510084897262	1510084902979	OK	 
REQUEST	set_infrastructure_0044  	2		client_try_test_realm_450_test_client_create	1510084902663	1510084907785	OK	 
REQUEST	set_infrastructure_0045  	3		update_password_try_test_realm_460_test_user	1510084902979	1510084907808	OK	 
USER	set_infrastructure_0045  	3	END	1510084514851	1510084907809
REQUEST	set_infrastructure_0044  	2		client_try_test_realm_450_test_client_set	1510084907785	1510084916283	OK	 
REQUEST	set_infrastructure_0044  	2		user_try_test_realm_450_test_user_create	1510084916283	1510084921614	OK	 
REQUEST	set_infrastructure_0044  	2		user_try_test_realm_450_test_user_set	1510084921614	1510084928024	OK	 
REQUEST	set_infrastructure_0044  	2		update_password_try_test_realm_450_test_user	1510084928025	1510084933013	OK	 
USER	set_infrastructure_0044  	2	END	1510084514849	1510084933013
