RUN	gatling.keycloak.EnableAuth		enableauth	1510228043366	 	2.0
USER	enableAuth	1	START	1510228044065	1510228044065
REQUEST	enableAuth	1		get_admin_token	1510228044102	1510228044315	OK	 
REQUEST	enableAuth	1		client_try_test_realm_201_test_client_set	1510228044432	1510228050404	KO	jsonPath($[?(@.clientId=='test_client')].id).find.exists, found nothing
REQUEST	enableAuth	1		client_try_test_realm_201_test_client_create	1510228050453	1510228058713	OK	 
REQUEST	enableAuth	1		client_try_test_realm_201_enableAuth	1510228058719	1510228059988	OK	 
REQUEST	enableAuth	1		resource_try_test_realm_201_test_client_create	1510228059989	1510228066655	OK	 
REQUEST	enableAuth	1		client_try_test_realm_203_test_client_set	1510228066658	1510228073135	KO	jsonPath($[?(@.clientId=='test_client')].id).find.exists, found nothing
REQUEST	enableAuth	1		client_try_test_realm_203_test_client_create	1510228073139	1510228078931	OK	 
REQUEST	enableAuth	1		client_try_test_realm_203_enableAuth	1510228078933	1510228083306	OK	 
REQUEST	enableAuth	1		resource_try_test_realm_203_test_client_create	1510228083306	1510228084891	OK	 
REQUEST	enableAuth	1		client_try_test_realm_204_test_client_set	1510228084891	1510228085442	KO	jsonPath($[?(@.clientId=='test_client')].id).find.exists, found nothing
REQUEST	enableAuth	1		client_try_test_realm_204_test_client_create	1510228085444	1510228091350	OK	 
REQUEST	enableAuth	1		client_try_test_realm_204_enableAuth	1510228091351	1510228098223	OK	 
REQUEST	enableAuth	1		resource_try_test_realm_204_test_client_create	1510228098224	1510228099185	OK	 
REQUEST	enableAuth	1		client_try_test_realm_211_test_client_set	1510228099186	1510228104635	KO	jsonPath($[?(@.clientId=='test_client')].id).find.exists, found nothing
REQUEST	enableAuth	1		client_try_test_realm_211_test_client_create	1510228104637	1510228110218	OK	 
REQUEST	enableAuth	1		client_try_test_realm_211_enableAuth	1510228110219	1510228116156	OK	 
REQUEST	enableAuth	1		resource_try_test_realm_211_test_client_create	1510228116157	1510228116525	OK	 
REQUEST	enableAuth	1		client_try_test_realm_213_test_client_set	1510228116526	1510228117104	KO	jsonPath($[?(@.clientId=='test_client')].id).find.exists, found nothing
REQUEST	enableAuth	1		client_try_test_realm_213_test_client_create	1510228117105	1510228122837	OK	 
REQUEST	enableAuth	1		client_try_test_realm_213_enableAuth	1510228122838	1510228124271	OK	 
REQUEST	enableAuth	1		resource_try_test_realm_213_test_client_create	1510228124272	1510228124554	OK	 
REQUEST	enableAuth	1		client_try_test_realm_215_test_client_set	1510228124555	1510228130175	KO	jsonPath($[?(@.clientId=='test_client')].id).find.exists, found nothing
REQUEST	enableAuth	1		client_try_test_realm_215_test_client_create	1510228130177	1510228135919	OK	 
REQUEST	enableAuth	1		client_try_test_realm_215_enableAuth	1510228135920	1510228142003	OK	 
REQUEST	enableAuth	1		resource_try_test_realm_215_test_client_create	1510228142004	1510228142328	OK	 
REQUEST	enableAuth	1		client_try_test_realm_216_test_client_set	1510228142329	1510228147973	KO	jsonPath($[?(@.clientId=='test_client')].id).find.exists, found nothing
REQUEST	enableAuth	1		client_try_test_realm_216_test_client_create	1510228147975	1510228148963	OK	 
REQUEST	enableAuth	1		client_try_test_realm_216_enableAuth	1510228148964	1510228150210	OK	 
REQUEST	enableAuth	1		resource_try_test_realm_216_test_client_create	1510228150210	1510228155757	OK	 
REQUEST	enableAuth	1		client_try_test_realm_217_test_client_set	1510228155758	1510228161167	KO	jsonPath($[?(@.clientId=='test_client')].id).find.exists, found nothing
REQUEST	enableAuth	1		client_try_test_realm_217_test_client_create	1510228161169	1510228166873	OK	 
REQUEST	enableAuth	1		client_try_test_realm_217_enableAuth	1510228166874	1510228172783	OK	 
REQUEST	enableAuth	1		resource_try_test_realm_217_test_client_create	1510228172784	1510228173136	OK	 
REQUEST	enableAuth	1		client_try_test_realm_221_test_client_set	1510228173136	1510228178614	KO	jsonPath($[?(@.clientId=='test_client')].id).find.exists, found nothing
REQUEST	enableAuth	1		client_try_test_realm_221_test_client_create	1510228178616	1510228184241	OK	 
REQUEST	enableAuth	1		client_try_test_realm_221_enableAuth	1510228184242	1510228190042	OK	 
REQUEST	enableAuth	1		resource_try_test_realm_221_test_client_create	1510228190042	1510228190340	OK	 
REQUEST	enableAuth	1		client_try_test_realm_223_test_client_set	1510228190341	1510228195707	KO	jsonPath($[?(@.clientId=='test_client')].id).find.exists, found nothing
REQUEST	enableAuth	1		client_try_test_realm_223_test_client_create	1510228195709	1510228201430	OK	 
REQUEST	enableAuth	1		client_try_test_realm_223_enableAuth	1510228201431	1510228207360	OK	 
REQUEST	enableAuth	1		resource_try_test_realm_223_test_client_create	1510228207361	1510228207741	OK	 
REQUEST	enableAuth	1		client_try_test_realm_224_test_client_set	1510228207742	1510228212999	KO	jsonPath($[?(@.clientId=='test_client')].id).find.exists, found nothing
REQUEST	enableAuth	1		client_try_test_realm_224_test_client_create	1510228213001	1510228218707	OK	 
REQUEST	enableAuth	1		client_try_test_realm_224_enableAuth	1510228218708	1510228220285	OK	 
REQUEST	enableAuth	1		resource_try_test_realm_224_test_client_create	1510228220285	1510228220359	OK	 
REQUEST	enableAuth	1		client_try_test_realm_231_test_client_set	1510228220359	1510228226223	KO	jsonPath($[?(@.clientId=='test_client')].id).find.exists, found nothing
REQUEST	enableAuth	1		client_try_test_realm_231_test_client_create	1510228226225	1510228231901	OK	 
REQUEST	enableAuth	1		client_try_test_realm_231_enableAuth	1510228231902	1510228237676	OK	 
REQUEST	enableAuth	1		resource_try_test_realm_231_test_client_create	1510228237677	1510228238050	OK	 
REQUEST	enableAuth	1		client_try_test_realm_233_test_client_set	1510228238050	1510228243381	KO	jsonPath($[?(@.clientId=='test_client')].id).find.exists, found nothing
REQUEST	enableAuth	1		client_try_test_realm_233_test_client_create	1510228243382	1510228248959	OK	 
REQUEST	enableAuth	1		client_try_test_realm_233_enableAuth	1510228248960	1510228251470	OK	 
REQUEST	enableAuth	1		resource_try_test_realm_233_test_client_create	1510228251471	1510228255165	OK	 
REQUEST	enableAuth	1		client_try_test_realm_234_test_client_set	1510228255165	1510228260763	KO	jsonPath($[?(@.clientId=='test_client')].id).find.exists, found nothing
REQUEST	enableAuth	1		client_try_test_realm_234_test_client_create	1510228260765	1510228266441	OK	 
REQUEST	enableAuth	1		client_try_test_realm_234_enableAuth	1510228266442	1510228272246	OK	 
REQUEST	enableAuth	1		resource_try_test_realm_234_test_client_create	1510228272247	1510228272656	OK	 
REQUEST	enableAuth	1		client_try_test_realm_235_test_client_set	1510228272656	1510228273240	KO	jsonPath($[?(@.clientId=='test_client')].id).find.exists, found nothing
REQUEST	enableAuth	1		client_try_test_realm_235_test_client_create	1510228273242	1510228278980	OK	 
REQUEST	enableAuth	1		client_try_test_realm_235_enableAuth	1510228278981	1510228279828	OK	 
REQUEST	enableAuth	1		resource_try_test_realm_235_test_client_create	1510228279829	1510228280131	OK	 
REQUEST	enableAuth	1		client_try_test_realm_237_test_client_set	1510228280131	1510228285493	KO	jsonPath($[?(@.clientId=='test_client')].id).find.exists, found nothing
REQUEST	enableAuth	1		client_try_test_realm_237_test_client_create	1510228285494	1510228291143	OK	 
REQUEST	enableAuth	1		client_try_test_realm_237_enableAuth	1510228291144	1510228297171	OK	 
REQUEST	enableAuth	1		resource_try_test_realm_237_test_client_create	1510228297171	1510228297587	OK	 
REQUEST	enableAuth	1		client_try_test_realm_238_test_client_set	1510228297588	1510228302931	KO	jsonPath($[?(@.clientId=='test_client')].id).find.exists, found nothing
REQUEST	enableAuth	1		client_try_test_realm_238_test_client_create	1510228302933	1510228308530	OK	 
REQUEST	enableAuth	1		client_try_test_realm_238_enableAuth	1510228308531	1510228311005	OK	 
REQUEST	enableAuth	1		resource_try_test_realm_238_test_client_create	1510228311005	1510228314675	OK	 
REQUEST	enableAuth	1		client_try_test_realm_241_test_client_set	1510228314676	1510228320615	KO	jsonPath($[?(@.clientId=='test_client')].id).find.exists, found nothing
REQUEST	enableAuth	1		client_try_test_realm_241_test_client_create	1510228320620	1510228326943	OK	 
REQUEST	enableAuth	1		client_try_test_realm_241_enableAuth	1510228326944	1510228327648	OK	 
REQUEST	enableAuth	1		resource_try_test_realm_241_test_client_create	1510228327649	1510228333444	OK	 
REQUEST	enableAuth	1		client_try_test_realm_242_test_client_set	1510228333445	1510228338900	KO	jsonPath($[?(@.clientId=='test_client')].id).find.exists, found nothing
REQUEST	enableAuth	1		client_try_test_realm_242_test_client_create	1510228338902	1510228344371	OK	 
REQUEST	enableAuth	1		client_try_test_realm_242_enableAuth	1510228344372	1510228350306	OK	 
REQUEST	enableAuth	1		resource_try_test_realm_242_test_client_create	1510228350307	1510228351529	OK	 
REQUEST	enableAuth	1		client_try_test_realm_251_test_client_set	1510228351529	1510228352030	KO	jsonPath($[?(@.clientId=='test_client')].id).find.exists, found nothing
REQUEST	enableAuth	1		client_try_test_realm_251_test_client_create	1510228352032	1510228357811	OK	 
REQUEST	enableAuth	1		client_try_test_realm_251_enableAuth	1510228357812	1510228359329	OK	 
REQUEST	enableAuth	1		resource_try_test_realm_251_test_client_create	1510228359330	1510228359421	OK	 
REQUEST	enableAuth	1		client_try_test_realm_254_test_client_set	1510228359421	1510228365139	KO	jsonPath($[?(@.clientId=='test_client')].id).find.exists, found nothing
REQUEST	enableAuth	1		client_try_test_realm_254_test_client_create	1510228365141	1510228370999	OK	 
REQUEST	enableAuth	1		client_try_test_realm_254_enableAuth	1510228371000	1510228376727	OK	 
REQUEST	enableAuth	1		resource_try_test_realm_254_test_client_create	1510228376727	1510228377058	OK	 
REQUEST	enableAuth	1		client_try_test_realm_255_test_client_set	1510228377058	1510228382508	KO	jsonPath($[?(@.clientId=='test_client')].id).find.exists, found nothing
REQUEST	enableAuth	1		client_try_test_realm_255_test_client_create	1510228382510	1510228388064	OK	 
REQUEST	enableAuth	1		client_try_test_realm_255_enableAuth	1510228388065	1510228393734	OK	 
REQUEST	enableAuth	1		resource_try_test_realm_255_test_client_create	1510228393735	1510228394056	OK	 
REQUEST	enableAuth	1		client_try_test_realm_261_test_client_set	1510228394056	1510228399560	KO	jsonPath($[?(@.clientId=='test_client')].id).find.exists, found nothing
REQUEST	enableAuth	1		client_try_test_realm_261_test_client_create	1510228399562	1510228405612	OK	 
REQUEST	enableAuth	1		client_try_test_realm_261_enableAuth	1510228405613	1510228405954	OK	 
REQUEST	enableAuth	1		resource_try_test_realm_261_test_client_create	1510228405955	1510228406023	OK	 
REQUEST	enableAuth	1		client_try_test_realm_263_test_client_set	1510228406024	1510228414152	KO	jsonPath($[?(@.clientId=='test_client')].id).find.exists, found nothing
REQUEST	enableAuth	1		client_try_test_realm_263_test_client_create	1510228414153	1510228419038	OK	 
REQUEST	enableAuth	1		client_try_test_realm_263_enableAuth	1510228419039	1510228425101	OK	 
REQUEST	enableAuth	1		resource_try_test_realm_263_test_client_create	1510228425102	1510228430114	OK	 
REQUEST	enableAuth	1		client_try_test_realm_265_test_client_set	1510228430114	1510228437966	KO	jsonPath($[?(@.clientId=='test_client')].id).find.exists, found nothing
REQUEST	enableAuth	1		client_try_test_realm_265_test_client_create	1510228437967	1510228442939	OK	 
REQUEST	enableAuth	1		client_try_test_realm_265_enableAuth	1510228442940	1510228449039	OK	 
REQUEST	enableAuth	1		resource_try_test_realm_265_test_client_create	1510228449040	1510228453938	OK	 
REQUEST	enableAuth	1		client_try_test_realm_266_test_client_set	1510228453939	1510228461315	KO	jsonPath($[?(@.clientId=='test_client')].id).find.exists, found nothing
REQUEST	enableAuth	1		client_try_test_realm_266_test_client_create	1510228461317	1510228465844	OK	 
REQUEST	enableAuth	1		client_try_test_realm_266_enableAuth	1510228465845	1510228471474	OK	 
REQUEST	enableAuth	1		resource_try_test_realm_266_test_client_create	1510228471474	1510228476034	OK	 
REQUEST	enableAuth	1		client_try_test_realm_267_test_client_set	1510228476034	1510228483317	KO	jsonPath($[?(@.clientId=='test_client')].id).find.exists, found nothing
REQUEST	enableAuth	1		client_try_test_realm_267_test_client_create	1510228483319	1510228488314	OK	 
REQUEST	enableAuth	1		client_try_test_realm_267_enableAuth	1510228488315	1510228494499	OK	 
REQUEST	enableAuth	1		resource_try_test_realm_267_test_client_create	1510228494500	1510228499130	OK	 
REQUEST	enableAuth	1		client_try_test_realm_268_test_client_set	1510228499130	1510228506363	KO	jsonPath($[?(@.clientId=='test_client')].id).find.exists, found nothing
REQUEST	enableAuth	1		client_try_test_realm_268_test_client_create	1510228506365	1510228510936	OK	 
REQUEST	enableAuth	1		client_try_test_realm_268_enableAuth	1510228510938	1510228516743	OK	 
REQUEST	enableAuth	1		resource_try_test_realm_268_test_client_create	1510228516744	1510228521330	OK	 
REQUEST	enableAuth	1		client_try_test_realm_271_test_client_set	1510228521331	1510228528648	KO	jsonPath($[?(@.clientId=='test_client')].id).find.exists, found nothing
REQUEST	enableAuth	1		client_try_test_realm_271_test_client_create	1510228528650	1510228533221	OK	 
REQUEST	enableAuth	1		client_try_test_realm_271_enableAuth	1510228533221	1510228538842	OK	 
REQUEST	enableAuth	1		resource_try_test_realm_271_test_client_create	1510228538843	1510228543412	OK	 
REQUEST	enableAuth	1		client_try_test_realm_273_test_client_set	1510228543413	1510228550602	KO	jsonPath($[?(@.clientId=='test_client')].id).find.exists, found nothing
REQUEST	enableAuth	1		client_try_test_realm_273_test_client_create	1510228550604	1510228555303	OK	 
REQUEST	enableAuth	1		client_try_test_realm_273_enableAuth	1510228555304	1510228560985	OK	 
REQUEST	enableAuth	1		resource_try_test_realm_273_test_client_create	1510228560986	1510228565537	OK	 
REQUEST	enableAuth	1		client_try_test_realm_275_test_client_set	1510228565538	1510228572731	KO	jsonPath($[?(@.clientId=='test_client')].id).find.exists, found nothing
REQUEST	enableAuth	1		client_try_test_realm_275_test_client_create	1510228572733	1510228577289	OK	 
REQUEST	enableAuth	1		client_try_test_realm_275_enableAuth	1510228577290	1510228583013	OK	 
REQUEST	enableAuth	1		resource_try_test_realm_275_test_client_create	1510228583014	1510228587753	OK	 
REQUEST	enableAuth	1		client_try_test_realm_281_test_client_set	1510228587754	1510228594857	KO	jsonPath($[?(@.clientId=='test_client')].id).find.exists, found nothing
REQUEST	enableAuth	1		client_try_test_realm_281_test_client_create	1510228594859	1510228599425	OK	 
REQUEST	enableAuth	1		client_try_test_realm_281_enableAuth	1510228599426	1510228605041	OK	 
REQUEST	enableAuth	1		resource_try_test_realm_281_test_client_create	1510228605042	1510228609616	OK	 
REQUEST	enableAuth	1		client_try_test_realm_291_test_client_set	1510228609617	1510228616970	KO	jsonPath($[?(@.clientId=='test_client')].id).find.exists, found nothing
REQUEST	enableAuth	1		client_try_test_realm_291_test_client_create	1510228616971	1510228621876	OK	 
REQUEST	enableAuth	1		client_try_test_realm_291_enableAuth	1510228621876	1510228628338	OK	 
REQUEST	enableAuth	1		resource_try_test_realm_291_test_client_create	1510228628338	1510228633284	OK	 
REQUEST	enableAuth	1		client_try_test_realm_293_test_client_set	1510228633284	1510228640447	KO	jsonPath($[?(@.clientId=='test_client')].id).find.exists, found nothing
REQUEST	enableAuth	1		client_try_test_realm_293_test_client_create	1510228640449	1510228645131	OK	 
REQUEST	enableAuth	1		client_try_test_realm_293_enableAuth	1510228645132	1510228650857	OK	 
REQUEST	enableAuth	1		resource_try_test_realm_293_test_client_create	1510228650858	1510228655397	OK	 
REQUEST	enableAuth	1		client_try_test_realm_294_test_client_set	1510228655398	1510228662670	KO	jsonPath($[?(@.clientId=='test_client')].id).find.exists, found nothing
REQUEST	enableAuth	1		client_try_test_realm_294_test_client_create	1510228662671	1510228667255	OK	 
REQUEST	enableAuth	1		client_try_test_realm_294_enableAuth	1510228667256	1510228672937	OK	 
REQUEST	enableAuth	1		resource_try_test_realm_294_test_client_create	1510228672938	1510228677578	OK	 
REQUEST	enableAuth	1		client_try_test_realm_296_test_client_set	1510228677578	1510228684787	KO	jsonPath($[?(@.clientId=='test_client')].id).find.exists, found nothing
REQUEST	enableAuth	1		client_try_test_realm_296_test_client_create	1510228684789	1510228689537	OK	 
REQUEST	enableAuth	1		client_try_test_realm_296_enableAuth	1510228689538	1510228695322	OK	 
REQUEST	enableAuth	1		resource_try_test_realm_296_test_client_create	1510228695323	1510228699899	OK	 
REQUEST	enableAuth	1		client_try_test_realm_297_test_client_set	1510228699900	1510228707123	KO	jsonPath($[?(@.clientId=='test_client')].id).find.exists, found nothing
REQUEST	enableAuth	1		client_try_test_realm_297_test_client_create	1510228707124	1510228711748	OK	 
REQUEST	enableAuth	1		client_try_test_realm_297_enableAuth	1510228711749	1510228717745	OK	 
REQUEST	enableAuth	1		resource_try_test_realm_297_test_client_create	1510228717746	1510228722475	OK	 
REQUEST	enableAuth	1		client_try_test_realm_301_test_client_set	1510228722476	1510228730022	KO	jsonPath($[?(@.clientId=='test_client')].id).find.exists, found nothing
REQUEST	enableAuth	1		client_try_test_realm_301_test_client_create	1510228730024	1510228734972	OK	 
REQUEST	enableAuth	1		client_try_test_realm_301_enableAuth	1510228734974	1510228740806	OK	 
REQUEST	enableAuth	1		resource_try_test_realm_301_test_client_create	1510228740807	1510228745442	OK	 
REQUEST	enableAuth	1		client_try_test_realm_303_test_client_set	1510228745442	1510228752747	KO	jsonPath($[?(@.clientId=='test_client')].id).find.exists, found nothing
REQUEST	enableAuth	1		client_try_test_realm_303_test_client_create	1510228752749	1510228757543	OK	 
REQUEST	enableAuth	1		client_try_test_realm_303_enableAuth	1510228757544	1510228763599	OK	 
REQUEST	enableAuth	1		resource_try_test_realm_303_test_client_create	1510228763600	1510228769231	OK	 
REQUEST	enableAuth	1		client_try_test_realm_311_test_client_set	1510228769231	1510228779468	KO	jsonPath($[?(@.clientId=='test_client')].id).find.exists, found nothing
REQUEST	enableAuth	1		client_try_test_realm_311_test_client_create	1510228779469	1510228784666	OK	 
REQUEST	enableAuth	1		client_try_test_realm_311_enableAuth	1510228784667	1510228791424	OK	 
REQUEST	enableAuth	1		resource_try_test_realm_311_test_client_create	1510228791425	1510228797050	OK	 
REQUEST	enableAuth	1		client_try_test_realm_313_test_client_set	1510228797050	1510228804663	KO	jsonPath($[?(@.clientId=='test_client')].id).find.exists, found nothing
REQUEST	enableAuth	1		client_try_test_realm_313_test_client_create	1510228804665	1510228809496	OK	 
REQUEST	enableAuth	1		client_try_test_realm_313_enableAuth	1510228809497	1510228815396	OK	 
REQUEST	enableAuth	1		resource_try_test_realm_313_test_client_create	1510228815396	1510228820139	OK	 
REQUEST	enableAuth	1		client_try_test_realm_314_test_client_set	1510228820140	1510228827791	KO	jsonPath($[?(@.clientId=='test_client')].id).find.exists, found nothing
REQUEST	enableAuth	1		client_try_test_realm_314_test_client_create	1510228827792	1510228832733	OK	 
REQUEST	enableAuth	1		client_try_test_realm_314_enableAuth	1510228832735	1510228838543	OK	 
REQUEST	enableAuth	1		resource_try_test_realm_314_test_client_create	1510228838544	1510228843323	OK	 
REQUEST	enableAuth	1		client_try_test_realm_315_test_client_set	1510228843324	1510228850657	KO	jsonPath($[?(@.clientId=='test_client')].id).find.exists, found nothing
REQUEST	enableAuth	1		client_try_test_realm_315_test_client_create	1510228850663	1510228855376	OK	 
REQUEST	enableAuth	1		client_try_test_realm_315_enableAuth	1510228855377	1510228861378	OK	 
REQUEST	enableAuth	1		resource_try_test_realm_315_test_client_create	1510228861379	1510228866056	OK	 
REQUEST	enableAuth	1		client_try_test_realm_321_test_client_set	1510228866056	1510228873650	KO	jsonPath($[?(@.clientId=='test_client')].id).find.exists, found nothing
REQUEST	enableAuth	1		client_try_test_realm_321_test_client_create	1510228873651	1510228878360	OK	 
REQUEST	enableAuth	1		client_try_test_realm_321_enableAuth	1510228878361	1510228884173	OK	 
REQUEST	enableAuth	1		resource_try_test_realm_321_test_client_create	1510228884173	1510228889000	OK	 
REQUEST	enableAuth	1		client_try_test_realm_324_test_client_set	1510228889001	1510228896449	KO	jsonPath($[?(@.clientId=='test_client')].id).find.exists, found nothing
REQUEST	enableAuth	1		client_try_test_realm_324_test_client_create	1510228896451	1510228901309	OK	 
REQUEST	enableAuth	1		client_try_test_realm_324_enableAuth	1510228901310	1510228907192	OK	 
REQUEST	enableAuth	1		resource_try_test_realm_324_test_client_create	1510228907192	1510228911922	OK	 
REQUEST	enableAuth	1		client_try_test_realm_325_test_client_set	1510228911922	1510228919324	KO	jsonPath($[?(@.clientId=='test_client')].id).find.exists, found nothing
REQUEST	enableAuth	1		client_try_test_realm_325_test_client_create	1510228919326	1510228923932	OK	 
REQUEST	enableAuth	1		client_try_test_realm_325_enableAuth	1510228923933	1510228929658	OK	 
REQUEST	enableAuth	1		resource_try_test_realm_325_test_client_create	1510228929658	1510228934460	OK	 
REQUEST	enableAuth	1		client_try_test_realm_331_test_client_set	1510228934461	1510228941696	KO	jsonPath($[?(@.clientId=='test_client')].id).find.exists, found nothing
REQUEST	enableAuth	1		client_try_test_realm_331_test_client_create	1510228941698	1510228946432	OK	 
REQUEST	enableAuth	1		client_try_test_realm_331_enableAuth	1510228946433	1510228952209	OK	 
REQUEST	enableAuth	1		resource_try_test_realm_331_test_client_create	1510228952209	1510228956803	OK	 
REQUEST	enableAuth	1		client_try_test_realm_332_test_client_set	1510228956804	1510228964375	KO	jsonPath($[?(@.clientId=='test_client')].id).find.exists, found nothing
REQUEST	enableAuth	1		client_try_test_realm_332_test_client_create	1510228964376	1510228968993	OK	 
REQUEST	enableAuth	1		client_try_test_realm_332_enableAuth	1510228968994	1510228974693	OK	 
REQUEST	enableAuth	1		resource_try_test_realm_332_test_client_create	1510228974694	1510228979319	OK	 
REQUEST	enableAuth	1		client_try_test_realm_335_test_client_set	1510228979319	1510228986885	KO	jsonPath($[?(@.clientId=='test_client')].id).find.exists, found nothing
REQUEST	enableAuth	1		client_try_test_realm_335_test_client_create	1510228986886	1510228991642	OK	 
REQUEST	enableAuth	1		client_try_test_realm_335_enableAuth	1510228991643	1510228997598	OK	 
REQUEST	enableAuth	1		resource_try_test_realm_335_test_client_create	1510228997599	1510229002352	OK	 
REQUEST	enableAuth	1		client_try_test_realm_336_test_client_set	1510229002352	1510229009617	KO	jsonPath($[?(@.clientId=='test_client')].id).find.exists, found nothing
REQUEST	enableAuth	1		client_try_test_realm_336_test_client_create	1510229009619	1510229014391	OK	 
REQUEST	enableAuth	1		client_try_test_realm_336_enableAuth	1510229014392	1510229020068	OK	 
REQUEST	enableAuth	1		resource_try_test_realm_336_test_client_create	1510229020068	1510229024637	OK	 
REQUEST	enableAuth	1		client_try_test_realm_337_test_client_set	1510229024638	1510229032118	KO	jsonPath($[?(@.clientId=='test_client')].id).find.exists, found nothing
REQUEST	enableAuth	1		client_try_test_realm_337_test_client_create	1510229032119	1510229036947	OK	 
REQUEST	enableAuth	1		client_try_test_realm_337_enableAuth	1510229036948	1510229042641	OK	 
REQUEST	enableAuth	1		resource_try_test_realm_337_test_client_create	1510229042642	1510229047344	OK	 
REQUEST	enableAuth	1		client_try_test_realm_338_test_client_set	1510229047345	1510229054742	KO	jsonPath($[?(@.clientId=='test_client')].id).find.exists, found nothing
REQUEST	enableAuth	1		client_try_test_realm_338_test_client_create	1510229054744	1510229059404	OK	 
REQUEST	enableAuth	1		client_try_test_realm_338_enableAuth	1510229059405	1510229065309	OK	 
REQUEST	enableAuth	1		resource_try_test_realm_338_test_client_create	1510229065309	1510229070011	OK	 
REQUEST	enableAuth	1		client_try_test_realm_341_test_client_set	1510229070012	1510229079225	KO	jsonPath($[?(@.clientId=='test_client')].id).find.exists, found nothing
REQUEST	enableAuth	1		client_try_test_realm_341_test_client_create	1510229079226	1510229084133	OK	 
REQUEST	enableAuth	1		client_try_test_realm_341_enableAuth	1510229084134	1510229084880	OK	 
REQUEST	enableAuth	1		resource_try_test_realm_341_test_client_create	1510229084881	1510229090777	OK	 
REQUEST	enableAuth	1		client_try_test_realm_343_test_client_set	1510229090777	1510229096172	KO	jsonPath($[?(@.clientId=='test_client')].id).find.exists, found nothing
REQUEST	enableAuth	1		client_try_test_realm_343_test_client_create	1510229096173	1510229100777	OK	 
REQUEST	enableAuth	1		client_try_test_realm_343_enableAuth	1510229100778	1510229106665	OK	 
REQUEST	enableAuth	1		resource_try_test_realm_343_test_client_create	1510229106665	1510229110731	OK	 
REQUEST	enableAuth	1		client_try_test_realm_344_test_client_set	1510229110731	1510229115804	KO	jsonPath($[?(@.clientId=='test_client')].id).find.exists, found nothing
REQUEST	enableAuth	1		client_try_test_realm_344_test_client_create	1510229115809	1510229120358	OK	 
REQUEST	enableAuth	1		client_try_test_realm_344_enableAuth	1510229120359	1510229121141	OK	 
REQUEST	enableAuth	1		resource_try_test_realm_344_test_client_create	1510229121142	1510229121223	OK	 
REQUEST	enableAuth	1		client_try_test_realm_346_test_client_set	1510229121224	1510229126887	KO	jsonPath($[?(@.clientId=='test_client')].id).find.exists, found nothing
REQUEST	enableAuth	1		client_try_test_realm_346_test_client_create	1510229126889	1510229131716	OK	 
REQUEST	enableAuth	1		client_try_test_realm_346_enableAuth	1510229131717	1510229132424	OK	 
REQUEST	enableAuth	1		resource_try_test_realm_346_test_client_create	1510229132425	1510229132696	OK	 
REQUEST	enableAuth	1		client_try_test_realm_347_test_client_set	1510229132697	1510229138608	KO	jsonPath($[?(@.clientId=='test_client')].id).find.exists, found nothing
REQUEST	enableAuth	1		client_try_test_realm_347_test_client_create	1510229138609	1510229143055	OK	 
REQUEST	enableAuth	1		client_try_test_realm_347_enableAuth	1510229143056	1510229143884	OK	 
REQUEST	enableAuth	1		resource_try_test_realm_347_test_client_create	1510229143885	1510229149839	OK	 
REQUEST	enableAuth	1		client_try_test_realm_348_test_client_set	1510229149839	1510229155393	KO	jsonPath($[?(@.clientId=='test_client')].id).find.exists, found nothing
REQUEST	enableAuth	1		client_try_test_realm_348_test_client_create	1510229155395	1510229160173	OK	 
REQUEST	enableAuth	1		client_try_test_realm_348_enableAuth	1510229160175	1510229160852	OK	 
REQUEST	enableAuth	1		resource_try_test_realm_348_test_client_create	1510229160852	1510229161133	OK	 
REQUEST	enableAuth	1		client_try_test_realm_351_test_client_set	1510229161133	1510229161616	KO	jsonPath($[?(@.clientId=='test_client')].id).find.exists, found nothing
REQUEST	enableAuth	1		client_try_test_realm_351_test_client_create	1510229161617	1510229167361	OK	 
REQUEST	enableAuth	1		client_try_test_realm_351_enableAuth	1510229167362	1510229173148	OK	 
REQUEST	enableAuth	1		resource_try_test_realm_351_test_client_create	1510229173149	1510229177050	OK	 
REQUEST	enableAuth	1		client_try_test_realm_353_test_client_set	1510229177050	1510229182512	KO	jsonPath($[?(@.clientId=='test_client')].id).find.exists, found nothing
REQUEST	enableAuth	1		client_try_test_realm_353_test_client_create	1510229182514	1510229188206	OK	 
REQUEST	enableAuth	1		client_try_test_realm_353_enableAuth	1510229188207	1510229193984	OK	 
REQUEST	enableAuth	1		resource_try_test_realm_353_test_client_create	1510229193984	1510229197859	OK	 
REQUEST	enableAuth	1		client_try_test_realm_357_test_client_set	1510229197860	1510229202833	KO	jsonPath($[?(@.clientId=='test_client')].id).find.exists, found nothing
REQUEST	enableAuth	1		client_try_test_realm_357_test_client_create	1510229202834	1510229208589	OK	 
REQUEST	enableAuth	1		client_try_test_realm_357_enableAuth	1510229208590	1510229214476	OK	 
REQUEST	enableAuth	1		resource_try_test_realm_357_test_client_create	1510229214477	1510229218493	OK	 
REQUEST	enableAuth	1		client_try_test_realm_358_test_client_set	1510229218494	1510229224302	KO	jsonPath($[?(@.clientId=='test_client')].id).find.exists, found nothing
REQUEST	enableAuth	1		client_try_test_realm_358_test_client_create	1510229224307	1510229229995	OK	 
REQUEST	enableAuth	1		client_try_test_realm_358_enableAuth	1510229229995	1510229235957	OK	 
REQUEST	enableAuth	1		resource_try_test_realm_358_test_client_create	1510229235958	1510229239765	OK	 
REQUEST	enableAuth	1		client_try_test_realm_361_test_client_set	1510229239765	1510229244863	KO	jsonPath($[?(@.clientId=='test_client')].id).find.exists, found nothing
REQUEST	enableAuth	1		client_try_test_realm_361_test_client_create	1510229244865	1510229250686	OK	 
REQUEST	enableAuth	1		client_try_test_realm_361_enableAuth	1510229250687	1510229256459	OK	 
REQUEST	enableAuth	1		resource_try_test_realm_361_test_client_create	1510229256459	1510229260222	OK	 
REQUEST	enableAuth	1		client_try_test_realm_363_test_client_set	1510229260223	1510229268404	KO	jsonPath($[?(@.clientId=='test_client')].id).find.exists, found nothing
REQUEST	enableAuth	1		client_try_test_realm_363_test_client_create	1510229268406	1510229268697	OK	 
REQUEST	enableAuth	1		client_try_test_realm_363_enableAuth	1510229268698	1510229269366	OK	 
REQUEST	enableAuth	1		resource_try_test_realm_363_test_client_create	1510229269367	1510229273964	OK	 
REQUEST	enableAuth	1		client_try_test_realm_365_test_client_set	1510229273964	1510229279467	KO	jsonPath($[?(@.clientId=='test_client')].id).find.exists, found nothing
REQUEST	enableAuth	1		client_try_test_realm_365_test_client_create	1510229279469	1510229284152	OK	 
REQUEST	enableAuth	1		client_try_test_realm_365_enableAuth	1510229284153	1510229284856	OK	 
REQUEST	enableAuth	1		resource_try_test_realm_365_test_client_create	1510229284857	1510229285132	OK	 
REQUEST	enableAuth	1		client_try_test_realm_366_test_client_set	1510229285132	1510229285602	KO	jsonPath($[?(@.clientId=='test_client')].id).find.exists, found nothing
REQUEST	enableAuth	1		client_try_test_realm_366_test_client_create	1510229285604	1510229291415	OK	 
REQUEST	enableAuth	1		client_try_test_realm_366_enableAuth	1510229291415	1510229297430	OK	 
REQUEST	enableAuth	1		resource_try_test_realm_366_test_client_create	1510229297431	1510229301149	OK	 
REQUEST	enableAuth	1		client_try_test_realm_371_test_client_set	1510229301149	1510229306070	KO	jsonPath($[?(@.clientId=='test_client')].id).find.exists, found nothing
REQUEST	enableAuth	1		client_try_test_realm_371_test_client_create	1510229306071	1510229311928	OK	 
REQUEST	enableAuth	1		client_try_test_realm_371_enableAuth	1510229311929	1510229317858	OK	 
REQUEST	enableAuth	1		resource_try_test_realm_371_test_client_create	1510229317859	1510229321687	OK	 
REQUEST	enableAuth	1		client_try_test_realm_381_test_client_set	1510229321688	1510229328664	KO	jsonPath($[?(@.clientId=='test_client')].id).find.exists, found nothing
REQUEST	enableAuth	1		client_try_test_realm_381_test_client_create	1510229328666	1510229328837	OK	 
REQUEST	enableAuth	1		client_try_test_realm_381_enableAuth	1510229328838	1510229330246	OK	 
REQUEST	enableAuth	1		resource_try_test_realm_381_test_client_create	1510229330247	1510229336008	OK	 
REQUEST	enableAuth	1		client_try_test_realm_383_test_client_set	1510229336009	1510229341926	KO	jsonPath($[?(@.clientId=='test_client')].id).find.exists, found nothing
REQUEST	enableAuth	1		client_try_test_realm_383_test_client_create	1510229341928	1510229347630	OK	 
REQUEST	enableAuth	1		client_try_test_realm_383_enableAuth	1510229347631	1510229353380	OK	 
REQUEST	enableAuth	1		resource_try_test_realm_383_test_client_create	1510229353381	1510229357373	OK	 
REQUEST	enableAuth	1		client_try_test_realm_391_test_client_set	1510229357373	1510229362370	KO	jsonPath($[?(@.clientId=='test_client')].id).find.exists, found nothing
REQUEST	enableAuth	1		client_try_test_realm_391_test_client_create	1510229362371	1510229368128	OK	 
REQUEST	enableAuth	1		client_try_test_realm_391_enableAuth	1510229368128	1510229373998	OK	 
REQUEST	enableAuth	1		resource_try_test_realm_391_test_client_create	1510229373999	1510229377980	OK	 
REQUEST	enableAuth	1		client_try_test_realm_393_test_client_set	1510229377980	1510229382901	KO	jsonPath($[?(@.clientId=='test_client')].id).find.exists, found nothing
REQUEST	enableAuth	1		client_try_test_realm_393_test_client_create	1510229382902	1510229388771	OK	 
REQUEST	enableAuth	1		client_try_test_realm_393_enableAuth	1510229388772	1510229394473	OK	 
REQUEST	enableAuth	1		resource_try_test_realm_393_test_client_create	1510229394473	1510229398272	OK	 
REQUEST	enableAuth	1		client_try_test_realm_394_test_client_set	1510229398273	1510229403817	KO	jsonPath($[?(@.clientId=='test_client')].id).find.exists, found nothing
REQUEST	enableAuth	1		client_try_test_realm_394_test_client_create	1510229403819	1510229409827	OK	 
REQUEST	enableAuth	1		client_try_test_realm_394_enableAuth	1510229409828	1510229416207	OK	 
REQUEST	enableAuth	1		resource_try_test_realm_394_test_client_create	1510229416208	1510229420201	OK	 
REQUEST	enableAuth	1		client_try_test_realm_395_test_client_set	1510229420201	1510229426047	KO	jsonPath($[?(@.clientId=='test_client')].id).find.exists, found nothing
REQUEST	enableAuth	1		client_try_test_realm_395_test_client_create	1510229426049	1510229431893	OK	 
REQUEST	enableAuth	1		client_try_test_realm_395_enableAuth	1510229431894	1510229437725	OK	 
REQUEST	enableAuth	1		resource_try_test_realm_395_test_client_create	1510229437726	1510229441708	OK	 
USER	enableAuth	1	END	1510228044065	1510229441710
